[2026-04-22 21:03:51,234] INFO momentum.FeatureEngineering.strategy_registry: ✅ 成功註冊 EMAExtractor
============================= test session starts ==============================
platform darwin -- Python 3.9.6, pytest-8.4.2, pluggy-1.6.0
rootdir: /Users/louis/Desktop/quantitative_trading_system
configfile: pytest.ini
plugins: asyncio-1.2.0, anyio-4.10.0, cov-7.0.0
asyncio: mode=strict, debug=False, asyncio_default_fixture_loop_scope=None, asyncio_default_test_loop_scope=function

----------------------------- live log collection ------------------------------
21:03:51 [INFO] ✅ 成功註冊 EMAExtractor
21:03:59 [INFO] 所有中間件已設置完成
21:03:59 [INFO] 異常處理器設置完成
21:03:59 [INFO] StandaloneSearchService initialized - momentum modules will be loaded on demand
21:03:59 [INFO] CaseStorageManager initialized (persistent=True, json_path=/Users/louis/Desktop/quantitative_trading_system/data_cache/cases.json, cases=0)
21:03:59 [INFO] Created global CaseStorageManager instance
21:03:59 [INFO] CaseImportService initialized
21:03:59 [INFO] Created global CaseImportService instance with shared storage
21:03:59 [INFO] KlineStorageManager initialized: /Users/louis/Desktop/quantitative_trading_system/data_cache/kline_cache.h5
21:03:59 [INFO] KlineDownloadService initialized
21:03:59 [INFO] Rate limiter initialized: 1000 req/min
21:03:59 [INFO] BinanceProvider initialized
21:03:59 [INFO] Registered provider: binance (rate_limit=1000/min)
21:03:59 [INFO] Registered BinanceProvider to KlineDownloadService
21:03:59 [INFO] BatchDownloadService initialized
21:03:59 [INFO] Created global BatchDownloadService instance with shared storage
21:03:59 [INFO] KlineStorageManager initialized: data_cache/kline_cache.h5
21:03:59 [INFO] KlineDownloadService initialized
21:04:00 [INFO] Rate limiter initialized: 1000 req/min
21:04:00 [INFO] BinanceProvider initialized
21:04:00 [INFO] Registered provider: binance (rate_limit=1000/min)
21:04:00 [INFO] KlineStorageManager initialized: data_cache/kline_cache.h5
21:04:00 [INFO] IndicatorEngine initialized
21:04:00 [INFO] ChartDataService initialized with IndicatorEngine
21:04:00 [INFO] OptimizationTaskService initialized
21:04:00 [INFO] Loaded feature registry with 213 entries
21:04:00 [INFO] Loaded feature registry with 213 entries
21:04:01 [INFO] KlineStorageManager initialized: /Users/louis/Desktop/quantitative_trading_system/data_cache/feature_klines/kline_cache.h5
21:04:01 [INFO] Registered adapter: crypto_spot
21:04:01 [INFO] Loaded feature registry with 213 entries
21:04:02 [INFO] Loaded feature registry with 213 entries
21:04:02 [INFO] Loaded feature registry with 213 entries
21:04:03 [INFO] Loaded feature registry with 213 entries
21:04:03 [INFO] WebSocketConnectionManager initialized
21:04:04 [INFO] All API routes registered successfully
21:04:06 [INFO] 使用數據源 'close' 計算 EMA 特徵
21:04:06 [INFO] 使用數據源 'volume' 計算 EMA 特徵
21:04:06 [INFO] 使用數據源 'taker_ratio' 計算 EMA 特徵
21:04:07 [WARNING] Indicator 'ema' already registered, skipping overwrite
21:04:07 [INFO] Registered functional indicator: 'ema' -> EMAIndicator (calculate_fn=calculate_ema, validate_fn=validate_ema_params)
21:04:07 [INFO] KlineStorageManager initialized: data_cache/kline_cache.h5
21:04:07 [INFO] IndicatorEngine initialized
21:04:07 [WARNING] Data length (3) < period (20), returning all NaN
21:04:07 [INFO] Loading strategies from /Users/louis/Desktop/quantitative_trading_system/config/strategies.yaml
21:04:07 [INFO] Loaded strategy: three_line (三線排列)
21:04:07 [INFO] Loaded strategy: short_long_cross (短長交叉)
21:04:07 [INFO] Loaded strategy: mid_long_cross (中長交叉)
21:04:07 [INFO] Strategy registry initialized with 3 strategies
21:04:08 [INFO] 開始訓練 XGBoost 模型 - 樣本數: 100, 特徵數: 5
21:04:08 [INFO] 標籤分佈: {0: 50, 1: 50}
21:04:08 [INFO] 訓練集: 80 樣本, 驗證集: 20 樣本
21:04:08 [INFO] 開始交叉驗證 - 5-fold CV
21:04:08 [INFO] Fold 1/5 - AUC: 0.6400, Precision: 0.5385, Recall: 0.7000, F1: 0.6087
21:04:09 [INFO] Fold 2/5 - AUC: 0.6500, Precision: 0.6667, Recall: 0.6000, F1: 0.6316
21:04:09 [INFO] Fold 3/5 - AUC: 0.2700, Precision: 0.4000, Recall: 0.6000, F1: 0.4800
21:04:09 [INFO] Fold 4/5 - AUC: 0.4600, Precision: 0.6000, Recall: 0.6000, F1: 0.6000
21:04:09 [INFO] Fold 5/5 - AUC: 0.5000, Precision: 0.6000, Recall: 0.3000, F1: 0.4000
21:04:09 [INFO] 校準指標 - Brier: 0.2480, ECE: 0.0908, 品質: fair
21:04:09 [INFO] 交叉驗證完成 - Train AUC: 0.6140, CV AUC: 0.5040 ± 0.1389, Overfitting: 0.1100
21:04:09 [INFO] 訓練完成 - Train AUC: 0.6125, CV AUC: 0.5040 ± 0.1389
21:04:09 [INFO] 開始訓練 XGBoost 模型 - 樣本數: 100, 特徵數: 5
21:04:09 [INFO] 標籤分佈: {0: 50, 1: 50}
21:04:09 [INFO] 訓練集: 80 樣本, 驗證集: 20 樣本
21:04:09 [INFO] 開始交叉驗證 - 5-fold CV
21:04:10 [INFO] Fold 1/5 - AUC: 0.6400, Precision: 0.5385, Recall: 0.7000, F1: 0.6087
21:04:10 [INFO] Fold 2/5 - AUC: 0.6500, Precision: 0.6667, Recall: 0.6000, F1: 0.6316
21:04:10 [INFO] Fold 3/5 - AUC: 0.2700, Precision: 0.4000, Recall: 0.6000, F1: 0.4800
21:04:11 [INFO] Fold 4/5 - AUC: 0.4600, Precision: 0.6000, Recall: 0.6000, F1: 0.6000
21:04:11 [INFO] Fold 5/5 - AUC: 0.5000, Precision: 0.6000, Recall: 0.3000, F1: 0.4000
21:04:11 [INFO] 校準指標 - Brier: 0.2480, ECE: 0.0908, 品質: fair
21:04:11 [INFO] 交叉驗證完成 - Train AUC: 0.6140, CV AUC: 0.5040 ± 0.1389, Overfitting: 0.1100
21:04:11 [INFO] 訓練完成 - Train AUC: 0.6125, CV AUC: 0.5040 ± 0.1389
collected 2028 items / 19 deselected / 2009 selected

tests/analysis/test_api_endpoints.py::TestCalculateSignalDensityEndpoint::test_endpoint_exists 
-------------------------------- live log call ---------------------------------
21:04:12 [INFO] [a93192e6] Started POST /api/v1/signal-analysis/density from testclient
21:04:12 [INFO] KlineStorageManager initialized: /Users/louis/Desktop/quantitative_trading_system/data_cache/kline_cache.h5
21:04:12 [INFO] KlineStorageManager initialized: data_cache/kline_cache.h5
21:04:12 [INFO] IndicatorEngine initialized
21:04:12 [INFO] SignalAnalysisService initialized
21:04:12 [WARNING] Validation error: [{'type': 'missing', 'loc': ('body', 'strategy_config'), 'msg': 'Field required', 'input': {}}, {'type': 'missing', 'loc': ('body', 'training_window'), 'msg': 'Field required', 'input': {}}, {'type': 'missing', 'loc': ('body', 'positive_cases'), 'msg': 'Field required', 'input': {}}, {'type': 'missing', 'loc': ('body', 'negative_cases'), 'msg': 'Field required', 'input': {}}]
21:04:12 [WARNING] POST /api/v1/signal-analysis/density - 422 - 0.007s
21:04:12 [INFO] [a93192e6] Completed POST /api/v1/signal-analysis/density - 422 - 0.007s
21:04:12 [INFO] HTTP Request: POST http://testserver/api/v1/signal-analysis/density "HTTP/1.1 422 Unprocessable Entity"
PASSED                                                                   [  0%]
tests/analysis/test_api_endpoints.py::TestCalculateSignalDensityEndpoint::test_request_validation_missing_fields 
-------------------------------- live log call ---------------------------------
21:04:12 [INFO] [4558be87] Started POST /api/v1/signal-analysis/density from testclient
21:04:12 [WARNING] Validation error: [{'type': 'missing', 'loc': ('body', 'strategy_config'), 'msg': 'Field required', 'input': {}}, {'type': 'missing', 'loc': ('body', 'training_window'), 'msg': 'Field required', 'input': {}}, {'type': 'missing', 'loc': ('body', 'positive_cases'), 'msg': 'Field required', 'input': {}}, {'type': 'missing', 'loc': ('body', 'negative_cases'), 'msg': 'Field required', 'input': {}}]
21:04:12 [WARNING] POST /api/v1/signal-analysis/density - 422 - 0.004s
21:04:12 [INFO] [4558be87] Completed POST /api/v1/signal-analysis/density - 422 - 0.004s
21:04:12 [INFO] HTTP Request: POST http://testserver/api/v1/signal-analysis/density "HTTP/1.1 422 Unprocessable Entity"
PASSED                                                                   [  0%]
tests/analysis/test_api_endpoints.py::TestCalculateSignalDensityEndpoint::test_request_validation_invalid_types 
-------------------------------- live log call ---------------------------------
21:04:12 [INFO] [f9c62f80] Started POST /api/v1/signal-analysis/density from testclient
21:04:12 [WARNING] Validation error: [{'type': 'value_error', 'loc': ('body', 'strategy_config', 'params'), 'msg': 'Value error, short_period 必須為數值', 'input': {'short_period': 'not_a_number'}, 'ctx': {'error': ValueError('short_period 必須為數值')}}]
21:04:12 [WARNING] POST /api/v1/signal-analysis/density - 422 - 0.004s
21:04:12 [INFO] [f9c62f80] Completed POST /api/v1/signal-analysis/density - 422 - 0.004s
21:04:12 [INFO] HTTP Request: POST http://testserver/api/v1/signal-analysis/density "HTTP/1.1 422 Unprocessable Entity"
PASSED                                                                   [  0%]
tests/analysis/test_api_endpoints.py::TestCalculateSignalDensityEndpoint::test_request_validation_invalid_enum 
-------------------------------- live log call ---------------------------------
21:04:12 [INFO] [ac919dd1] Started POST /api/v1/signal-analysis/density from testclient
21:04:12 [WARNING] Validation error: [{'type': 'literal_error', 'loc': ('body', 'training_window', 'reference_point'), 'msg': "Input should be 'TO', 'TC' or 'custom'", 'input': 'INVALID', 'ctx': {'expected': "'TO', 'TC' or 'custom'"}}]
21:04:12 [WARNING] POST /api/v1/signal-analysis/density - 422 - 0.004s
21:04:12 [INFO] [ac919dd1] Completed POST /api/v1/signal-analysis/density - 422 - 0.004s
21:04:12 [INFO] HTTP Request: POST http://testserver/api/v1/signal-analysis/density "HTTP/1.1 422 Unprocessable Entity"
PASSED                                                                   [  0%]
tests/analysis/test_api_endpoints.py::TestCalculateSignalDensityEndpoint::test_request_validation_negative_lookback 
-------------------------------- live log call ---------------------------------
21:04:12 [INFO] [7c40e0d5] Started POST /api/v1/signal-analysis/density from testclient
21:04:12 [WARNING] Validation error: [{'type': 'greater_than_equal', 'loc': ('body', 'training_window', 'lookback_bars'), 'msg': 'Input should be greater than or equal to 1', 'input': -100, 'ctx': {'ge': 1}}]
21:04:12 [WARNING] POST /api/v1/signal-analysis/density - 422 - 0.004s
21:04:12 [INFO] [7c40e0d5] Completed POST /api/v1/signal-analysis/density - 422 - 0.004s
21:04:12 [INFO] HTTP Request: POST http://testserver/api/v1/signal-analysis/density "HTTP/1.1 422 Unprocessable Entity"
PASSED                                                                   [  0%]
tests/analysis/test_api_endpoints.py::TestCalculateSignalDensityEndpoint::test_business_logic_validation_unregistered_indicator 
-------------------------------- live log call ---------------------------------
21:04:12 [INFO] [13d37257] Started POST /api/v1/signal-analysis/density from testclient
21:04:12 [INFO] POST /api/v1/signal-analysis/density: strategy=three_line, positive=1, negative=1
21:04:12 [ERROR] 參數驗證失敗: 未註冊的指標: nonexistent_indicator. 可用指標: ema
21:04:12 [WARNING] HTTP 400: 未註冊的指標: nonexistent_indicator. 可用指標: ema
21:04:12 [WARNING] POST /api/v1/signal-analysis/density - 400 - 0.004s
21:04:12 [INFO] [13d37257] Completed POST /api/v1/signal-analysis/density - 400 - 0.004s
21:04:12 [INFO] HTTP Request: POST http://testserver/api/v1/signal-analysis/density "HTTP/1.1 400 Bad Request"
PASSED                                                                   [  0%]
tests/analysis/test_api_endpoints.py::TestCalculateSignalDensityEndpoint::test_business_logic_validation_nonexistent_cases 
-------------------------------- live log call ---------------------------------
21:04:12 [INFO] [34a29e32] Started POST /api/v1/signal-analysis/density from testclient
21:04:12 [INFO] POST /api/v1/signal-analysis/density: strategy=three_line, positive=1, negative=1
21:04:12 [INFO] [DEBUG] 信號密度分析輸入參數:
  - positive_cases: ['ABSOLUTELY_NONEXISTENT']... (共1個)
  - negative_cases: ['ALSO_NONEXISTENT']... (共1個)
  - training_window: near=240, far=None, ref=TO, mode=relative
  - strategy_config: data_source=close, indicator=ema, logic=three_line, params={'short_period': 20, 'mid_period': 60, 'long_period': 120}
21:04:12 [WARNING] 正例案例不存在: ABSOLUTELY_NONEXISTENT
21:04:12 [WARNING] 反例案例不存在: ALSO_NONEXISTENT
21:04:12 [ERROR] 數據不存在: 正例案例載入不足: 需要至少1個,實際載入0個。請求1個,缺失2個
21:04:12 [WARNING] HTTP 404: 正例案例載入不足: 需要至少1個,實際載入0個。請求1個,缺失2個
21:04:12 [WARNING] POST /api/v1/signal-analysis/density - 404 - 0.004s
21:04:12 [INFO] [34a29e32] Completed POST /api/v1/signal-analysis/density - 404 - 0.004s
21:04:12 [INFO] HTTP Request: POST http://testserver/api/v1/signal-analysis/density "HTTP/1.1 404 Not Found"
PASSED                                                                   [  0%]
tests/analysis/test_api_endpoints.py::TestCalculateSignalDensityEndpoint::test_response_schema_validation 
-------------------------------- live log call ---------------------------------
21:04:12 [INFO] [7de80ef9] Started POST /api/v1/signal-analysis/density from testclient
21:04:12 [INFO] POST /api/v1/signal-analysis/density: strategy=three_line, positive=2, negative=2
21:04:12 [INFO] [DEBUG] 信號密度分析輸入參數:
  - positive_cases: ['test1', 'test2']... (共2個)
  - negative_cases: ['test3', 'test4']... (共2個)
  - training_window: near=240, far=None, ref=TO, mode=relative
  - strategy_config: data_source=close, indicator=ema, logic=three_line, params={'short_period': 20, 'mid_period': 60, 'long_period': 120}
21:04:12 [WARNING] 正例案例不存在: test1
21:04:12 [WARNING] 正例案例不存在: test2
21:04:12 [WARNING] 反例案例不存在: test3
21:04:12 [WARNING] 反例案例不存在: test4
21:04:12 [ERROR] 數據不存在: 正例案例載入不足: 需要至少1個,實際載入0個。請求2個,缺失4個
21:04:12 [WARNING] HTTP 404: 正例案例載入不足: 需要至少1個,實際載入0個。請求2個,缺失4個
21:04:12 [WARNING] POST /api/v1/signal-analysis/density - 404 - 0.005s
21:04:12 [INFO] [7de80ef9] Completed POST /api/v1/signal-analysis/density - 404 - 0.005s
21:04:12 [INFO] HTTP Request: POST http://testserver/api/v1/signal-analysis/density "HTTP/1.1 404 Not Found"
PASSED                                                                   [  0%]
tests/analysis/test_api_endpoints.py::TestPreviewTrainingWindowEndpoint::test_endpoint_exists 
-------------------------------- live log call ---------------------------------
21:04:12 [INFO] [4ef23506] Started POST /api/v1/signal-analysis/preview-window from testclient
21:04:12 [WARNING] Validation error: [{'type': 'missing', 'loc': ('body', 'case_id'), 'msg': 'Field required', 'input': {}}, {'type': 'missing', 'loc': ('body', 'window_config'), 'msg': 'Field required', 'input': {}}]
21:04:12 [WARNING] POST /api/v1/signal-analysis/preview-window - 422 - 0.012s
21:04:12 [INFO] [4ef23506] Completed POST /api/v1/signal-analysis/preview-window - 422 - 0.012s
21:04:12 [INFO] HTTP Request: POST http://testserver/api/v1/signal-analysis/preview-window "HTTP/1.1 422 Unprocessable Entity"
PASSED                                                                   [  0%]
tests/analysis/test_api_endpoints.py::TestPreviewTrainingWindowEndpoint::test_preview_missing_case_id 
-------------------------------- live log call ---------------------------------
21:04:12 [INFO] [fe32249e] Started POST /api/v1/signal-analysis/preview-window from testclient
21:04:12 [WARNING] Validation error: [{'type': 'missing', 'loc': ('body', 'case_id'), 'msg': 'Field required', 'input': {'window_config': {'reference_point': 'TO', 'lookback_bars': 240, 'lookforward_bars': 0, 'mode': 'relative'}}}]
21:04:12 [WARNING] POST /api/v1/signal-analysis/preview-window - 422 - 0.004s
21:04:12 [INFO] [fe32249e] Completed POST /api/v1/signal-analysis/preview-window - 422 - 0.004s
21:04:12 [INFO] HTTP Request: POST http://testserver/api/v1/signal-analysis/preview-window "HTTP/1.1 422 Unprocessable Entity"
PASSED                                                                   [  0%]
tests/analysis/test_api_endpoints.py::TestPreviewTrainingWindowEndpoint::test_preview_nonexistent_case 
-------------------------------- live log call ---------------------------------
21:04:12 [INFO] [cebf7861] Started POST /api/v1/signal-analysis/preview-window from testclient
21:04:12 [INFO] POST /api/v1/signal-analysis/preview-window: case_id=NONEXISTENT_CASE, lookback=240
21:04:12 [WARNING] HTTP 404: 未找到案例: NONEXISTENT_CASE
21:04:12 [WARNING] POST /api/v1/signal-analysis/preview-window - 404 - 0.004s
21:04:12 [INFO] [cebf7861] Completed POST /api/v1/signal-analysis/preview-window - 404 - 0.004s
21:04:12 [INFO] HTTP Request: POST http://testserver/api/v1/signal-analysis/preview-window "HTTP/1.1 404 Not Found"
PASSED                                                                   [  0%]
tests/analysis/test_api_endpoints.py::TestAPIDocumentation::test_openapi_schema_available 
-------------------------------- live log call ---------------------------------
21:04:12 [INFO] [40dc7de1] Started GET /openapi.json from testclient
21:04:13 [INFO] GET /openapi.json - 200 - 1.519s
21:04:13 [INFO] [40dc7de1] Completed GET /openapi.json - 200 - 1.519s
21:04:13 [INFO] HTTP Request: GET http://testserver/openapi.json "HTTP/1.1 200 OK"
PASSED                                                                   [  0%]
tests/analysis/test_api_endpoints.py::TestAPIDocumentation::test_signal_analysis_endpoints_documented 
-------------------------------- live log call ---------------------------------
21:04:13 [INFO] [1dd6cae3] Started GET /openapi.json from testclient
21:04:13 [INFO] GET /openapi.json - 200 - 0.020s
21:04:13 [INFO] [1dd6cae3] Completed GET /openapi.json - 200 - 0.020s
21:04:13 [INFO] HTTP Request: GET http://testserver/openapi.json "HTTP/1.1 200 OK"
PASSED                                                                   [  0%]
tests/analysis/test_api_endpoints.py::TestAPIDocumentation::test_density_endpoint_has_post_method 
-------------------------------- live log call ---------------------------------
21:04:14 [INFO] [5b4ff9f7] Started GET /openapi.json from testclient
21:04:14 [INFO] GET /openapi.json - 200 - 0.018s
21:04:14 [INFO] [5b4ff9f7] Completed GET /openapi.json - 200 - 0.018s
21:04:14 [INFO] HTTP Request: GET http://testserver/openapi.json "HTTP/1.1 200 OK"
PASSED                                                                   [  0%]
tests/analysis/test_api_endpoints.py::TestAPIDocumentation::test_request_schema_documented 
-------------------------------- live log call ---------------------------------
21:04:14 [INFO] [e9b4e7d0] Started GET /openapi.json from testclient
21:04:14 [INFO] GET /openapi.json - 200 - 0.025s
21:04:14 [INFO] [e9b4e7d0] Completed GET /openapi.json - 200 - 0.025s
21:04:14 [INFO] HTTP Request: GET http://testserver/openapi.json "HTTP/1.1 200 OK"
PASSED                                                                   [  0%]
tests/analysis/test_api_endpoints.py::TestAPIDocumentation::test_response_schema_documented 
-------------------------------- live log call ---------------------------------
21:04:14 [INFO] [68f2d03b] Started GET /openapi.json from testclient
21:04:14 [INFO] GET /openapi.json - 200 - 0.019s
21:04:14 [INFO] [68f2d03b] Completed GET /openapi.json - 200 - 0.019s
21:04:14 [INFO] HTTP Request: GET http://testserver/openapi.json "HTTP/1.1 200 OK"
PASSED                                                                   [  0%]
tests/analysis/test_api_endpoints.py::TestAPIDocumentation::test_endpoint_descriptions_exist 
-------------------------------- live log call ---------------------------------
21:04:14 [INFO] [abeb41fa] Started GET /openapi.json from testclient
21:04:14 [INFO] GET /openapi.json - 200 - 0.020s
21:04:14 [INFO] [abeb41fa] Completed GET /openapi.json - 200 - 0.020s
21:04:14 [INFO] HTTP Request: GET http://testserver/openapi.json "HTTP/1.1 200 OK"
PASSED                                                                   [  0%]
tests/analysis/test_api_endpoints.py::TestErrorResponses::test_400_error_format 
-------------------------------- live log call ---------------------------------
21:04:14 [INFO] [a68fe9bf] Started POST /api/v1/signal-analysis/density from testclient
21:04:14 [INFO] POST /api/v1/signal-analysis/density: strategy=three_line, positive=1, negative=1
21:04:14 [ERROR] 參數驗證失敗: 未註冊的指標: nonexistent. 可用指標: ema
21:04:14 [WARNING] HTTP 400: 未註冊的指標: nonexistent. 可用指標: ema
21:04:14 [WARNING] POST /api/v1/signal-analysis/density - 400 - 0.004s
21:04:14 [INFO] [a68fe9bf] Completed POST /api/v1/signal-analysis/density - 400 - 0.004s
21:04:14 [INFO] HTTP Request: POST http://testserver/api/v1/signal-analysis/density "HTTP/1.1 400 Bad Request"
PASSED                                                                   [  0%]
tests/analysis/test_api_endpoints.py::TestErrorResponses::test_404_error_format 
-------------------------------- live log call ---------------------------------
21:04:14 [INFO] [5a60a76a] Started POST /api/v1/signal-analysis/preview-window from testclient
21:04:14 [INFO] POST /api/v1/signal-analysis/preview-window: case_id=NONEXISTENT, lookback=240
21:04:14 [WARNING] HTTP 404: 未找到案例: NONEXISTENT
21:04:14 [WARNING] POST /api/v1/signal-analysis/preview-window - 404 - 0.003s
21:04:14 [INFO] [5a60a76a] Completed POST /api/v1/signal-analysis/preview-window - 404 - 0.003s
21:04:14 [INFO] HTTP Request: POST http://testserver/api/v1/signal-analysis/preview-window "HTTP/1.1 404 Not Found"
PASSED                                                                   [  0%]
tests/analysis/test_api_endpoints.py::TestErrorResponses::test_422_error_format 
-------------------------------- live log call ---------------------------------
21:04:14 [INFO] [da939ad8] Started POST /api/v1/signal-analysis/density from testclient
21:04:14 [WARNING] Validation error: [{'type': 'missing', 'loc': ('body', 'strategy_config'), 'msg': 'Field required', 'input': {'invalid_field': 'value'}}, {'type': 'missing', 'loc': ('body', 'training_window'), 'msg': 'Field required', 'input': {'invalid_field': 'value'}}, {'type': 'missing', 'loc': ('body', 'positive_cases'), 'msg': 'Field required', 'input': {'invalid_field': 'value'}}, {'type': 'missing', 'loc': ('body', 'negative_cases'), 'msg': 'Field required', 'input': {'invalid_field': 'value'}}]
21:04:14 [WARNING] POST /api/v1/signal-analysis/density - 422 - 0.004s
21:04:14 [INFO] [da939ad8] Completed POST /api/v1/signal-analysis/density - 422 - 0.004s
21:04:14 [INFO] HTTP Request: POST http://testserver/api/v1/signal-analysis/density "HTTP/1.1 422 Unprocessable Entity"
PASSED                                                                   [  0%]
tests/analysis/test_api_endpoints.py::TestCORSAndHeaders::test_content_type_json 
-------------------------------- live log call ---------------------------------
21:04:14 [INFO] [9f2cc9a8] Started POST /api/v1/signal-analysis/density from testclient
21:04:14 [WARNING] Validation error: [{'type': 'missing', 'loc': ('body', 'strategy_config'), 'msg': 'Field required', 'input': {}}, {'type': 'missing', 'loc': ('body', 'training_window'), 'msg': 'Field required', 'input': {}}, {'type': 'missing', 'loc': ('body', 'positive_cases'), 'msg': 'Field required', 'input': {}}, {'type': 'missing', 'loc': ('body', 'negative_cases'), 'msg': 'Field required', 'input': {}}]
21:04:14 [WARNING] POST /api/v1/signal-analysis/density - 422 - 0.003s
21:04:14 [INFO] [9f2cc9a8] Completed POST /api/v1/signal-analysis/density - 422 - 0.003s
21:04:14 [INFO] HTTP Request: POST http://testserver/api/v1/signal-analysis/density "HTTP/1.1 422 Unprocessable Entity"
PASSED                                                                   [  1%]
tests/analysis/test_api_endpoints.py::TestCORSAndHeaders::test_cors_headers_if_enabled 
-------------------------------- live log call ---------------------------------
21:04:14 [INFO] [7913c15f] Started OPTIONS /api/v1/signal-analysis/density from testclient
21:04:14 [WARNING] OPTIONS /api/v1/signal-analysis/density - 405 - 0.001s
21:04:14 [INFO] [7913c15f] Completed OPTIONS /api/v1/signal-analysis/density - 405 - 0.001s
21:04:14 [INFO] HTTP Request: OPTIONS http://testserver/api/v1/signal-analysis/density "HTTP/1.1 405 Method Not Allowed"
PASSED                                                                   [  1%]
tests/analysis/test_api_endpoints.py::TestEndpointTags::test_endpoints_have_signal_analysis_tag 
-------------------------------- live log call ---------------------------------
21:04:14 [INFO] [e035a7c2] Started GET /openapi.json from testclient
21:04:14 [INFO] GET /openapi.json - 200 - 0.023s
21:04:14 [INFO] [e035a7c2] Completed GET /openapi.json - 200 - 0.023s
21:04:14 [INFO] HTTP Request: GET http://testserver/openapi.json "HTTP/1.1 200 OK"
PASSED                                                                   [  1%]
tests/analysis/test_drift_regime.py::test_calculate_psi_stable PASSED    [  1%]
tests/analysis/test_drift_regime.py::test_calculate_psi_shifted PASSED   [  1%]
tests/analysis/test_drift_regime.py::test_regime_analysis_insufficient_samples PASSED [  1%]
tests/analysis/test_signal_analysis_service.py::TestServiceInitialization::test_singleton_pattern PASSED [  1%]
tests/analysis/test_signal_analysis_service.py::TestServiceInitialization::test_dependencies_initialized PASSED [  1%]
tests/analysis/test_signal_analysis_service.py::TestAnalyzeSignalDensity::test_analyze_minimal_cases 
-------------------------------- live log setup --------------------------------
21:04:15 [INFO] KlineStorageManager initialized: data_cache/kline_cache.h5
SKIPPED (Cannot load ETHUSDT/1h data: 'KlineStorageManager' object h...) [  1%]
tests/analysis/test_signal_analysis_service.py::TestAnalyzeSignalDensity::test_analyze_with_validation 
-------------------------------- live log call ---------------------------------
21:04:15 [ERROR] 參數驗證失敗: 未註冊的指標: invalid_indicator. 可用指標: ema
PASSED                                                                   [  1%]
tests/analysis/test_signal_analysis_service.py::TestAnalyzeSignalDensity::test_analyze_missing_params 
-------------------------------- live log call ---------------------------------
21:04:15 [ERROR] 參數驗證失敗: 參數不足: EMA 三線需要 short/mid/long 週期
PASSED                                                                   [  1%]
tests/analysis/test_signal_analysis_service.py::TestAnalyzeSignalDensity::test_analyze_invalid_data_source 
-------------------------------- live log call ---------------------------------
21:04:15 [ERROR] 參數驗證失敗: 無效的data_source: invalid_source. 必須是以下之一: close, open, high, low, volume, taker_buy_volume, taker_ratio, quote_volume
PASSED                                                                   [  1%]
tests/analysis/test_signal_analysis_service.py::TestPreviewTrainingWindow::test_preview_basic SKIPPED [  1%]
tests/analysis/test_signal_analysis_service.py::TestPreviewTrainingWindow::test_preview_nonexistent_case PASSED [  1%]
tests/analysis/test_signal_analysis_service.py::TestErrorHandling::test_handle_value_error 
-------------------------------- live log call ---------------------------------
21:04:15 [ERROR] 參數驗證失敗: 參數不足: EMA 三線需要 short/mid/long 週期
PASSED                                                                   [  1%]
tests/analysis/test_signal_analysis_service.py::TestErrorHandling::test_handle_file_not_found 
-------------------------------- live log call ---------------------------------
21:04:15 [INFO] [DEBUG] 信號密度分析輸入參數:
  - positive_cases: ['NONEXISTENT']... (共1個)
  - negative_cases: ['ALSO_NONEXISTENT']... (共1個)
  - training_window: near=240, far=None, ref=TO, mode=relative
  - strategy_config: data_source=close, indicator=ema, logic=three_line, params={'short_period': 20, 'mid_period': 60, 'long_period': 120}
21:04:15 [WARNING] 正例案例不存在: NONEXISTENT
21:04:15 [WARNING] 反例案例不存在: ALSO_NONEXISTENT
21:04:15 [ERROR] 數據不存在: 正例案例載入不足: 需要至少1個,實際載入0個。請求1個,缺失2個
PASSED                                                                   [  1%]
tests/analysis/test_signal_analysis_service.py::TestPerformanceMonitoring::test_execution_time_logged SKIPPED [  1%]
tests/analysis/test_signal_analysis_service.py::TestIntegrationWithRealComponents::test_service_uses_real_kline_storage PASSED [  1%]
tests/analysis/test_signal_analysis_service.py::TestIntegrationWithRealComponents::test_service_uses_real_indicator_engine PASSED [  1%]
tests/analysis/test_signal_analysis_service.py::TestIntegrationWithRealComponents::test_service_uses_real_analyzer PASSED [  1%]
tests/analysis/test_signal_analysis_service.py::TestValidationMethods::test_validate_indicator_registered PASSED [  2%]
tests/analysis/test_signal_analysis_service.py::TestValidationMethods::test_validate_data_source PASSED [  2%]
tests/analysis/test_signal_analysis_service.py::TestValidationMethods::test_validate_strategy_params PASSED [  2%]
tests/analysis/test_signal_analysis_service.py::TestCaseCounts::test_insufficient_positive_cases PASSED [  2%]
tests/analysis/test_signal_analysis_service.py::TestCaseCounts::test_insufficient_negative_cases PASSED [  2%]
tests/analysis/test_signal_density_analyzer.py::TestExtractTrainingWindow::test_extract_basic_window 
-------------------------------- live log setup --------------------------------
21:04:15 [INFO] KlineStorageManager initialized: data_cache/kline_cache.h5
21:04:15 [INFO] IndicatorEngine initialized
SKIPPED (Cannot load ETHUSDT/1h data: 'KlineStorageManager' object h...) [  2%]
tests/analysis/test_signal_density_analyzer.py::TestExtractTrainingWindow::test_extract_with_lookforward SKIPPED [  2%]
tests/analysis/test_signal_density_analyzer.py::TestExtractTrainingWindow::test_extract_minimal_window SKIPPED [  2%]
tests/analysis/test_signal_density_analyzer.py::TestExtractTrainingWindow::test_extract_boundary_case_insufficient_data SKIPPED [  2%]
tests/analysis/test_signal_density_analyzer.py::TestExtractTrainingWindow::test_extract_tc_reference_point SKIPPED [  2%]
tests/analysis/test_signal_density_analyzer.py::TestCalculateStrategySignals::test_calculate_three_line_ema_signals SKIPPED [  2%]
tests/analysis/test_signal_density_analyzer.py::TestCalculateStrategySignals::test_calculate_signals_with_nan_in_data SKIPPED [  2%]
tests/analysis/test_signal_density_analyzer.py::TestCalculateStrategySignals::test_calculate_signals_minimal_data SKIPPED [  2%]
tests/analysis/test_signal_density_analyzer.py::TestCalculateCaseDensity::test_calculate_density_normal_case PASSED [  2%]
tests/analysis/test_signal_density_analyzer.py::TestCalculateCaseDensity::test_calculate_density_with_nan PASSED [  2%]
tests/analysis/test_signal_density_analyzer.py::TestCalculateCaseDensity::test_calculate_density_all_nan 
-------------------------------- live log call ---------------------------------
21:04:15 [WARNING] 所有信號均為NaN,返回密度0.0
PASSED                                                                   [  2%]
tests/analysis/test_signal_density_analyzer.py::TestCalculateCaseDensity::test_calculate_density_empty_array 
-------------------------------- live log call ---------------------------------
21:04:15 [WARNING] 信號數組為空,返回密度0.0
PASSED                                                                   [  2%]
tests/analysis/test_signal_density_analyzer.py::TestCalculateCaseDensity::test_calculate_density_all_zero PASSED [  2%]
tests/analysis/test_signal_density_analyzer.py::TestCalculateCaseDensity::test_calculate_density_all_one PASSED [  2%]
tests/analysis/test_signal_density_analyzer.py::TestStatisticalSignificanceTest::test_ttest_clearly_different PASSED [  2%]
tests/analysis/test_signal_density_analyzer.py::TestStatisticalSignificanceTest::test_ttest_similar_groups PASSED [  3%]
tests/analysis/test_signal_density_analyzer.py::TestStatisticalSignificanceTest::test_ttest_minimal_samples PASSED [  3%]
tests/analysis/test_signal_density_analyzer.py::TestCohensD::test_cohens_d_large_effect PASSED [  3%]
tests/analysis/test_signal_density_analyzer.py::TestCohensD::test_cohens_d_medium_effect PASSED [  3%]
tests/analysis/test_signal_density_analyzer.py::TestCohensD::test_cohens_d_small_effect PASSED [  3%]
tests/analysis/test_signal_density_analyzer.py::TestCohensD::test_cohens_d_zero_effect PASSED [  3%]
tests/analysis/test_signal_density_analyzer.py::TestStabilityAnalysis::test_stability_stable_strategy SKIPPED [  3%]
tests/analysis/test_signal_density_analyzer.py::TestStabilityAnalysis::test_stability_unstable_strategy SKIPPED [  3%]
tests/analysis/test_signal_density_analyzer.py::TestStabilityAnalysis::test_stability_single_month SKIPPED [  3%]
tests/analysis/test_signal_density_analyzer.py::TestAnalyzeSignalDensity::test_full_analysis_minimal_cases SKIPPED [  3%]
tests/analysis/test_signal_density_analyzer.py::TestAnalyzeSignalDensity::test_full_analysis_real_test_cases SKIPPED [  3%]
tests/analysis/test_signal_density_analyzer.py::TestAnalyzeSignalDensity::test_analysis_edge_case_single_case_each SKIPPED [  3%]
tests/analysis/test_signal_density_analyzer.py::TestAnalyzeSignalDensity::test_analysis_error_empty_cases PASSED [  3%]
tests/analysis/test_signal_density_analyzer.py::TestEndToEndIntegration::test_e2e_different_strategies SKIPPED [  3%]
tests/analysis/test_signal_density_analyzer.py::TestEndToEndIntegration::test_e2e_different_windows SKIPPED [  3%]
tests/api/test_batch_download_multi_timeframe.py::test_batch_download_request_backward_compatible_with_string_timeframe PASSED [  3%]
tests/api/test_batch_download_multi_timeframe.py::test_batch_download_request_accepts_multi_timeframe_list PASSED [  3%]
tests/api/test_batch_download_multi_timeframe.py::test_batch_download_request_rejects_invalid_timeframe PASSED [  3%]
tests/api/test_batch_download_multi_timeframe.py::test_execute_batch_download_processes_each_timeframe_sequentially 
-------------------------------- live log call ---------------------------------
21:04:15 [INFO] BatchDownloadService initialized
21:04:15 [INFO] Created download task batch_download_20260422_130415_7fda8f73 for 1 cases across 2 timeframe(s) ['1h', '4h'] (lookback=10, forward=5)
21:04:15 [INFO] Starting batch download task: batch_download_20260422_130415_7fda8f73
21:04:15 [INFO] Global time range for 1h: 2024-12-31 06:00 → 2024-12-31 22:00 (lookback=10 warmup=0 forward=5 bars, 1 cases)
21:04:15 [INFO] Global time range for 4h: 2024-12-30 00:00 → 2025-01-01 16:00 (lookback=10 warmup=0 forward=5 bars, 1 cases)
21:04:15 [INFO] Starting sequential download for timeframe 1h (1/2)
21:04:15 [INFO] Processing 1 cases for BTCUSDT/1h (download timeframe=1h, cases may have different timeframes)
21:04:15 [INFO] Using global time window for BTCUSDT/1h: 2024-12-31 06:00 → 2024-12-31 22:00
21:04:15 [INFO] 📥 DOWNLOADING from Binance API: BTCUSDT/1h
   Time range: 2024-12-31 06:00:00 to 2024-12-31 22:00:00
   For 1 cases
   Force redownload: True
21:04:15 [INFO] ✅ DOWNLOAD SUCCESS: BTCUSDT/1h
   Downloaded: 3 K-lines in 0.04s
   Requested: 2024-12-31 06:00:00 to 2024-12-31 22:00:00
   Actual data: 2024-12-31 06:00:00 to 2024-12-31 22:00:00
   Saved to HDF5: data_cache/BTCUSDT_1h.h5
21:04:15 [INFO] ✓ 案例 BTCUSDT_1735689600_1 驗證通過: 3 K線，範圍連續
21:04:15 [INFO] Starting sequential download for timeframe 4h (2/2)
21:04:15 [INFO] Processing 1 cases for BTCUSDT/4h (download timeframe=4h, cases may have different timeframes)
21:04:15 [INFO] Using global time window for BTCUSDT/4h: 2024-12-30 00:00 → 2025-01-01 16:00
21:04:15 [INFO] 📥 DOWNLOADING from Binance API: BTCUSDT/4h
   Time range: 2024-12-30 00:00:00 to 2025-01-01 16:00:00
   For 1 cases
   Force redownload: True
21:04:15 [INFO] ✅ DOWNLOAD SUCCESS: BTCUSDT/4h
   Downloaded: 3 K-lines in 0.00s
   Requested: 2024-12-30 00:00:00 to 2025-01-01 16:00:00
   Actual data: 2024-12-30 00:00:00 to 2025-01-01 16:00:00
   Saved to HDF5: data_cache/BTCUSDT_4h.h5
21:04:15 [INFO] ✓ 案例 BTCUSDT_1735689600_1 驗證通過: 3 K線，範圍連續
21:04:15 [INFO] Batch download task batch_download_20260422_130415_7fda8f73 completed: 2 success, 0 failed, 0 skipped, 0.05s
PASSED                                                                   [  3%]
tests/api/test_export_api.py::test_export_csv_summary_200 
-------------------------------- live log setup --------------------------------
21:04:15 [INFO] [2c00dab0] Started POST /api/v1/ic/analyze from testclient
21:04:15 [INFO] IC config loaded
21:04:15 [INFO] IC analysis task started: 55ee0052-7d12-4aa7-b4b2-f9a359a4b687
21:04:15 [INFO] Data preprocessing complete: columns=8
21:04:15 [INFO] IC autocorr persistent: count=8
21:04:16 [INFO] Redundancy filter completed: method=greedy input=5 output=5
21:04:16 [INFO] Filtered features saved: data_cache/features/TESTUSDT_12h_filtered.h5
21:04:16 [INFO] IC report saved: data_cache/reports/ic_report_ic_export_test.json
21:04:16 [INFO] IC analysis task completed: 55ee0052-7d12-4aa7-b4b2-f9a359a4b687
21:04:16 [INFO] POST /api/v1/ic/analyze - 200 - 0.781s
21:04:16 [INFO] [2c00dab0] Completed POST /api/v1/ic/analyze - 200 - 0.781s
21:04:16 [INFO] HTTP Request: POST http://testserver/api/v1/ic/analyze "HTTP/1.1 200 OK"
21:04:16 [INFO] [3003be06] Started GET /api/v1/ic/task/55ee0052-7d12-4aa7-b4b2-f9a359a4b687 from testclient
21:04:16 [INFO] GET /api/v1/ic/task/55ee0052-7d12-4aa7-b4b2-f9a359a4b687 - 200 - 0.002s
21:04:16 [INFO] [3003be06] Completed GET /api/v1/ic/task/55ee0052-7d12-4aa7-b4b2-f9a359a4b687 - 200 - 0.002s
21:04:16 [INFO] HTTP Request: GET http://testserver/api/v1/ic/task/55ee0052-7d12-4aa7-b4b2-f9a359a4b687 "HTTP/1.1 200 OK"
21:04:16 [INFO] [6ef20bda] Started GET /api/v1/ic/result/55ee0052-7d12-4aa7-b4b2-f9a359a4b687 from testclient
21:04:16 [INFO] GET /api/v1/ic/result/55ee0052-7d12-4aa7-b4b2-f9a359a4b687 - 200 - 0.038s
21:04:16 [INFO] [6ef20bda] Completed GET /api/v1/ic/result/55ee0052-7d12-4aa7-b4b2-f9a359a4b687 - 200 - 0.038s
21:04:16 [INFO] HTTP Request: GET http://testserver/api/v1/ic/result/55ee0052-7d12-4aa7-b4b2-f9a359a4b687 "HTTP/1.1 200 OK"
-------------------------------- live log call ---------------------------------
21:04:16 [INFO] [b9e92d47] Started GET /api/v1/ic/export/55ee0052-7d12-4aa7-b4b2-f9a359a4b687/csv_summary from testclient
21:04:16 [INFO] Export success: task_id=55ee0052-7d12-4aa7-b4b2-f9a359a4b687, format=csv_summary, module=None
21:04:16 [INFO] GET /api/v1/ic/export/55ee0052-7d12-4aa7-b4b2-f9a359a4b687/csv_summary - 200 - 0.002s
21:04:16 [INFO] [b9e92d47] Completed GET /api/v1/ic/export/55ee0052-7d12-4aa7-b4b2-f9a359a4b687/csv_summary - 200 - 0.002s
21:04:16 [INFO] HTTP Request: GET http://testserver/api/v1/ic/export/55ee0052-7d12-4aa7-b4b2-f9a359a4b687/csv_summary "HTTP/1.1 200 OK"
PASSED                                                                   [  3%]
tests/api/test_export_api.py::test_export_csv_detailed_factor_return 
-------------------------------- live log call ---------------------------------
21:04:16 [INFO] [13080295] Started GET /api/v1/ic/export/55ee0052-7d12-4aa7-b4b2-f9a359a4b687/csv_detailed from testclient
21:04:16 [INFO] Export success: task_id=55ee0052-7d12-4aa7-b4b2-f9a359a4b687, format=csv_detailed, module=factor_returns
21:04:16 [INFO] GET /api/v1/ic/export/55ee0052-7d12-4aa7-b4b2-f9a359a4b687/csv_detailed - 200 - 0.004s
21:04:16 [INFO] [13080295] Completed GET /api/v1/ic/export/55ee0052-7d12-4aa7-b4b2-f9a359a4b687/csv_detailed - 200 - 0.004s
21:04:16 [INFO] HTTP Request: GET http://testserver/api/v1/ic/export/55ee0052-7d12-4aa7-b4b2-f9a359a4b687/csv_detailed?module=factor_returns "HTTP/1.1 200 OK"
PASSED                                                                   [  4%]
tests/api/test_export_api.py::test_export_ai_json_200 
-------------------------------- live log call ---------------------------------
21:04:16 [INFO] [f3bb43e6] Started GET /api/v1/ic/export/55ee0052-7d12-4aa7-b4b2-f9a359a4b687/ai_json from testclient
21:04:16 [INFO] Export success: task_id=55ee0052-7d12-4aa7-b4b2-f9a359a4b687, format=ai_json, module=None
21:04:16 [INFO] GET /api/v1/ic/export/55ee0052-7d12-4aa7-b4b2-f9a359a4b687/ai_json - 200 - 0.005s
21:04:16 [INFO] [f3bb43e6] Completed GET /api/v1/ic/export/55ee0052-7d12-4aa7-b4b2-f9a359a4b687/ai_json - 200 - 0.005s
21:04:16 [INFO] HTTP Request: GET http://testserver/api/v1/ic/export/55ee0052-7d12-4aa7-b4b2-f9a359a4b687/ai_json "HTTP/1.1 200 OK"
PASSED                                                                   [  4%]
tests/api/test_export_api.py::test_export_markdown_200 
-------------------------------- live log call ---------------------------------
21:04:16 [INFO] [18fa92a6] Started GET /api/v1/ic/export/55ee0052-7d12-4aa7-b4b2-f9a359a4b687/markdown from testclient
21:04:16 [INFO] Export success: task_id=55ee0052-7d12-4aa7-b4b2-f9a359a4b687, format=markdown, module=None
21:04:16 [INFO] GET /api/v1/ic/export/55ee0052-7d12-4aa7-b4b2-f9a359a4b687/markdown - 200 - 0.004s
21:04:16 [INFO] [18fa92a6] Completed GET /api/v1/ic/export/55ee0052-7d12-4aa7-b4b2-f9a359a4b687/markdown - 200 - 0.004s
21:04:16 [INFO] HTTP Request: GET http://testserver/api/v1/ic/export/55ee0052-7d12-4aa7-b4b2-f9a359a4b687/markdown "HTTP/1.1 200 OK"
PASSED                                                                   [  4%]
tests/api/test_export_api.py::test_export_hdf5_200 
-------------------------------- live log call ---------------------------------
21:04:16 [INFO] [8af1167d] Started GET /api/v1/ic/export/55ee0052-7d12-4aa7-b4b2-f9a359a4b687/hdf5 from testclient
21:04:16 [INFO] Export success: task_id=55ee0052-7d12-4aa7-b4b2-f9a359a4b687, format=hdf5, module=None
21:04:16 [INFO] GET /api/v1/ic/export/55ee0052-7d12-4aa7-b4b2-f9a359a4b687/hdf5 - 200 - 0.004s
21:04:16 [INFO] [8af1167d] Completed GET /api/v1/ic/export/55ee0052-7d12-4aa7-b4b2-f9a359a4b687/hdf5 - 200 - 0.004s
21:04:16 [INFO] HTTP Request: GET http://testserver/api/v1/ic/export/55ee0052-7d12-4aa7-b4b2-f9a359a4b687/hdf5 "HTTP/1.1 200 OK"
PASSED                                                                   [  4%]
tests/api/test_export_api.py::test_export_unknown_task_404 
-------------------------------- live log call ---------------------------------
21:04:16 [INFO] [08d882a2] Started GET /api/v1/ic/export/unknown-task-id/csv_summary from testclient
21:04:16 [WARNING] HTTP 404: Task not found: unknown-task-id
21:04:16 [WARNING] GET /api/v1/ic/export/unknown-task-id/csv_summary - 404 - 0.003s
21:04:16 [INFO] [08d882a2] Completed GET /api/v1/ic/export/unknown-task-id/csv_summary - 404 - 0.003s
21:04:16 [INFO] HTTP Request: GET http://testserver/api/v1/ic/export/unknown-task-id/csv_summary "HTTP/1.1 404 Not Found"
PASSED                                                                   [  4%]
tests/api/test_export_api.py::test_export_invalid_format_422 
-------------------------------- live log call ---------------------------------
21:04:16 [INFO] [597a4542] Started GET /api/v1/ic/export/55ee0052-7d12-4aa7-b4b2-f9a359a4b687/xlsx from testclient
21:04:16 [WARNING] HTTP 422: Unsupported format: xlsx
21:04:16 [WARNING] GET /api/v1/ic/export/55ee0052-7d12-4aa7-b4b2-f9a359a4b687/xlsx - 422 - 0.003s
21:04:16 [INFO] [597a4542] Completed GET /api/v1/ic/export/55ee0052-7d12-4aa7-b4b2-f9a359a4b687/xlsx - 422 - 0.003s
21:04:16 [INFO] HTTP Request: GET http://testserver/api/v1/ic/export/55ee0052-7d12-4aa7-b4b2-f9a359a4b687/xlsx "HTTP/1.1 422 Unprocessable Entity"
PASSED                                                                   [  4%]
tests/api/test_export_api.py::test_export_csv_detailed_without_module_422 
-------------------------------- live log call ---------------------------------
21:04:16 [INFO] [68cfaf6e] Started GET /api/v1/ic/export/55ee0052-7d12-4aa7-b4b2-f9a359a4b687/csv_detailed from testclient
21:04:16 [WARNING] HTTP 422: module query parameter is required for csv_detailed
21:04:16 [WARNING] GET /api/v1/ic/export/55ee0052-7d12-4aa7-b4b2-f9a359a4b687/csv_detailed - 422 - 0.002s
21:04:16 [INFO] [68cfaf6e] Completed GET /api/v1/ic/export/55ee0052-7d12-4aa7-b4b2-f9a359a4b687/csv_detailed - 422 - 0.002s
21:04:16 [INFO] HTTP Request: GET http://testserver/api/v1/ic/export/55ee0052-7d12-4aa7-b4b2-f9a359a4b687/csv_detailed "HTTP/1.1 422 Unprocessable Entity"
PASSED                                                                   [  4%]
tests/api/test_export_routes.py::test_export_download_success 
-------------------------------- live log call ---------------------------------
21:04:16 [INFO] [ad36c228] Started GET /api/v1/export/task-1 from testclient
21:04:16 [INFO] GET /api/v1/export/task-1 - 200 - 0.005s
21:04:16 [INFO] [ad36c228] Completed GET /api/v1/export/task-1 - 200 - 0.005s
21:04:16 [INFO] HTTP Request: GET http://testserver/api/v1/export/task-1?format=csv&scope=full "HTTP/1.1 200 OK"
PASSED                                                                   [  4%]
tests/api/test_export_routes.py::test_export_preview_success 
-------------------------------- live log call ---------------------------------
21:04:16 [INFO] [65815dbc] Started GET /api/v1/export/task-1/preview from testclient
21:04:16 [INFO] GET /api/v1/export/task-1/preview - 200 - 0.002s
21:04:16 [INFO] [65815dbc] Completed GET /api/v1/export/task-1/preview - 200 - 0.002s
21:04:16 [INFO] HTTP Request: GET http://testserver/api/v1/export/task-1/preview?format=json&scope=performance "HTTP/1.1 200 OK"
PASSED                                                                   [  4%]
tests/api/test_export_routes.py::test_export_missing_task_returns_404 
-------------------------------- live log call ---------------------------------
21:04:16 [INFO] [1c9993ad] Started GET /api/v1/export/missing from testclient
21:04:16 [WARNING] HTTP 404: 任務不存在或無可匯出資料
21:04:16 [WARNING] GET /api/v1/export/missing - 404 - 0.003s
21:04:16 [INFO] [1c9993ad] Completed GET /api/v1/export/missing - 404 - 0.003s
21:04:16 [INFO] HTTP Request: GET http://testserver/api/v1/export/missing?format=json&scope=full "HTTP/1.1 404 Not Found"
PASSED                                                                   [  4%]
tests/api/test_export_routes.py::test_export_invalid_format_returns_422 
-------------------------------- live log call ---------------------------------
21:04:16 [INFO] [f7c801e3] Started GET /api/v1/export/task-1 from testclient
21:04:16 [WARNING] Validation error: [{'type': 'enum', 'loc': ('query', 'format'), 'msg': "Input should be 'csv', 'json' or 'markdown'", 'input': 'xml', 'ctx': {'expected': "'csv', 'json' or 'markdown'"}}]
21:04:16 [WARNING] GET /api/v1/export/task-1 - 422 - 0.002s
21:04:16 [INFO] [f7c801e3] Completed GET /api/v1/export/task-1 - 422 - 0.002s
21:04:16 [INFO] HTTP Request: GET http://testserver/api/v1/export/task-1?format=xml&scope=full "HTTP/1.1 422 Unprocessable Entity"
PASSED                                                                   [  4%]
tests/api/test_export_routes.py::test_export_invalid_scope_returns_422 
-------------------------------- live log call ---------------------------------
21:04:16 [INFO] [12fb57d0] Started GET /api/v1/export/task-1 from testclient
21:04:16 [WARNING] Validation error: [{'type': 'enum', 'loc': ('query', 'scope'), 'msg': "Input should be 'performance', 'features', 'calibration', 'walk_forward', 'adversarial', 'cpcv', 'learning_curve', 'optimization', 'comparison' or 'full'", 'input': 'unknown', 'ctx': {'expected': "'performance', 'features', 'calibration', 'walk_forward', 'adversarial', 'cpcv', 'learning_curve', 'optimization', 'comparison' or 'full'"}}]
21:04:16 [WARNING] GET /api/v1/export/task-1 - 422 - 0.003s
21:04:16 [INFO] [12fb57d0] Completed GET /api/v1/export/task-1 - 422 - 0.003s
21:04:16 [INFO] HTTP Request: GET http://testserver/api/v1/export/task-1?format=json&scope=unknown "HTTP/1.1 422 Unprocessable Entity"
PASSED                                                                   [  4%]
tests/api/test_feature_api.py::test_feature_extraction_api 
-------------------------------- live log call ---------------------------------
21:04:16 [INFO] [152fd049] Started POST /api/v1/features/extract from testclient
21:04:16 [INFO] 收到特徵提取請求 - case_id: ETHUSDT_1735905600_1, symbol: ETHUSDT, timeframe: 1h
21:04:16 [INFO] 啟動特徵提取任務 - task_id: feat_e44ef9dc, case_id: ETHUSDT_1735905600_1
21:04:16 [INFO] 開始執行特徵提取 - task_id: feat_e44ef9dc
21:04:16 [INFO] K線數據載入完成 - 行數: 322
21:04:16 [INFO] 開始提取特徵 - 策略: ema_three_line, 數據行數: 322
21:04:16 [INFO] 提取價格特徵: 8 個
21:04:16 [INFO] 提取成交量特徵: 6 個
21:04:16 [INFO] 使用數據源 'close' 計算 EMA 特徵
21:04:16 [INFO] 提取 ema_three_line 策略特徵: 14 個 (數據源: close)
21:04:16 [INFO] 提取信號特徵: 3 個
21:04:16 [INFO] 特徵提取完成 - 總共 31 個特徵
21:04:16 [INFO] 特徵提取完成 - 特徵數: 31
21:04:16 [INFO] 開始驗證特徵 - 特徵數量: 31, 樣本數量: 322
21:04:16 [WARNING] 發現 NaN 值: 9 個特徵
21:04:16 [WARNING]   price_volatility_5: 4 (1.24%)
21:04:16 [WARNING]   price_momentum_3_pct: 3 (0.93%)
21:04:16 [WARNING]   volume_change_pct: 1 (0.31%)
21:04:16 [WARNING]   volume_ma_ratio_5: 4 (1.24%)
21:04:16 [WARNING]   volume_price_correlation_5: 4 (1.24%)
21:04:16 [WARNING]   close_ema_short_slope_pct: 3 (0.93%)
21:04:16 [WARNING]   close_ema_mid_slope_pct: 5 (1.55%)
21:04:16 [WARNING]   close_ema_trend_consistency_5: 4 (1.24%)
21:04:16 [WARNING]   close_ema_signal_strength: 4 (1.24%)
21:04:16 [WARNING] 發現 7 對高相關性特徵:
21:04:16 [WARNING]   taker_buy_ratio <-> taker_buy_value_ratio: 0.9997
21:04:16 [WARNING]   taker_buy_ratio <-> taker_ratio_distance_60: 1.0000
21:04:16 [WARNING]   taker_buy_value_ratio <-> taker_ratio_distance_60: 0.9997
21:04:16 [WARNING]   close_ema5_value <-> close_ema20_value: 0.9661
21:04:16 [WARNING]   close_ema20_value <-> close_ema60_value: 0.9573
21:04:16 [INFO] 驗證完成 - 通過: False, 警告數: 2
21:04:16 [WARNING] 發現 NaN 值，執行前向填補
21:04:16 [INFO] NaN 值填補完成 - 方法: forward
21:04:16 [INFO] 開始儲存特徵 - 案例: ETHUSDT_1735905600_1, 檔案: data_cache/features/ETHUSDT_1735905600_1.h5
21:04:16 [INFO] 特徵儲存完成 - 樣本數: 322, 特徵數: 31, 檔案大小: 45.88 KB
21:04:16 [INFO] 特徵提取任務完成 - task_id: feat_e44ef9dc
21:04:16 [INFO] POST /api/v1/features/extract - 202 - 0.043s
21:04:16 [INFO] [152fd049] Completed POST /api/v1/features/extract - 202 - 0.043s
21:04:16 [INFO] HTTP Request: POST http://testserver/api/v1/features/extract "HTTP/1.1 202 Accepted"
21:04:16 [INFO] [208823f4] Started GET /api/v1/features/task/feat_e44ef9dc from testclient
21:04:16 [INFO] GET /api/v1/features/task/feat_e44ef9dc - 200 - 0.002s
21:04:16 [INFO] [208823f4] Completed GET /api/v1/features/task/feat_e44ef9dc - 200 - 0.002s
21:04:16 [INFO] HTTP Request: GET http://testserver/api/v1/features/task/feat_e44ef9dc "HTTP/1.1 200 OK"
PASSED                                                                   [  4%]
tests/api/test_feature_api.py::test_feature_task_status_api 
-------------------------------- live log call ---------------------------------
21:04:16 [INFO] [5dd415e1] Started POST /api/v1/features/extract from testclient
21:04:16 [INFO] 收到特徵提取請求 - case_id: ETHUSDT_1736942400_1, symbol: ETHUSDT, timeframe: 1h
21:04:16 [INFO] 啟動特徵提取任務 - task_id: feat_c571be2c, case_id: ETHUSDT_1736942400_1
21:04:16 [INFO] 開始執行特徵提取 - task_id: feat_c571be2c
21:04:16 [INFO] K線數據載入完成 - 行數: 322
21:04:16 [INFO] 開始提取特徵 - 策略: ema_three_line, 數據行數: 322
21:04:16 [INFO] 提取價格特徵: 8 個
21:04:16 [INFO] 提取成交量特徵: 6 個
21:04:16 [INFO] 使用數據源 'close' 計算 EMA 特徵
21:04:16 [INFO] 提取 ema_three_line 策略特徵: 14 個 (數據源: close)
21:04:16 [INFO] 提取信號特徵: 3 個
21:04:16 [INFO] 特徵提取完成 - 總共 31 個特徵
21:04:16 [INFO] 特徵提取完成 - 特徵數: 31
21:04:16 [INFO] 開始驗證特徵 - 特徵數量: 31, 樣本數量: 322
21:04:16 [WARNING] 發現 NaN 值: 9 個特徵
21:04:16 [WARNING]   price_volatility_5: 4 (1.24%)
21:04:16 [WARNING]   price_momentum_3_pct: 3 (0.93%)
21:04:16 [WARNING]   volume_change_pct: 1 (0.31%)
21:04:16 [WARNING]   volume_ma_ratio_5: 4 (1.24%)
21:04:16 [WARNING]   volume_price_correlation_5: 4 (1.24%)
21:04:16 [WARNING]   close_ema_short_slope_pct: 3 (0.93%)
21:04:16 [WARNING]   close_ema_mid_slope_pct: 5 (1.55%)
21:04:16 [WARNING]   close_ema_trend_consistency_5: 4 (1.24%)
21:04:16 [WARNING]   close_ema_signal_strength: 4 (1.24%)
21:04:16 [WARNING] 發現 7 對高相關性特徵:
21:04:16 [WARNING]   taker_buy_ratio <-> taker_buy_value_ratio: 0.9997
21:04:16 [WARNING]   taker_buy_ratio <-> taker_ratio_distance_60: 1.0000
21:04:16 [WARNING]   taker_buy_value_ratio <-> taker_ratio_distance_60: 0.9997
21:04:16 [WARNING]   close_ema5_value <-> close_ema20_value: 0.9661
21:04:16 [WARNING]   close_ema20_value <-> close_ema60_value: 0.9573
21:04:16 [INFO] 驗證完成 - 通過: False, 警告數: 2
21:04:16 [WARNING] 發現 NaN 值，執行前向填補
21:04:16 [INFO] NaN 值填補完成 - 方法: forward
21:04:16 [INFO] 開始儲存特徵 - 案例: ETHUSDT_1736942400_1, 檔案: data_cache/features/ETHUSDT_1736942400_1.h5
21:04:16 [INFO] 特徵儲存完成 - 樣本數: 322, 特徵數: 31, 檔案大小: 45.88 KB
21:04:16 [INFO] 特徵提取任務完成 - task_id: feat_c571be2c
21:04:16 [INFO] POST /api/v1/features/extract - 202 - 0.041s
21:04:16 [INFO] [5dd415e1] Completed POST /api/v1/features/extract - 202 - 0.041s
21:04:16 [INFO] HTTP Request: POST http://testserver/api/v1/features/extract "HTTP/1.1 202 Accepted"
21:04:16 [INFO] [b5440ecc] Started GET /api/v1/features/task/feat_c571be2c from testclient
21:04:16 [INFO] GET /api/v1/features/task/feat_c571be2c - 200 - 0.001s
21:04:16 [INFO] [b5440ecc] Completed GET /api/v1/features/task/feat_c571be2c - 200 - 0.001s
21:04:16 [INFO] HTTP Request: GET http://testserver/api/v1/features/task/feat_c571be2c "HTTP/1.1 200 OK"
PASSED                                                                   [  4%]
tests/api/test_feature_api.py::test_feature_task_not_found 
-------------------------------- live log call ---------------------------------
21:04:16 [INFO] [8041e204] Started GET /api/v1/features/task/nonexistent_task from testclient
21:04:16 [WARNING] HTTP 404: 找不到任務: nonexistent_task
21:04:16 [WARNING] GET /api/v1/features/task/nonexistent_task - 404 - 0.002s
21:04:16 [INFO] [8041e204] Completed GET /api/v1/features/task/nonexistent_task - 404 - 0.002s
21:04:16 [INFO] HTTP Request: GET http://testserver/api/v1/features/task/nonexistent_task "HTTP/1.1 404 Not Found"
PASSED                                                                   [  4%]
tests/api/test_feature_api.py::test_feature_extraction_invalid_params 
-------------------------------- live log call ---------------------------------
21:04:16 [INFO] [95d9e68c] Started POST /api/v1/features/extract from testclient
21:04:16 [INFO] 收到特徵提取請求 - case_id: INVALID_CASE, symbol: ETHUSDT, timeframe: 1h
21:04:16 [ERROR] 參數錯誤: 不支持的策略類型: 'invalid_strategy'
可用的策略: ema_three_line
提示：使用 StrategyRegistry().register_strategy() 註冊新策略
21:04:16 [WARNING] HTTP 400: 不支持的策略類型: 'invalid_strategy'
可用的策略: ema_three_line
提示：使用 StrategyRegistry().register_strategy() 註冊新策略
21:04:16 [WARNING] POST /api/v1/features/extract - 400 - 0.003s
21:04:16 [INFO] [95d9e68c] Completed POST /api/v1/features/extract - 400 - 0.003s
21:04:16 [INFO] HTTP Request: POST http://testserver/api/v1/features/extract "HTTP/1.1 400 Bad Request"
PASSED                                                                   [  4%]
tests/api/test_feature_api.py::test_health_check 
-------------------------------- live log call ---------------------------------
21:04:16 [INFO] [593227e8] Started GET /api/v1/features/health from testclient
21:04:16 [INFO] GET /api/v1/features/health - 200 - 0.002s
21:04:16 [INFO] [593227e8] Completed GET /api/v1/features/health - 200 - 0.002s
21:04:16 [INFO] HTTP Request: GET http://testserver/api/v1/features/health "HTTP/1.1 200 OK"
PASSED                                                                   [  4%]
tests/api/test_feature_browser.py::test_catalog_returns_all_features 
-------------------------------- live log call ---------------------------------
21:04:16 [INFO] [ea3c8980] Started GET /api/v1/features/catalog from testclient
21:04:16 [INFO] GET /api/v1/features/catalog - 200 - 0.010s
21:04:16 [INFO] [ea3c8980] Completed GET /api/v1/features/catalog - 200 - 0.010s
21:04:16 [INFO] HTTP Request: GET http://testserver/api/v1/features/catalog?features_path=%2Fprivate%2Fvar%2Ffolders%2F_c%2F3xdf41hd3tvgxpx63mrml2c00000gn%2FT%2Fpytest-of-louis%2Fpytest-220%2Ffeature_browser0%2Fsample_features.h5 "HTTP/1.1 200 OK"
PASSED                                                                   [  4%]
tests/api/test_feature_browser.py::test_catalog_includes_statistics 
-------------------------------- live log call ---------------------------------
21:04:16 [INFO] [a05db2fd] Started GET /api/v1/features/catalog from testclient
21:04:16 [INFO] GET /api/v1/features/catalog - 200 - 0.006s
21:04:16 [INFO] [a05db2fd] Completed GET /api/v1/features/catalog - 200 - 0.006s
21:04:16 [INFO] HTTP Request: GET http://testserver/api/v1/features/catalog?features_path=%2Fprivate%2Fvar%2Ffolders%2F_c%2F3xdf41hd3tvgxpx63mrml2c00000gn%2FT%2Fpytest-of-louis%2Fpytest-220%2Ffeature_browser0%2Fsample_features.h5 "HTTP/1.1 200 OK"
PASSED                                                                   [  4%]
tests/api/test_feature_browser.py::test_catalog_unknown_path_404 
-------------------------------- live log call ---------------------------------
21:04:16 [INFO] [e06b1899] Started GET /api/v1/features/catalog from testclient
21:04:16 [WARNING] HTTP 404: features_path not found: /not/exist/sample.h5
21:04:16 [WARNING] GET /api/v1/features/catalog - 404 - 0.001s
21:04:16 [INFO] [e06b1899] Completed GET /api/v1/features/catalog - 404 - 0.001s
21:04:16 [INFO] HTTP Request: GET http://testserver/api/v1/features/catalog?features_path=%2Fnot%2Fexist%2Fsample.h5 "HTTP/1.1 404 Not Found"
PASSED                                                                   [  4%]
tests/api/test_feature_browser.py::test_distribution_50_bins 
-------------------------------- live log call ---------------------------------
21:04:16 [INFO] [d5d80558] Started GET /api/v1/features/feature_0/distribution from testclient
21:04:16 [INFO] GET /api/v1/features/feature_0/distribution - 200 - 0.007s
21:04:16 [INFO] [d5d80558] Completed GET /api/v1/features/feature_0/distribution - 200 - 0.007s
21:04:16 [INFO] HTTP Request: GET http://testserver/api/v1/features/feature_0/distribution?features_path=%2Fprivate%2Fvar%2Ffolders%2F_c%2F3xdf41hd3tvgxpx63mrml2c00000gn%2FT%2Fpytest-of-louis%2Fpytest-220%2Ffeature_browser0%2Fsample_features.h5&bins=50 "HTTP/1.1 200 OK"
PASSED                                                                   [  5%]
tests/api/test_feature_browser.py::test_distribution_statistics_correct 
-------------------------------- live log call ---------------------------------
21:04:16 [INFO] [02176225] Started GET /api/v1/features/feature_0/distribution from testclient
21:04:16 [INFO] GET /api/v1/features/feature_0/distribution - 200 - 0.011s
21:04:16 [INFO] [02176225] Completed GET /api/v1/features/feature_0/distribution - 200 - 0.011s
21:04:16 [INFO] HTTP Request: GET http://testserver/api/v1/features/feature_0/distribution?features_path=%2Fprivate%2Fvar%2Ffolders%2F_c%2F3xdf41hd3tvgxpx63mrml2c00000gn%2FT%2Fpytest-of-louis%2Fpytest-220%2Ffeature_browser0%2Fsample_features.h5&bins=20 "HTTP/1.1 200 OK"
PASSED                                                                   [  5%]
tests/api/test_feature_browser.py::test_distribution_unknown_feature_404 
-------------------------------- live log call ---------------------------------
21:04:16 [INFO] [88eef7bb] Started GET /api/v1/features/unknown/distribution from testclient
21:04:16 [WARNING] HTTP 404: Feature not found: unknown
21:04:16 [WARNING] GET /api/v1/features/unknown/distribution - 404 - 0.005s
21:04:16 [INFO] [88eef7bb] Completed GET /api/v1/features/unknown/distribution - 404 - 0.005s
21:04:16 [INFO] HTTP Request: GET http://testserver/api/v1/features/unknown/distribution?features_path=%2Fprivate%2Fvar%2Ffolders%2F_c%2F3xdf41hd3tvgxpx63mrml2c00000gn%2FT%2Fpytest-of-louis%2Fpytest-220%2Ffeature_browser0%2Fsample_features.h5&bins=20 "HTTP/1.1 404 Not Found"
PASSED                                                                   [  5%]
tests/api/test_feature_browser.py::test_timeseries_single_feature 
-------------------------------- live log call ---------------------------------
21:04:16 [INFO] [e0d7d848] Started GET /api/v1/features/time-series from testclient
21:04:16 [INFO] GET /api/v1/features/time-series - 200 - 0.016s
21:04:16 [INFO] [e0d7d848] Completed GET /api/v1/features/time-series - 200 - 0.016s
21:04:16 [INFO] HTTP Request: GET http://testserver/api/v1/features/time-series?features_path=%2Fprivate%2Fvar%2Ffolders%2F_c%2F3xdf41hd3tvgxpx63mrml2c00000gn%2FT%2Fpytest-of-louis%2Fpytest-220%2Ffeature_browser0%2Fsample_features.h5&features=feature_0 "HTTP/1.1 200 OK"
PASSED                                                                   [  5%]
tests/api/test_feature_browser.py::test_timeseries_multiple_features 
-------------------------------- live log call ---------------------------------
21:04:16 [INFO] [1d4aab0f] Started GET /api/v1/features/time-series from testclient
21:04:16 [INFO] GET /api/v1/features/time-series - 200 - 0.024s
21:04:16 [INFO] [1d4aab0f] Completed GET /api/v1/features/time-series - 200 - 0.024s
21:04:16 [INFO] HTTP Request: GET http://testserver/api/v1/features/time-series?features_path=%2Fprivate%2Fvar%2Ffolders%2F_c%2F3xdf41hd3tvgxpx63mrml2c00000gn%2FT%2Fpytest-of-louis%2Fpytest-220%2Ffeature_browser0%2Fsample_features.h5&features=feature_0%2Cfeature_2%2Cfeature_3 "HTTP/1.1 200 OK"
PASSED                                                                   [  5%]
tests/api/test_feature_browser.py::test_timeseries_sample_rate 
-------------------------------- live log call ---------------------------------
21:04:16 [INFO] [aed68123] Started GET /api/v1/features/time-series from testclient
21:04:16 [INFO] GET /api/v1/features/time-series - 200 - 0.007s
21:04:16 [INFO] [aed68123] Completed GET /api/v1/features/time-series - 200 - 0.007s
21:04:16 [INFO] HTTP Request: GET http://testserver/api/v1/features/time-series?features_path=%2Fprivate%2Fvar%2Ffolders%2F_c%2F3xdf41hd3tvgxpx63mrml2c00000gn%2FT%2Fpytest-of-louis%2Fpytest-220%2Ffeature_browser0%2Fsample_features.h5&features=feature_0&sample_rate=4 "HTTP/1.1 200 OK"
PASSED                                                                   [  5%]
tests/api/test_feature_browser.py::test_correlation_spearman_default 
-------------------------------- live log call ---------------------------------
21:04:16 [INFO] [1447916a] Started GET /api/v1/features/correlation from testclient
21:04:16 [INFO] GET /api/v1/features/correlation - 200 - 0.007s
21:04:16 [INFO] [1447916a] Completed GET /api/v1/features/correlation - 200 - 0.007s
21:04:16 [INFO] HTTP Request: GET http://testserver/api/v1/features/correlation?features_path=%2Fprivate%2Fvar%2Ffolders%2F_c%2F3xdf41hd3tvgxpx63mrml2c00000gn%2FT%2Fpytest-of-louis%2Fpytest-220%2Ffeature_browser0%2Fsample_features.h5&features=feature_0%2Cfeature_1 "HTTP/1.1 200 OK"
PASSED                                                                   [  5%]
tests/api/test_feature_browser.py::test_correlation_max_features_limit 
-------------------------------- live log call ---------------------------------
21:04:16 [INFO] [4323a9f1] Started GET /api/v1/features/correlation from testclient
21:04:16 [INFO] GET /api/v1/features/correlation - 200 - 0.006s
21:04:16 [INFO] [4323a9f1] Completed GET /api/v1/features/correlation - 200 - 0.006s
21:04:16 [INFO] HTTP Request: GET http://testserver/api/v1/features/correlation?features_path=%2Fprivate%2Fvar%2Ffolders%2F_c%2F3xdf41hd3tvgxpx63mrml2c00000gn%2FT%2Fpytest-of-louis%2Fpytest-220%2Ffeature_browser0%2Fsample_features.h5&max_features=2 "HTTP/1.1 200 OK"
PASSED                                                                   [  5%]
tests/api/test_feature_browser.py::test_quality_check_runs_adf 
-------------------------------- live log call ---------------------------------
21:04:16 [INFO] [d27231ce] Started POST /api/v1/features/quality-check from testclient
21:04:16 [INFO] POST /api/v1/features/quality-check - 200 - 0.083s
21:04:16 [INFO] [d27231ce] Completed POST /api/v1/features/quality-check - 200 - 0.083s
21:04:16 [INFO] HTTP Request: POST http://testserver/api/v1/features/quality-check "HTTP/1.1 200 OK"
PASSED                                                                   [  5%]
tests/api/test_feature_browser.py::test_quality_check_selected_features 
-------------------------------- live log call ---------------------------------
21:04:16 [INFO] [36e55e68] Started POST /api/v1/features/quality-check from testclient
21:04:16 [INFO] POST /api/v1/features/quality-check - 200 - 0.031s
21:04:16 [INFO] [36e55e68] Completed POST /api/v1/features/quality-check - 200 - 0.031s
21:04:16 [INFO] HTTP Request: POST http://testserver/api/v1/features/quality-check "HTTP/1.1 200 OK"
PASSED                                                                   [  5%]
tests/api/test_feature_browser.py::test_data_table_pagination 
-------------------------------- live log call ---------------------------------
21:04:16 [INFO] [f71bb3c4] Started GET /api/v1/features/data-table from testclient
21:04:16 [INFO] GET /api/v1/features/data-table - 200 - 0.019s
21:04:16 [INFO] [f71bb3c4] Completed GET /api/v1/features/data-table - 200 - 0.019s
21:04:16 [INFO] HTTP Request: GET http://testserver/api/v1/features/data-table?features_path=%2Fprivate%2Fvar%2Ffolders%2F_c%2F3xdf41hd3tvgxpx63mrml2c00000gn%2FT%2Fpytest-of-louis%2Fpytest-220%2Ffeature_browser0%2Fsample_features.h5&page=2&page_size=100 "HTTP/1.1 200 OK"
PASSED                                                                   [  5%]
tests/api/test_feature_browser.py::test_data_table_column_selection 
-------------------------------- live log call ---------------------------------
21:04:16 [INFO] [e6a13ea2] Started GET /api/v1/features/data-table from testclient
21:04:16 [INFO] GET /api/v1/features/data-table - 200 - 0.006s
21:04:16 [INFO] [e6a13ea2] Completed GET /api/v1/features/data-table - 200 - 0.006s
21:04:16 [INFO] HTTP Request: GET http://testserver/api/v1/features/data-table?features_path=%2Fprivate%2Fvar%2Ffolders%2F_c%2F3xdf41hd3tvgxpx63mrml2c00000gn%2FT%2Fpytest-of-louis%2Fpytest-220%2Ffeature_browser0%2Fsample_features.h5&columns=feature_0%2Cfeature_1&page_size=10 "HTTP/1.1 200 OK"
PASSED                                                                   [  5%]
tests/api/test_feature_browser_routes.py::test_overview_endpoint_200 
-------------------------------- live log call ---------------------------------
21:04:16 [INFO] [24b5566e] Started GET /api/v1/feature-browser/overview from testclient
21:04:16 [INFO] GET /api/v1/feature-browser/overview - 200 - 0.009s
21:04:16 [INFO] [24b5566e] Completed GET /api/v1/feature-browser/overview - 200 - 0.009s
21:04:16 [INFO] HTTP Request: GET http://testserver/api/v1/feature-browser/overview?features_path=%2Fprivate%2Fvar%2Ffolders%2F_c%2F3xdf41hd3tvgxpx63mrml2c00000gn%2FT%2Fpytest-of-louis%2Fpytest-220%2Ffeature_browser_v20%2Fsample_features.h5 "HTTP/1.1 200 OK"
PASSED                                                                   [  5%]
tests/api/test_feature_browser_routes.py::test_distribution_endpoint_200 
-------------------------------- live log call ---------------------------------
21:04:16 [INFO] [b1dec70e] Started GET /api/v1/feature-browser/distribution/feature_0 from testclient
21:04:16 [INFO] GET /api/v1/feature-browser/distribution/feature_0 - 200 - 0.012s
21:04:16 [INFO] [b1dec70e] Completed GET /api/v1/feature-browser/distribution/feature_0 - 200 - 0.012s
21:04:16 [INFO] HTTP Request: GET http://testserver/api/v1/feature-browser/distribution/feature_0?features_path=%2Fprivate%2Fvar%2Ffolders%2F_c%2F3xdf41hd3tvgxpx63mrml2c00000gn%2FT%2Fpytest-of-louis%2Fpytest-220%2Ffeature_browser_v20%2Fsample_features.h5&bins=40 "HTTP/1.1 200 OK"
PASSED                                                                   [  5%]
tests/api/test_feature_browser_routes.py::test_ic_dashboard_endpoint_200 
-------------------------------- live log call ---------------------------------
21:04:16 [INFO] [924a25ec] Started GET /api/v1/feature-browser/ic-dashboard from testclient
21:04:16 [INFO] GET /api/v1/feature-browser/ic-dashboard - 200 - 0.034s
21:04:16 [INFO] [924a25ec] Completed GET /api/v1/feature-browser/ic-dashboard - 200 - 0.034s
21:04:16 [INFO] HTTP Request: GET http://testserver/api/v1/feature-browser/ic-dashboard?features_path=%2Fprivate%2Fvar%2Ffolders%2F_c%2F3xdf41hd3tvgxpx63mrml2c00000gn%2FT%2Fpytest-of-louis%2Fpytest-220%2Ffeature_browser_v20%2Fsample_features.h5 "HTTP/1.1 200 OK"
PASSED                                                                   [  5%]
tests/api/test_feature_browser_routes.py::test_rolling_ic_endpoint_200 
-------------------------------- live log call ---------------------------------
21:04:16 [INFO] [5dacbea6] Started GET /api/v1/feature-browser/rolling-ic/feature_1 from testclient
21:04:16 [INFO] GET /api/v1/feature-browser/rolling-ic/feature_1 - 200 - 0.015s
21:04:17 [INFO] [5dacbea6] Completed GET /api/v1/feature-browser/rolling-ic/feature_1 - 200 - 0.015s
21:04:17 [INFO] HTTP Request: GET http://testserver/api/v1/feature-browser/rolling-ic/feature_1?features_path=%2Fprivate%2Fvar%2Ffolders%2F_c%2F3xdf41hd3tvgxpx63mrml2c00000gn%2FT%2Fpytest-of-louis%2Fpytest-220%2Ffeature_browser_v20%2Fsample_features.h5&window=40 "HTTP/1.1 200 OK"
PASSED                                                                   [  5%]
tests/api/test_feature_browser_routes.py::test_quality_scorecard_endpoint_200 
-------------------------------- live log call ---------------------------------
21:04:17 [INFO] [d624ce60] Started GET /api/v1/feature-browser/quality-scorecard from testclient
21:04:17 [INFO] GET /api/v1/feature-browser/quality-scorecard - 200 - 0.157s
21:04:17 [INFO] [d624ce60] Completed GET /api/v1/feature-browser/quality-scorecard - 200 - 0.157s
21:04:17 [INFO] HTTP Request: GET http://testserver/api/v1/feature-browser/quality-scorecard?features_path=%2Fprivate%2Fvar%2Ffolders%2F_c%2F3xdf41hd3tvgxpx63mrml2c00000gn%2FT%2Fpytest-of-louis%2Fpytest-220%2Ffeature_browser_v20%2Fsample_features.h5 "HTTP/1.1 200 OK"
PASSED                                                                   [  5%]
tests/api/test_feature_browser_routes.py::test_correlation_matrix_endpoint_200 
-------------------------------- live log call ---------------------------------
21:04:17 [INFO] [70553c54] Started GET /api/v1/feature-browser/correlation-matrix from testclient
21:04:17 [INFO] GET /api/v1/feature-browser/correlation-matrix - 200 - 0.009s
21:04:17 [INFO] [70553c54] Completed GET /api/v1/feature-browser/correlation-matrix - 200 - 0.009s
21:04:17 [INFO] HTTP Request: GET http://testserver/api/v1/feature-browser/correlation-matrix?features_path=%2Fprivate%2Fvar%2Ffolders%2F_c%2F3xdf41hd3tvgxpx63mrml2c00000gn%2FT%2Fpytest-of-louis%2Fpytest-220%2Ffeature_browser_v20%2Fsample_features.h5&max_features=20 "HTTP/1.1 200 OK"
PASSED                                                                   [  5%]
tests/api/test_feature_browser_routes.py::test_vif_endpoint_200 
-------------------------------- live log call ---------------------------------
21:04:17 [INFO] [fafb402c] Started GET /api/v1/feature-browser/vif from testclient
21:04:17 [INFO] GET /api/v1/feature-browser/vif - 200 - 0.006s
21:04:17 [INFO] [fafb402c] Completed GET /api/v1/feature-browser/vif - 200 - 0.006s
21:04:17 [INFO] HTTP Request: GET http://testserver/api/v1/feature-browser/vif?features_path=%2Fprivate%2Fvar%2Ffolders%2F_c%2F3xdf41hd3tvgxpx63mrml2c00000gn%2FT%2Fpytest-of-louis%2Fpytest-220%2Ffeature_browser_v20%2Fsample_features.h5 "HTTP/1.1 200 OK"
PASSED                                                                   [  5%]
tests/api/test_feature_browser_routes.py::test_drift_monitor_endpoint_200 
-------------------------------- live log call ---------------------------------
21:04:17 [INFO] [d312b693] Started GET /api/v1/feature-browser/drift-monitor from testclient
21:04:17 [INFO] GET /api/v1/feature-browser/drift-monitor - 200 - 0.014s
21:04:17 [INFO] [d312b693] Completed GET /api/v1/feature-browser/drift-monitor - 200 - 0.014s
21:04:17 [INFO] HTTP Request: GET http://testserver/api/v1/feature-browser/drift-monitor?features_path=%2Fprivate%2Fvar%2Ffolders%2F_c%2F3xdf41hd3tvgxpx63mrml2c00000gn%2FT%2Fpytest-of-louis%2Fpytest-220%2Ffeature_browser_v20%2Fsample_features.h5 "HTTP/1.1 200 OK"
PASSED                                                                   [  5%]
tests/api/test_feature_browser_routes.py::test_shap_summary_endpoint_200 
-------------------------------- live log call ---------------------------------
21:04:17 [INFO] [be2af3af] Started GET /api/v1/feature-browser/shap-summary from testclient
21:04:17 [INFO] GET /api/v1/feature-browser/shap-summary - 200 - 0.016s
21:04:17 [INFO] [be2af3af] Completed GET /api/v1/feature-browser/shap-summary - 200 - 0.016s
21:04:17 [INFO] HTTP Request: GET http://testserver/api/v1/feature-browser/shap-summary?features_path=%2Fprivate%2Fvar%2Ffolders%2F_c%2F3xdf41hd3tvgxpx63mrml2c00000gn%2FT%2Fpytest-of-louis%2Fpytest-220%2Ffeature_browser_v20%2Fsample_features.h5 "HTTP/1.1 200 OK"
PASSED                                                                   [  6%]
tests/api/test_feature_browser_routes.py::test_importance_comparison_endpoint_200 
-------------------------------- live log call ---------------------------------
21:04:17 [INFO] [49138ca7] Started GET /api/v1/feature-browser/importance-comparison from testclient
21:04:17 [INFO] GET /api/v1/feature-browser/importance-comparison - 200 - 0.007s
21:04:17 [INFO] [49138ca7] Completed GET /api/v1/feature-browser/importance-comparison - 200 - 0.007s
21:04:17 [INFO] HTTP Request: GET http://testserver/api/v1/feature-browser/importance-comparison?features_path=%2Fprivate%2Fvar%2Ffolders%2F_c%2F3xdf41hd3tvgxpx63mrml2c00000gn%2FT%2Fpytest-of-louis%2Fpytest-220%2Ffeature_browser_v20%2Fsample_features.h5 "HTTP/1.1 200 OK"
PASSED                                                                   [  6%]
tests/api/test_feature_browser_routes.py::test_overview_missing_path_404 
-------------------------------- live log call ---------------------------------
21:04:17 [INFO] [cb097002] Started GET /api/v1/feature-browser/overview from testclient
21:04:17 [WARNING] HTTP 404: features_path not found: /tmp/does_not_exist.h5
21:04:17 [WARNING] GET /api/v1/feature-browser/overview - 404 - 0.002s
21:04:17 [INFO] [cb097002] Completed GET /api/v1/feature-browser/overview - 404 - 0.002s
21:04:17 [INFO] HTTP Request: GET http://testserver/api/v1/feature-browser/overview?features_path=%2Ftmp%2Fdoes_not_exist.h5 "HTTP/1.1 404 Not Found"
PASSED                                                                   [  6%]
tests/api/test_feature_browser_routes.py::test_distribution_unknown_feature_404 
-------------------------------- live log call ---------------------------------
21:04:17 [INFO] [1cc3a961] Started GET /api/v1/feature-browser/distribution/not_exists from testclient
21:04:17 [WARNING] HTTP 404: Feature not found: not_exists
21:04:17 [WARNING] GET /api/v1/feature-browser/distribution/not_exists - 404 - 0.008s
21:04:17 [INFO] [1cc3a961] Completed GET /api/v1/feature-browser/distribution/not_exists - 404 - 0.008s
21:04:17 [INFO] HTTP Request: GET http://testserver/api/v1/feature-browser/distribution/not_exists?features_path=%2Fprivate%2Fvar%2Ffolders%2F_c%2F3xdf41hd3tvgxpx63mrml2c00000gn%2FT%2Fpytest-of-louis%2Fpytest-220%2Ffeature_browser_v20%2Fsample_features.h5 "HTTP/1.1 404 Not Found"
PASSED                                                                   [  6%]
tests/api/test_feature_browser_routes.py::test_coverage_matrix_endpoint_200 
-------------------------------- live log call ---------------------------------
21:04:17 [INFO] [d0d7e31e] Started POST /api/v1/feature-browser/coverage-matrix from testclient
21:04:17 [INFO] POST /api/v1/feature-browser/coverage-matrix - 200 - 0.012s
21:04:17 [INFO] [d0d7e31e] Completed POST /api/v1/feature-browser/coverage-matrix - 200 - 0.012s
21:04:17 [INFO] HTTP Request: POST http://testserver/api/v1/feature-browser/coverage-matrix "HTTP/1.1 200 OK"
PASSED                                                                   [  6%]
tests/api/test_feature_browser_routes.py::test_coverage_matrix_requires_at_least_two_symbols 
-------------------------------- live log call ---------------------------------
21:04:17 [INFO] [37c5e5b1] Started POST /api/v1/feature-browser/coverage-matrix from testclient
21:04:17 [WARNING] HTTP 400: Coverage Matrix 需至少 2 個 Symbol
21:04:17 [WARNING] POST /api/v1/feature-browser/coverage-matrix - 400 - 0.004s
21:04:17 [INFO] [37c5e5b1] Completed POST /api/v1/feature-browser/coverage-matrix - 400 - 0.004s
21:04:17 [INFO] HTTP Request: POST http://testserver/api/v1/feature-browser/coverage-matrix "HTTP/1.1 400 Bad Request"
PASSED                                                                   [  6%]
tests/api/test_feature_browser_service.py::test_get_overview 
-------------------------------- live log setup --------------------------------
21:04:17 [INFO] Loaded feature registry with 213 entries
PASSED                                                                   [  6%]
tests/api/test_feature_browser_service.py::test_get_ic_dashboard PASSED  [  6%]
tests/api/test_feature_browser_service.py::test_get_rolling_ic PASSED    [  6%]
tests/api/test_feature_browser_service.py::test_get_quality_scorecard PASSED [  6%]
tests/api/test_feature_browser_service.py::test_get_correlation_matrix_truncation PASSED [  6%]
tests/api/test_feature_browser_service.py::test_get_vif PASSED           [  6%]
tests/api/test_feature_browser_service.py::test_get_drift_monitor PASSED [  6%]
tests/api/test_feature_browser_service.py::test_get_shap_summary PASSED  [  6%]
tests/api/test_feature_browser_service.py::test_get_importance_comparison PASSED [  6%]
tests/api/test_feature_browser_service.py::test_missing_file_raises PASSED [  6%]
tests/api/test_feature_browser_service.py::test_get_coverage_matrix PASSED [  6%]
tests/api/test_feature_export.py::test_export_csv_stream_success 
-------------------------------- live log call ---------------------------------
21:04:18 [INFO] HTTP Request: GET http://test/api/v1/features/export/task-123/csv "HTTP/1.1 200 OK"
PASSED                                                                   [  6%]
tests/api/test_feature_export.py::test_export_csv_columns_filter 
-------------------------------- live log call ---------------------------------
21:04:18 [INFO] HTTP Request: GET http://test/api/v1/features/export/task-1/csv?columns=a%2Cb%2Cc "HTTP/1.1 200 OK"
PASSED                                                                   [  6%]
tests/api/test_feature_export.py::test_export_csv_max_rows 
-------------------------------- live log call ---------------------------------
21:04:18 [INFO] HTTP Request: GET http://test/api/v1/features/export/task-1/csv?max_rows=10 "HTTP/1.1 200 OK"
PASSED                                                                   [  6%]
tests/api/test_feature_export.py::test_export_csv_metadata_header_flag 
-------------------------------- live log call ---------------------------------
21:04:18 [INFO] HTTP Request: GET http://test/api/v1/features/export/task-1/csv?include_metadata_header=false "HTTP/1.1 200 OK"
PASSED                                                                   [  7%]
tests/api/test_feature_export.py::test_export_csv_not_found 
-------------------------------- live log call ---------------------------------
21:04:18 [INFO] HTTP Request: GET http://test/api/v1/features/export/missing/csv "HTTP/1.1 404 Not Found"
PASSED                                                                   [  7%]
tests/api/test_feature_export.py::test_export_json_schema_structure 
-------------------------------- live log call ---------------------------------
21:04:19 [INFO] HTTP Request: GET http://test/api/v1/features/export/task-1/json "HTTP/1.1 200 OK"
PASSED                                                                   [  7%]
tests/api/test_feature_export.py::test_export_json_level_catalog 
-------------------------------- live log call ---------------------------------
21:04:19 [INFO] HTTP Request: GET http://test/api/v1/features/export/task-1/json "HTTP/1.1 200 OK"
PASSED                                                                   [  7%]
tests/api/test_feature_export.py::test_export_json_per_feature_statistics 
-------------------------------- live log call ---------------------------------
21:04:19 [INFO] HTTP Request: GET http://test/api/v1/features/export/task-1/json "HTTP/1.1 200 OK"
[...]
ERROR    momentum.FeatureEngineering.preprocessing.feature_preprocessor:feature_preprocessor.py:267 [L6.5] Failed group 12h_L1_trend_HT-TRENDLINE: Failed to write manifest after persisting 12h_L1_trend_HT-TRENDLINE_L65: [Errno 2] No such file or directory: '/Users/louis/Desktop/quantitative_trading_system/data_cache/cgsa_work/BTCUSDT_12h_e8296a94/manifest.json.tmp' -> '/Users/louis/Desktop/quantitative_trading_system/data_cache/cgsa_work/BTCUSDT_12h_e8296a94/manifest.json'
Traceback (most recent call last):
  File "/Users/louis/Desktop/quantitative_trading_system/momentum/FeatureEngineering/core/column_group_registry.py", line 239, in save_data
    self._write_manifest_thread_safe()
  File "/Users/louis/Desktop/quantitative_trading_system/momentum/FeatureEngineering/core/column_group_registry.py", line 565, in _write_manifest_thread_safe
    self._write_manifest()
  File "/Users/louis/Desktop/quantitative_trading_system/momentum/FeatureEngineering/core/column_group_registry.py", line 512, in _write_manifest
    os.replace(temp_path, manifest_path)
FileNotFoundError: [Errno 2] No such file or directory: '/Users/louis/Desktop/quantitative_trading_system/data_cache/cgsa_work/BTCUSDT_12h_e8296a94/manifest.json.tmp' -> '/Users/louis/Desktop/quantitative_trading_system/data_cache/cgsa_work/BTCUSDT_12h_e8296a94/manifest.json'

The above exception was the direct cause of the following exception:

Traceback (most recent call last):
  File "/Users/louis/Desktop/quantitative_trading_system/momentum/FeatureEngineering/preprocessing/feature_preprocessor.py", line 263, in _transform_registry_parallel
    future.result()
  File "/Library/Developer/CommandLineTools/Library/Frameworks/Python3.framework/Versions/3.9/lib/python3.9/concurrent/futures/_base.py", line 438, in result
    return self.__get_result()
  File "/Library/Developer/CommandLineTools/Library/Frameworks/Python3.framework/Versions/3.9/lib/python3.9/concurrent/futures/_base.py", line 390, in __get_result
    raise self._exception
  File "/Library/Developer/CommandLineTools/Library/Frameworks/Python3.framework/Versions/3.9/lib/python3.9/concurrent/futures/thread.py", line 52, in run
    result = self.fn(*self.args, **self.kwargs)
  File "/Users/louis/Desktop/quantitative_trading_system/momentum/FeatureEngineering/preprocessing/feature_preprocessor.py", line 342, in _transform_single_group
    registry.save_data(new_group, new_array)
  File "/Users/louis/Desktop/quantitative_trading_system/momentum/FeatureEngineering/core/column_group_registry.py", line 244, in save_data
    raise ColumnGroupRegistryError(
momentum.FeatureEngineering.core.column_group_registry.ColumnGroupRegistryError: Failed to write manifest after persisting 12h_L1_trend_HT-TRENDLINE_L65: [Errno 2] No such file or directory: '/Users/louis/Desktop/quantitative_trading_system/data_cache/cgsa_work/BTCUSDT_12h_e8296a94/manifest.json.tmp' -> '/Users/louis/Desktop/quantitative_trading_system/data_cache/cgsa_work/BTCUSDT_12h_e8296a94/manifest.json'
ERROR    momentum.FeatureEngineering.preprocessing.feature_preprocessor:feature_preprocessor.py:267 [L6.5] Failed group 12h_L1_momentum_STOCH-slowd_21-3-0-3-0: Failed to write manifest after overwriting 12h_L1_momentum_STOCH-slowd_21-3-0-3-0: [Errno 2] No such file or directory: '/Users/louis/Desktop/quantitative_trading_system/data_cache/cgsa_work/BTCUSDT_12h_e8296a94/manifest.json.tmp' -> '/Users/louis/Desktop/quantitative_trading_system/data_cache/cgsa_work/BTCUSDT_12h_e8296a94/manifest.json'
Traceback (most recent call last):
  File "/Users/louis/Desktop/quantitative_trading_system/momentum/FeatureEngineering/core/column_group_registry.py", line 307, in overwrite_data
    self._write_manifest_thread_safe()
  File "/Users/louis/Desktop/quantitative_trading_system/momentum/FeatureEngineering/core/column_group_registry.py", line 565, in _write_manifest_thread_safe
    self._write_manifest()
  File "/Users/louis/Desktop/quantitative_trading_system/momentum/FeatureEngineering/core/column_group_registry.py", line 512, in _write_manifest
    os.replace(temp_path, manifest_path)
FileNotFoundError: [Errno 2] No such file or directory: '/Users/louis/Desktop/quantitative_trading_system/data_cache/cgsa_work/BTCUSDT_12h_e8296a94/manifest.json.tmp' -> '/Users/louis/Desktop/quantitative_trading_system/data_cache/cgsa_work/BTCUSDT_12h_e8296a94/manifest.json'

The above exception was the direct cause of the following exception:

Traceback (most recent call last):
  File "/Users/louis/Desktop/quantitative_trading_system/momentum/FeatureEngineering/preprocessing/feature_preprocessor.py", line 263, in _transform_registry_parallel
    future.result()
  File "/Library/Developer/CommandLineTools/Library/Frameworks/Python3.framework/Versions/3.9/lib/python3.9/concurrent/futures/_base.py", line 438, in result
    return self.__get_result()
  File "/Library/Developer/CommandLineTools/Library/Frameworks/Python3.framework/Versions/3.9/lib/python3.9/concurrent/futures/_base.py", line 390, in __get_result
    raise self._exception
  File "/Library/Developer/CommandLineTools/Library/Frameworks/Python3.framework/Versions/3.9/lib/python3.9/concurrent/futures/thread.py", line 52, in run
    result = self.fn(*self.args, **self.kwargs)
  File "/Users/louis/Desktop/quantitative_trading_system/momentum/FeatureEngineering/preprocessing/feature_preprocessor.py", line 322, in _transform_single_group
    registry.overwrite_data(group_id, orig_array)
  File "/Users/louis/Desktop/quantitative_trading_system/momentum/FeatureEngineering/core/column_group_registry.py", line 309, in overwrite_data
    raise ColumnGroupRegistryError(
momentum.FeatureEngineering.core.column_group_registry.ColumnGroupRegistryError: Failed to write manifest after overwriting 12h_L1_momentum_STOCH-slowd_21-3-0-3-0: [Errno 2] No such file or directory: '/Users/louis/Desktop/quantitative_trading_system/data_cache/cgsa_work/BTCUSDT_12h_e8296a94/manifest.json.tmp' -> '/Users/louis/Desktop/quantitative_trading_system/data_cache/cgsa_work/BTCUSDT_12h_e8296a94/manifest.json'
ERROR    momentum.FeatureEngineering.preprocessing.feature_preprocessor:feature_preprocessor.py:267 [L6.5] Failed group 12h_L1_momentum_STOCH-slowd_13-5-0-3-0: Failed to write manifest after persisting 12h_L1_momentum_STOCH-slowd_13-5-0-3-0_L65: [Errno 2] No such file or directory: '/Users/louis/Desktop/quantitative_trading_system/data_cache/cgsa_work/BTCUSDT_12h_e8296a94/manifest.json.tmp' -> '/Users/louis/Desktop/quantitative_trading_system/data_cache/cgsa_work/BTCUSDT_12h_e8296a94/manifest.json'
Traceback (most recent call last):
  File "/Users/louis/Desktop/quantitative_trading_system/momentum/FeatureEngineering/core/column_group_registry.py", line 239, in save_data
    self._write_manifest_thread_safe()
  File "/Users/louis/Desktop/quantitative_trading_system/momentum/FeatureEngineering/core/column_group_registry.py", line 565, in _write_manifest_thread_safe
    self._write_manifest()
  File "/Users/louis/Desktop/quantitative_trading_system/momentum/FeatureEngineering/core/column_group_registry.py", line 512, in _write_manifest
    os.replace(temp_path, manifest_path)
FileNotFoundError: [Errno 2] No such file or directory: '/Users/louis/Desktop/quantitative_trading_system/data_cache/cgsa_work/BTCUSDT_12h_e8296a94/manifest.json.tmp' -> '/Users/louis/Desktop/quantitative_trading_system/data_cache/cgsa_work/BTCUSDT_12h_e8296a94/manifest.json'

The above exception was the direct cause of the following exception:

Traceback (most recent call last):
  File "/Users/louis/Desktop/quantitative_trading_system/momentum/FeatureEngineering/preprocessing/feature_preprocessor.py", line 263, in _transform_registry_parallel
    future.result()
  File "/Library/Developer/CommandLineTools/Library/Frameworks/Python3.framework/Versions/3.9/lib/python3.9/concurrent/futures/_base.py", line 438, in result
    return self.__get_result()
  File "/Library/Developer/CommandLineTools/Library/Frameworks/Python3.framework/Versions/3.9/lib/python3.9/concurrent/futures/_base.py", line 390, in __get_result
    raise self._exception
  File "/Library/Developer/CommandLineTools/Library/Frameworks/Python3.framework/Versions/3.9/lib/python3.9/concurrent/futures/thread.py", line 52, in run
    result = self.fn(*self.args, **self.kwargs)
  File "/Users/louis/Desktop/quantitative_trading_system/momentum/FeatureEngineering/preprocessing/feature_preprocessor.py", line 342, in _transform_single_group
    registry.save_data(new_group, new_array)
  File "/Users/louis/Desktop/quantitative_trading_system/momentum/FeatureEngineering/core/column_group_registry.py", line 244, in save_data
    raise ColumnGroupRegistryError(
momentum.FeatureEngineering.core.column_group_registry.ColumnGroupRegistryError: Failed to write manifest after persisting 12h_L1_momentum_STOCH-slowd_13-5-0-3-0_L65: [Errno 2] No such file or directory: '/Users/louis/Desktop/quantitative_trading_system/data_cache/cgsa_work/BTCUSDT_12h_e8296a94/manifest.json.tmp' -> '/Users/louis/Desktop/quantitative_trading_system/data_cache/cgsa_work/BTCUSDT_12h_e8296a94/manifest.json'
ERROR    momentum.FeatureEngineering.preprocessing.feature_preprocessor:feature_preprocessor.py:267 [L6.5] Failed group 12h_L1_momentum_STOCH-slowd_34-5-0-3-0: Failed to write manifest after persisting 12h_L1_momentum_STOCH-slowd_34-5-0-3-0_L65: [Errno 2] No such file or directory: '/Users/louis/Desktop/quantitative_trading_system/data_cache/cgsa_work/BTCUSDT_12h_e8296a94/manifest.json.tmp' -> '/Users/louis/Desktop/quantitative_trading_system/data_cache/cgsa_work/BTCUSDT_12h_e8296a94/manifest.json'
Traceback (most recent call last):
  File "/Users/louis/Desktop/quantitative_trading_system/momentum/FeatureEngineering/core/column_group_registry.py", line 239, in save_data
    self._write_manifest_thread_safe()
  File "/Users/louis/Desktop/quantitative_trading_system/momentum/FeatureEngineering/core/column_group_registry.py", line 565, in _write_manifest_thread_safe
    self._write_manifest()
  File "/Users/louis/Desktop/quantitative_trading_system/momentum/FeatureEngineering/core/column_group_registry.py", line 512, in _write_manifest
    os.replace(temp_path, manifest_path)
FileNotFoundError: [Errno 2] No such file or directory: '/Users/louis/Desktop/quantitative_trading_system/data_cache/cgsa_work/BTCUSDT_12h_e8296a94/manifest.json.tmp' -> '/Users/louis/Desktop/quantitative_trading_system/data_cache/cgsa_work/BTCUSDT_12h_e8296a94/manifest.json'

The above exception was the direct cause of the following exception:

Traceback (most recent call last):
  File "/Users/louis/Desktop/quantitative_trading_system/momentum/FeatureEngineering/preprocessing/feature_preprocessor.py", line 263, in _transform_registry_parallel
    future.result()
  File "/Library/Developer/CommandLineTools/Library/Frameworks/Python3.framework/Versions/3.9/lib/python3.9/concurrent/futures/_base.py", line 438, in result
    return self.__get_result()
  File "/Library/Developer/CommandLineTools/Library/Frameworks/Python3.framework/Versions/3.9/lib/python3.9/concurrent/futures/_base.py", line 390, in __get_result
    raise self._exception
  File "/Library/Developer/CommandLineTools/Library/Frameworks/Python3.framework/Versions/3.9/lib/python3.9/concurrent/futures/thread.py", line 52, in run
    result = self.fn(*self.args, **self.kwargs)
  File "/Users/louis/Desktop/quantitative_trading_system/momentum/FeatureEngineering/preprocessing/feature_preprocessor.py", line 342, in _transform_single_group
    registry.save_data(new_group, new_array)
  File "/Users/louis/Desktop/quantitative_trading_system/momentum/FeatureEngineering/core/column_group_registry.py", line 244, in save_data
    raise ColumnGroupRegistryError(
momentum.FeatureEngineering.core.column_group_registry.ColumnGroupRegistryError: Failed to write manifest after persisting 12h_L1_momentum_STOCH-slowd_34-5-0-3-0_L65: [Errno 2] No such file or directory: '/Users/louis/Desktop/quantitative_trading_system/data_cache/cgsa_work/BTCUSDT_12h_e8296a94/manifest.json.tmp' -> '/Users/louis/Desktop/quantitative_trading_system/data_cache/cgsa_work/BTCUSDT_12h_e8296a94/manifest.json'
INFO     momentum.FeatureEngineering.preprocessing.feature_preprocessor:feature_preprocessor.py:275 [L6.5] Parallel complete: 263/281 groups in 20.92s, 4 workers (18 failed)
INFO     momentum.FeatureEngineering.feature_factory:feature_factory.py:1423 [Layer 6.5] 100% - Layer 6.5 completed: 0 features
=============================== warnings summary ===============================
momentum/FeatureEngineering/feature_extractor.py:367
momentum/FeatureEngineering/feature_extractor.py:367
momentum/FeatureEngineering/feature_extractor.py:367
  /Users/louis/Desktop/quantitative_trading_system/momentum/FeatureEngineering/feature_extractor.py:367: FutureWarning: Downcasting object dtype arrays on .fillna, .ffill, .bfill is deprecated and will change in a future version. Call result.infer_objects(copy=False) instead. To opt-in to the future behavior, set `pd.set_option('future.no_silent_downcasting', True)`
    ema_short_above_prev = ema_short_above.shift(1).fillna(False)

tests/api/test_feature_api.py::test_feature_extraction_api
tests/api/test_feature_api.py::test_feature_task_status_api
tests/momentum/test_feature_extractor.py::test_feature_extraction_ema_strategy
tests/momentum/test_feature_extractor.py::test_feature_no_nan_inf
tests/momentum/test_feature_extractor.py::test_dynamic_feature_generation
tests/momentum/test_feature_extractor.py::test_dynamic_feature_generation
tests/momentum/test_feature_extractor.py::test_dynamic_feature_generation
tests/momentum/test_feature_extractor.py::test_multi_indicator_strategy
  /Users/louis/Desktop/quantitative_trading_system/momentum/FeatureEngineering/indicators/ema_extractor.py:167: FutureWarning: Downcasting object dtype arrays on .fillna, .ffill, .bfill is deprecated and will change in a future version. Call result.infer_objects(copy=False) instead. To opt-in to the future behavior, set `pd.set_option('future.no_silent_downcasting', True)`
    ema_short_above_prev = ema_short_above.shift(1).fillna(False)

tests/api/test_feature_api.py::test_feature_extraction_api
tests/api/test_feature_api.py::test_feature_task_status_api
  /Users/louis/Desktop/quantitative_trading_system/momentum/FeatureEngineering/feature_validator.py:357: FutureWarning: DataFrame.fillna with 'method' is deprecated and will raise in a future version. Use obj.ffill() or obj.bfill() instead.
    df[feature_names] = df[feature_names].fillna(method='ffill')

tests/integration/test_optuna_checkpoint_recovery.py::test_checkpoint_manager_save_and_load
tests/integration/test_optuna_checkpoint_recovery.py::test_checkpoint_load_then_continue_optimization
  /Users/louis/Desktop/quantitative_trading_system/momentum/Optimization/checkpoint_manager.py:150: FutureWarning: system_attrs has been deprecated in v3.1.0. This feature will be removed in v5.0.0. See https://github.com/optuna/optuna/releases/tag/v3.1.0.
    'system_attrs': study.system_attrs,

tests/momentum/Analysis/test_lightgbm_analyzer.py: 55 warnings
tests/momentum/Analysis/test_lightgbm_edge_cases.py: 200 warnings
tests/momentum/Analysis/test_model_trainer_protocol.py: 5 warnings
  /Users/louis/Desktop/quantitative_trading_system/venv/lib/python3.9/site-packages/sklearn/utils/validation.py:2739: UserWarning: X does not have valid feature names, but LGBMClassifier was fitted with feature names
    warnings.warn(

tests/momentum/Analysis/test_lightgbm_analyzer.py::test_shap_methods_smoke
tests/momentum/Analysis/test_lightgbm_analyzer.py::test_shap_methods_smoke
tests/momentum/Analysis/test_lightgbm_edge_cases.py::test_h1_shap_sample_size_handling[1-lightgbm]
tests/momentum/Analysis/test_lightgbm_edge_cases.py::test_h1_shap_sample_size_handling[5-lightgbm]
tests/momentum/Analysis/test_lightgbm_edge_cases.py::test_h1_shap_sample_size_handling[20-lightgbm]
tests/momentum/Analysis/test_lightgbm_edge_cases.py::test_h1_shap_sample_size_handling[50-lightgbm]
tests/momentum/Analysis/test_lightgbm_edge_cases.py::test_h1_shap_sample_size_handling[9999-lightgbm]
tests/momentum/Analysis/test_shared_analyzers_lightgbm.py::test_lightgbm_shap_global_and_single_case
tests/momentum/Analysis/test_shared_analyzers_lightgbm.py::test_lightgbm_shap_global_and_single_case
  /Users/louis/Desktop/quantitative_trading_system/venv/lib/python3.9/site-packages/shap/explainers/_tree.py:586: UserWarning: LightGBM binary classifier with TreeExplainer shap values output has changed to a list of ndarray
    warnings.warn(

tests/momentum/Optimization/test_optuna_objectives.py::test_optuna_optimizer_pluggable_objective_runs_trials
tests/momentum/Optimization/test_optuna_objectives.py::test_multi_objective_auto_nsga2_sampler
  /Users/louis/Desktop/quantitative_trading_system/venv/lib/python3.9/site-packages/optuna/_experimental.py:32: ExperimentalWarning: Argument ``multivariate`` is an experimental feature. The interface can change in the future.
    warnings.warn(

tests/momentum/Optimization/test_optuna_objectives.py::test_optuna_optimizer_pluggable_objective_runs_trials
tests/momentum/Optimization/test_optuna_objectives.py::test_multi_objective_auto_nsga2_sampler
  /Users/louis/Desktop/quantitative_trading_system/venv/lib/python3.9/site-packages/optuna/_experimental.py:32: ExperimentalWarning: Argument ``constant_liar`` is an experimental feature. The interface can change in the future.
    warnings.warn(

tests/momentum/Optimization/test_optuna_objectives.py::test_strategy_backtest_objective_single_and_multi
tests/momentum/Optimization/test_optuna_objectives.py::test_strategy_backtest_objective_single_and_multi
  /Users/louis/Desktop/quantitative_trading_system/venv/lib/python3.9/site-packages/optuna/trial/_fixed.py:152: UserWarning: The value 1 of the parameter 'cooldown_bars' is out of the range of the distribution IntDistribution(high=20, log=False, low=0, step=5).
    warnings.warn(

tests/momentum/test_cv_validator.py::test_validate_single_class_outputs
  /Users/louis/Desktop/quantitative_trading_system/momentum/Analysis/model_validation/cv_validator.py:87: RuntimeWarning: Mean of empty slice
    cv_auc_mean = float(np.nanmean(fold_aucs)) if fold_aucs else np.nan

tests/momentum/test_cv_validator.py::test_validate_single_class_outputs
  /Users/louis/Desktop/quantitative_trading_system/venv/lib/python3.9/site-packages/numpy/lib/nanfunctions.py:1879: RuntimeWarning: Degrees of freedom <= 0 for slice.
    var = nanvar(a, axis=axis, dtype=dtype, out=out, ddof=ddof,

tests/momentum/test_feature_extractor.py::test_feature_no_nan_inf
  /Users/louis/Desktop/quantitative_trading_system/tests/momentum/test_feature_extractor.py:90: FutureWarning: DataFrame.fillna with 'method' is deprecated and will raise in a future version. Use obj.ffill() or obj.bfill() instead.
    features_df[feature_names] = features_df[feature_names].fillna(method='ffill')

tests/momentum/test_feature_extractor.py::test_multi_indicator_strategy
  /Users/louis/Desktop/quantitative_trading_system/momentum/FeatureEngineering/indicators/macd_extractor.py:109: FutureWarning: Downcasting object dtype arrays on .fillna, .ffill, .bfill is deprecated and will change in a future version. Call result.infer_objects(copy=False) instead. To opt-in to the future behavior, set `pd.set_option('future.no_silent_downcasting', True)`
    macd_above_prev = macd_above.shift(1).fillna(False)

-- Docs: https://docs.pytest.org/en/stable/how-to/capture-warnings.html
=========================== short test summary info ============================
FAILED tests/momentum/test_feature_factory_optimization_perf.py::test_full_pipeline_overhead
!!!!!!!!!!!!!!!!!!!!!!!!!! stopping after 1 failures !!!!!!!!!!!!!!!!!!!!!!!!!!!
= 1 failed, 869 passed, 24 skipped, 19 deselected, 294 warnings in 691.94s (0:11:31) =
