============================= test session starts ==============================
platform darwin -- Python 3.9.6, pytest-8.4.2, pluggy-1.6.0 -- /Users/louis/Desktop/quantitative_trading_system/venv/bin/python3
cachedir: .pytest_cache
rootdir: /Users/louis/Desktop/quantitative_trading_system
configfile: pytest.ini
plugins: asyncio-1.2.0, anyio-4.10.0, cov-7.0.0
asyncio: mode=strict, debug=False, asyncio_default_fixture_loop_scope=None, asyncio_default_test_loop_scope=function
collecting ... [2026-04-18 01:34:55,332] INFO momentum.FeatureEngineering.strategy_registry: ✅ 成功註冊 EMAExtractor

----------------------------- live log collection ------------------------------
01:34:55 [INFO] ✅ 成功註冊 EMAExtractor
01:34:56 [INFO] 所有中間件已設置完成
01:34:56 [INFO] 異常處理器設置完成
01:34:56 [INFO] StandaloneSearchService initialized - momentum modules will be loaded on demand
01:34:56 [INFO] CaseStorageManager initialized (persistent=True, json_path=/Users/louis/Desktop/quantitative_trading_system/data_cache/cases.json, cases=0)
01:34:56 [INFO] Created global CaseStorageManager instance
01:34:56 [INFO] CaseImportService initialized
01:34:56 [INFO] Created global CaseImportService instance with shared storage
01:34:56 [INFO] KlineStorageManager initialized: /Users/louis/Desktop/quantitative_trading_system/data_cache/kline_cache.h5
01:34:56 [INFO] KlineDownloadService initialized
01:34:56 [INFO] Rate limiter initialized: 1000 req/min
01:34:56 [INFO] BinanceProvider initialized
01:34:56 [INFO] Registered provider: binance (rate_limit=1000/min)
01:34:56 [INFO] Registered BinanceProvider to KlineDownloadService
01:34:56 [INFO] BatchDownloadService initialized
01:34:56 [INFO] Created global BatchDownloadService instance with shared storage
01:34:56 [INFO] KlineStorageManager initialized: data_cache/kline_cache.h5
01:34:56 [INFO] KlineDownloadService initialized
01:34:56 [INFO] Rate limiter initialized: 1000 req/min
01:34:56 [INFO] BinanceProvider initialized
01:34:56 [INFO] Registered provider: binance (rate_limit=1000/min)
01:34:56 [INFO] KlineStorageManager initialized: data_cache/kline_cache.h5
01:34:56 [INFO] IndicatorEngine initialized
01:34:56 [INFO] ChartDataService initialized with IndicatorEngine
01:34:56 [INFO] OptimizationTaskService initialized
01:34:56 [INFO] Loaded feature registry with 883 entries
01:34:56 [INFO] Loaded feature registry with 883 entries
01:34:56 [INFO] KlineStorageManager initialized: /Users/louis/Desktop/quantitative_trading_system/data_cache/feature_klines/kline_cache.h5
01:34:56 [INFO] Registered adapter: crypto_spot
01:34:56 [INFO] Loaded feature registry with 883 entries
01:34:56 [INFO] Loaded feature registry with 883 entries
01:34:56 [INFO] Loaded feature registry with 883 entries
01:34:56 [INFO] Loaded feature registry with 883 entries
01:34:56 [INFO] WebSocketConnectionManager initialized
01:34:56 [INFO] All API routes registered successfully
01:34:57 [INFO] 使用數據源 'close' 計算 EMA 特徵
01:34:57 [INFO] 使用數據源 'volume' 計算 EMA 特徵
01:34:57 [INFO] 使用數據源 'taker_ratio' 計算 EMA 特徵
01:34:57 [WARNING] Indicator 'ema' already registered, skipping overwrite
01:34:57 [INFO] Registered functional indicator: 'ema' -> EMAIndicator (calculate_fn=calculate_ema, validate_fn=validate_ema_params)
01:34:57 [INFO] KlineStorageManager initialized: data_cache/kline_cache.h5
01:34:57 [INFO] IndicatorEngine initialized
01:34:57 [WARNING] Data length (3) < period (20), returning all NaN
01:34:57 [INFO] Loading strategies from /Users/louis/Desktop/quantitative_trading_system/config/strategies.yaml
01:34:57 [INFO] Loaded strategy: three_line (三線排列)
01:34:57 [INFO] Loaded strategy: short_long_cross (短長交叉)
01:34:57 [INFO] Loaded strategy: mid_long_cross (中長交叉)
01:34:57 [INFO] Strategy registry initialized with 3 strategies
01:34:57 [INFO] 開始訓練 XGBoost 模型 - 樣本數: 100, 特徵數: 5
01:34:57 [INFO] 標籤分佈: {0: 50, 1: 50}
01:34:57 [INFO] 訓練集: 80 樣本, 驗證集: 20 樣本
01:34:57 [INFO] 開始交叉驗證 - 5-fold CV
01:34:57 [INFO] Fold 1/5 - AUC: 0.6400, Precision: 0.5385, Recall: 0.7000, F1: 0.6087
01:34:57 [INFO] Fold 2/5 - AUC: 0.6500, Precision: 0.6667, Recall: 0.6000, F1: 0.6316
01:34:57 [INFO] Fold 3/5 - AUC: 0.2700, Precision: 0.4000, Recall: 0.6000, F1: 0.4800
01:34:57 [INFO] Fold 4/5 - AUC: 0.4600, Precision: 0.6000, Recall: 0.6000, F1: 0.6000
01:34:57 [INFO] Fold 5/5 - AUC: 0.5000, Precision: 0.6000, Recall: 0.3000, F1: 0.4000
01:34:57 [INFO] 校準指標 - Brier: 0.2480, ECE: 0.0908, 品質: fair
01:34:57 [INFO] 交叉驗證完成 - Train AUC: 0.6140, CV AUC: 0.5040 ± 0.1389, Overfitting: 0.1100
01:34:57 [INFO] 訓練完成 - Train AUC: 0.6125, CV AUC: 0.5040 ± 0.1389
01:34:57 [INFO] 開始訓練 XGBoost 模型 - 樣本數: 100, 特徵數: 5
01:34:57 [INFO] 標籤分佈: {0: 50, 1: 50}
01:34:57 [INFO] 訓練集: 80 樣本, 驗證集: 20 樣本
01:34:58 [INFO] 開始交叉驗證 - 5-fold CV
01:34:58 [INFO] Fold 1/5 - AUC: 0.6400, Precision: 0.5385, Recall: 0.7000, F1: 0.6087
01:34:58 [INFO] Fold 2/5 - AUC: 0.6500, Precision: 0.6667, Recall: 0.6000, F1: 0.6316
01:34:58 [INFO] Fold 3/5 - AUC: 0.2700, Precision: 0.4000, Recall: 0.6000, F1: 0.4800
01:34:58 [INFO] Fold 4/5 - AUC: 0.4600, Precision: 0.6000, Recall: 0.6000, F1: 0.6000
01:34:58 [INFO] Fold 5/5 - AUC: 0.5000, Precision: 0.6000, Recall: 0.3000, F1: 0.4000
01:34:58 [INFO] 校準指標 - Brier: 0.2480, ECE: 0.0908, 品質: fair
01:34:58 [INFO] 交叉驗證完成 - Train AUC: 0.6140, CV AUC: 0.5040 ± 0.1389, Overfitting: 0.1100
01:34:58 [INFO] 訓練完成 - Train AUC: 0.6125, CV AUC: 0.5040 ± 0.1389
collected 1874 items / 52 deselected / 1822 selected

tests/analysis/test_api_endpoints.py::TestCalculateSignalDensityEndpoint::test_endpoint_exists 
-------------------------------- live log call ---------------------------------
01:34:58 [INFO] [d7406e1b] Started POST /api/v1/signal-analysis/density from testclient
01:34:58 [INFO] KlineStorageManager initialized: /Users/louis/Desktop/quantitative_trading_system/data_cache/kline_cache.h5
01:34:58 [INFO] KlineStorageManager initialized: data_cache/kline_cache.h5
01:34:58 [INFO] IndicatorEngine initialized
01:34:58 [INFO] SignalAnalysisService initialized
01:34:58 [WARNING] Validation error: [{'type': 'missing', 'loc': ('body', 'strategy_config'), 'msg': 'Field required', 'input': {}}, {'type': 'missing', 'loc': ('body', 'training_window'), 'msg': 'Field required', 'input': {}}, {'type': 'missing', 'loc': ('body', 'positive_cases'), 'msg': 'Field required', 'input': {}}, {'type': 'missing', 'loc': ('body', 'negative_cases'), 'msg': 'Field required', 'input': {}}]
01:34:58 [WARNING] POST /api/v1/signal-analysis/density - 422 - 0.004s
01:34:58 [INFO] [d7406e1b] Completed POST /api/v1/signal-analysis/density - 422 - 0.004s
01:34:58 [INFO] HTTP Request: POST http://testserver/api/v1/signal-analysis/density "HTTP/1.1 422 Unprocessable Entity"
PASSED                                                                   [  0%]
tests/analysis/test_api_endpoints.py::TestCalculateSignalDensityEndpoint::test_request_validation_missing_fields 
-------------------------------- live log call ---------------------------------
01:34:58 [INFO] [9427302e] Started POST /api/v1/signal-analysis/density from testclient
01:34:58 [WARNING] Validation error: [{'type': 'missing', 'loc': ('body', 'strategy_config'), 'msg': 'Field required', 'input': {}}, {'type': 'missing', 'loc': ('body', 'training_window'), 'msg': 'Field required', 'input': {}}, {'type': 'missing', 'loc': ('body', 'positive_cases'), 'msg': 'Field required', 'input': {}}, {'type': 'missing', 'loc': ('body', 'negative_cases'), 'msg': 'Field required', 'input': {}}]
01:34:58 [WARNING] POST /api/v1/signal-analysis/density - 422 - 0.002s
01:34:58 [INFO] [9427302e] Completed POST /api/v1/signal-analysis/density - 422 - 0.002s
01:34:58 [INFO] HTTP Request: POST http://testserver/api/v1/signal-analysis/density "HTTP/1.1 422 Unprocessable Entity"
PASSED                                                                   [  0%]
tests/analysis/test_api_endpoints.py::TestCalculateSignalDensityEndpoint::test_request_validation_invalid_types 
-------------------------------- live log call ---------------------------------
01:34:58 [INFO] [90aae3d8] Started POST /api/v1/signal-analysis/density from testclient
01:34:58 [WARNING] Validation error: [{'type': 'value_error', 'loc': ('body', 'strategy_config', 'params'), 'msg': 'Value error, short_period 必須為數值', 'input': {'short_period': 'not_a_number'}, 'ctx': {'error': ValueError('short_period 必須為數值')}}]
01:34:58 [WARNING] POST /api/v1/signal-analysis/density - 422 - 0.002s
01:34:58 [INFO] [90aae3d8] Completed POST /api/v1/signal-analysis/density - 422 - 0.002s
01:34:58 [INFO] HTTP Request: POST http://testserver/api/v1/signal-analysis/density "HTTP/1.1 422 Unprocessable Entity"
PASSED                                                                   [  0%]
tests/analysis/test_api_endpoints.py::TestCalculateSignalDensityEndpoint::test_request_validation_invalid_enum 
-------------------------------- live log call ---------------------------------
01:34:58 [INFO] [26b3ea6e] Started POST /api/v1/signal-analysis/density from testclient
01:34:58 [WARNING] Validation error: [{'type': 'literal_error', 'loc': ('body', 'training_window', 'reference_point'), 'msg': "Input should be 'TO', 'TC' or 'custom'", 'input': 'INVALID', 'ctx': {'expected': "'TO', 'TC' or 'custom'"}}]
01:34:58 [WARNING] POST /api/v1/signal-analysis/density - 422 - 0.002s
01:34:58 [INFO] [26b3ea6e] Completed POST /api/v1/signal-analysis/density - 422 - 0.002s
01:34:58 [INFO] HTTP Request: POST http://testserver/api/v1/signal-analysis/density "HTTP/1.1 422 Unprocessable Entity"
PASSED                                                                   [  0%]
tests/analysis/test_api_endpoints.py::TestCalculateSignalDensityEndpoint::test_request_validation_negative_lookback 
-------------------------------- live log call ---------------------------------
01:34:58 [INFO] [a0f39b49] Started POST /api/v1/signal-analysis/density from testclient
01:34:58 [WARNING] Validation error: [{'type': 'greater_than_equal', 'loc': ('body', 'training_window', 'lookback_bars'), 'msg': 'Input should be greater than or equal to 1', 'input': -100, 'ctx': {'ge': 1}}]
01:34:58 [WARNING] POST /api/v1/signal-analysis/density - 422 - 0.002s
01:34:58 [INFO] [a0f39b49] Completed POST /api/v1/signal-analysis/density - 422 - 0.002s
01:34:58 [INFO] HTTP Request: POST http://testserver/api/v1/signal-analysis/density "HTTP/1.1 422 Unprocessable Entity"
PASSED                                                                   [  0%]
tests/analysis/test_api_endpoints.py::TestCalculateSignalDensityEndpoint::test_business_logic_validation_unregistered_indicator 
-------------------------------- live log call ---------------------------------
01:34:58 [INFO] [43d50395] Started POST /api/v1/signal-analysis/density from testclient
01:34:58 [INFO] POST /api/v1/signal-analysis/density: strategy=three_line, positive=1, negative=1
01:34:58 [ERROR] 參數驗證失敗: 未註冊的指標: nonexistent_indicator. 可用指標: ema
01:34:58 [WARNING] HTTP 400: 未註冊的指標: nonexistent_indicator. 可用指標: ema
01:34:58 [WARNING] POST /api/v1/signal-analysis/density - 400 - 0.002s
01:34:58 [INFO] [43d50395] Completed POST /api/v1/signal-analysis/density - 400 - 0.002s
01:34:58 [INFO] HTTP Request: POST http://testserver/api/v1/signal-analysis/density "HTTP/1.1 400 Bad Request"
PASSED                                                                   [  0%]
tests/analysis/test_api_endpoints.py::TestCalculateSignalDensityEndpoint::test_business_logic_validation_nonexistent_cases 
-------------------------------- live log call ---------------------------------
01:34:58 [INFO] [4a913ce9] Started POST /api/v1/signal-analysis/density from testclient
01:34:58 [INFO] POST /api/v1/signal-analysis/density: strategy=three_line, positive=1, negative=1
01:34:58 [INFO] [DEBUG] 信號密度分析輸入參數:
  - positive_cases: ['ABSOLUTELY_NONEXISTENT']... (共1個)
  - negative_cases: ['ALSO_NONEXISTENT']... (共1個)
  - training_window: near=240, far=None, ref=TO, mode=relative
  - strategy_config: data_source=close, indicator=ema, logic=three_line, params={'short_period': 20, 'mid_period': 60, 'long_period': 120}
01:34:58 [WARNING] 正例案例不存在: ABSOLUTELY_NONEXISTENT
01:34:58 [WARNING] 反例案例不存在: ALSO_NONEXISTENT
01:34:58 [ERROR] 數據不存在: 正例案例載入不足: 需要至少1個,實際載入0個。請求1個,缺失2個
01:34:58 [WARNING] HTTP 404: 正例案例載入不足: 需要至少1個,實際載入0個。請求1個,缺失2個
01:34:58 [WARNING] POST /api/v1/signal-analysis/density - 404 - 0.002s
01:34:58 [INFO] [4a913ce9] Completed POST /api/v1/signal-analysis/density - 404 - 0.002s
01:34:58 [INFO] HTTP Request: POST http://testserver/api/v1/signal-analysis/density "HTTP/1.1 404 Not Found"
PASSED                                                                   [  0%]
tests/analysis/test_api_endpoints.py::TestCalculateSignalDensityEndpoint::test_response_schema_validation 
-------------------------------- live log call ---------------------------------
01:34:58 [INFO] [6a886376] Started POST /api/v1/signal-analysis/density from testclient
01:34:58 [INFO] POST /api/v1/signal-analysis/density: strategy=three_line, positive=2, negative=2
01:34:58 [INFO] [DEBUG] 信號密度分析輸入參數:
  - positive_cases: ['test1', 'test2']... (共2個)
  - negative_cases: ['test3', 'test4']... (共2個)
  - training_window: near=240, far=None, ref=TO, mode=relative
  - strategy_config: data_source=close, indicator=ema, logic=three_line, params={'short_period': 20, 'mid_period': 60, 'long_period': 120}
01:34:58 [WARNING] 正例案例不存在: test1
01:34:58 [WARNING] 正例案例不存在: test2
01:34:58 [WARNING] 反例案例不存在: test3
01:34:58 [WARNING] 反例案例不存在: test4
01:34:58 [ERROR] 數據不存在: 正例案例載入不足: 需要至少1個,實際載入0個。請求2個,缺失4個
01:34:58 [WARNING] HTTP 404: 正例案例載入不足: 需要至少1個,實際載入0個。請求2個,缺失4個
01:34:58 [WARNING] POST /api/v1/signal-analysis/density - 404 - 0.003s
01:34:58 [INFO] [6a886376] Completed POST /api/v1/signal-analysis/density - 404 - 0.003s
01:34:58 [INFO] HTTP Request: POST http://testserver/api/v1/signal-analysis/density "HTTP/1.1 404 Not Found"
PASSED                                                                   [  0%]
tests/analysis/test_api_endpoints.py::TestPreviewTrainingWindowEndpoint::test_endpoint_exists 
-------------------------------- live log call ---------------------------------
01:34:58 [INFO] [cdfde2d2] Started POST /api/v1/signal-analysis/preview-window from testclient
01:34:58 [WARNING] Validation error: [{'type': 'missing', 'loc': ('body', 'case_id'), 'msg': 'Field required', 'input': {}}, {'type': 'missing', 'loc': ('body', 'window_config'), 'msg': 'Field required', 'input': {}}]
01:34:58 [WARNING] POST /api/v1/signal-analysis/preview-window - 422 - 0.002s
01:34:58 [INFO] [cdfde2d2] Completed POST /api/v1/signal-analysis/preview-window - 422 - 0.002s
01:34:58 [INFO] HTTP Request: POST http://testserver/api/v1/signal-analysis/preview-window "HTTP/1.1 422 Unprocessable Entity"
PASSED                                                                   [  0%]
tests/analysis/test_api_endpoints.py::TestPreviewTrainingWindowEndpoint::test_preview_missing_case_id 
-------------------------------- live log call ---------------------------------
01:34:58 [INFO] [46c01996] Started POST /api/v1/signal-analysis/preview-window from testclient
01:34:58 [WARNING] Validation error: [{'type': 'missing', 'loc': ('body', 'case_id'), 'msg': 'Field required', 'input': {'window_config': {'reference_point': 'TO', 'lookback_bars': 240, 'lookforward_bars': 0, 'mode': 'relative'}}}]
01:34:58 [WARNING] POST /api/v1/signal-analysis/preview-window - 422 - 0.001s
01:34:58 [INFO] [46c01996] Completed POST /api/v1/signal-analysis/preview-window - 422 - 0.001s
01:34:58 [INFO] HTTP Request: POST http://testserver/api/v1/signal-analysis/preview-window "HTTP/1.1 422 Unprocessable Entity"
PASSED                                                                   [  0%]
tests/analysis/test_api_endpoints.py::TestPreviewTrainingWindowEndpoint::test_preview_nonexistent_case 
-------------------------------- live log call ---------------------------------
01:34:58 [INFO] [e64556e8] Started POST /api/v1/signal-analysis/preview-window from testclient
01:34:58 [INFO] POST /api/v1/signal-analysis/preview-window: case_id=NONEXISTENT_CASE, lookback=240
01:34:58 [WARNING] HTTP 404: 未找到案例: NONEXISTENT_CASE
01:34:58 [WARNING] POST /api/v1/signal-analysis/preview-window - 404 - 0.001s
01:34:58 [INFO] [e64556e8] Completed POST /api/v1/signal-analysis/preview-window - 404 - 0.001s
01:34:58 [INFO] HTTP Request: POST http://testserver/api/v1/signal-analysis/preview-window "HTTP/1.1 404 Not Found"
PASSED                                                                   [  0%]
tests/analysis/test_api_endpoints.py::TestAPIDocumentation::test_openapi_schema_available 
-------------------------------- live log call ---------------------------------
01:34:58 [INFO] [5484ae9b] Started GET /openapi.json from testclient
01:34:58 [INFO] GET /openapi.json - 200 - 0.185s
01:34:58 [INFO] [5484ae9b] Completed GET /openapi.json - 200 - 0.185s
01:34:58 [INFO] HTTP Request: GET http://testserver/openapi.json "HTTP/1.1 200 OK"
PASSED                                                                   [  0%]
tests/analysis/test_api_endpoints.py::TestAPIDocumentation::test_signal_analysis_endpoints_documented 
-------------------------------- live log call ---------------------------------
01:34:58 [INFO] [fddbfce7] Started GET /openapi.json from testclient
01:34:58 [INFO] GET /openapi.json - 200 - 0.012s
01:34:58 [INFO] [fddbfce7] Completed GET /openapi.json - 200 - 0.012s
01:34:58 [INFO] HTTP Request: GET http://testserver/openapi.json "HTTP/1.1 200 OK"
PASSED                                                                   [  0%]
tests/analysis/test_api_endpoints.py::TestAPIDocumentation::test_density_endpoint_has_post_method 
-------------------------------- live log call ---------------------------------
01:34:58 [INFO] [39844da3] Started GET /openapi.json from testclient
01:34:58 [INFO] GET /openapi.json - 200 - 0.012s
01:34:58 [INFO] [39844da3] Completed GET /openapi.json - 200 - 0.012s
01:34:58 [INFO] HTTP Request: GET http://testserver/openapi.json "HTTP/1.1 200 OK"
PASSED                                                                   [  0%]
tests/analysis/test_api_endpoints.py::TestAPIDocumentation::test_request_schema_documented 
-------------------------------- live log call ---------------------------------
01:34:58 [INFO] [da181b50] Started GET /openapi.json from testclient
01:34:58 [INFO] GET /openapi.json - 200 - 0.012s
01:34:58 [INFO] [da181b50] Completed GET /openapi.json - 200 - 0.012s
01:34:58 [INFO] HTTP Request: GET http://testserver/openapi.json "HTTP/1.1 200 OK"
PASSED                                                                   [  0%]
tests/analysis/test_api_endpoints.py::TestAPIDocumentation::test_response_schema_documented 
-------------------------------- live log call ---------------------------------
01:34:58 [INFO] [4b32c3b2] Started GET /openapi.json from testclient
01:34:58 [INFO] GET /openapi.json - 200 - 0.012s
01:34:58 [INFO] [4b32c3b2] Completed GET /openapi.json - 200 - 0.012s
01:34:58 [INFO] HTTP Request: GET http://testserver/openapi.json "HTTP/1.1 200 OK"
PASSED                                                                   [  0%]
tests/analysis/test_api_endpoints.py::TestAPIDocumentation::test_endpoint_descriptions_exist 
-------------------------------- live log call ---------------------------------
01:34:58 [INFO] [52a9279b] Started GET /openapi.json from testclient
01:34:58 [INFO] GET /openapi.json - 200 - 0.012s
01:34:58 [INFO] [52a9279b] Completed GET /openapi.json - 200 - 0.012s
01:34:58 [INFO] HTTP Request: GET http://testserver/openapi.json "HTTP/1.1 200 OK"
PASSED                                                                   [  0%]
tests/analysis/test_api_endpoints.py::TestErrorResponses::test_400_error_format 
-------------------------------- live log call ---------------------------------
01:34:58 [INFO] [74cf70ea] Started POST /api/v1/signal-analysis/density from testclient
01:34:58 [INFO] POST /api/v1/signal-analysis/density: strategy=three_line, positive=1, negative=1
01:34:58 [ERROR] 參數驗證失敗: 未註冊的指標: nonexistent. 可用指標: ema
01:34:58 [WARNING] HTTP 400: 未註冊的指標: nonexistent. 可用指標: ema
01:34:58 [WARNING] POST /api/v1/signal-analysis/density - 400 - 0.002s
01:34:58 [INFO] [74cf70ea] Completed POST /api/v1/signal-analysis/density - 400 - 0.002s
01:34:58 [INFO] HTTP Request: POST http://testserver/api/v1/signal-analysis/density "HTTP/1.1 400 Bad Request"
PASSED                                                                   [  0%]
tests/analysis/test_api_endpoints.py::TestErrorResponses::test_404_error_format 
-------------------------------- live log call ---------------------------------
01:34:58 [INFO] [26e93a61] Started POST /api/v1/signal-analysis/preview-window from testclient
01:34:58 [INFO] POST /api/v1/signal-analysis/preview-window: case_id=NONEXISTENT, lookback=240
01:34:58 [WARNING] HTTP 404: 未找到案例: NONEXISTENT
01:34:58 [WARNING] POST /api/v1/signal-analysis/preview-window - 404 - 0.001s
01:34:58 [INFO] [26e93a61] Completed POST /api/v1/signal-analysis/preview-window - 404 - 0.001s
01:34:58 [INFO] HTTP Request: POST http://testserver/api/v1/signal-analysis/preview-window "HTTP/1.1 404 Not Found"
PASSED                                                                   [  1%]
tests/analysis/test_api_endpoints.py::TestErrorResponses::test_422_error_format 
-------------------------------- live log call ---------------------------------
01:34:58 [INFO] [857b3b34] Started POST /api/v1/signal-analysis/density from testclient
01:34:58 [WARNING] Validation error: [{'type': 'missing', 'loc': ('body', 'strategy_config'), 'msg': 'Field required', 'input': {'invalid_field': 'value'}}, {'type': 'missing', 'loc': ('body', 'training_window'), 'msg': 'Field required', 'input': {'invalid_field': 'value'}}, {'type': 'missing', 'loc': ('body', 'positive_cases'), 'msg': 'Field required', 'input': {'invalid_field': 'value'}}, {'type': 'missing', 'loc': ('body', 'negative_cases'), 'msg': 'Field required', 'input': {'invalid_field': 'value'}}]
01:34:58 [WARNING] POST /api/v1/signal-analysis/density - 422 - 0.001s
01:34:58 [INFO] [857b3b34] Completed POST /api/v1/signal-analysis/density - 422 - 0.001s
01:34:58 [INFO] HTTP Request: POST http://testserver/api/v1/signal-analysis/density "HTTP/1.1 422 Unprocessable Entity"
PASSED                                                                   [  1%]
tests/analysis/test_api_endpoints.py::TestCORSAndHeaders::test_content_type_json 
-------------------------------- live log call ---------------------------------
01:34:58 [INFO] [04653934] Started POST /api/v1/signal-analysis/density from testclient
01:34:58 [WARNING] Validation error: [{'type': 'missing', 'loc': ('body', 'strategy_config'), 'msg': 'Field required', 'input': {}}, {'type': 'missing', 'loc': ('body', 'training_window'), 'msg': 'Field required', 'input': {}}, {'type': 'missing', 'loc': ('body', 'positive_cases'), 'msg': 'Field required', 'input': {}}, {'type': 'missing', 'loc': ('body', 'negative_cases'), 'msg': 'Field required', 'input': {}}]
01:34:58 [WARNING] POST /api/v1/signal-analysis/density - 422 - 0.001s
01:34:58 [INFO] [04653934] Completed POST /api/v1/signal-analysis/density - 422 - 0.001s
01:34:58 [INFO] HTTP Request: POST http://testserver/api/v1/signal-analysis/density "HTTP/1.1 422 Unprocessable Entity"
PASSED                                                                   [  1%]
tests/analysis/test_api_endpoints.py::TestCORSAndHeaders::test_cors_headers_if_enabled 
-------------------------------- live log call ---------------------------------
01:34:58 [INFO] [383d20ef] Started OPTIONS /api/v1/signal-analysis/density from testclient
01:34:58 [WARNING] OPTIONS /api/v1/signal-analysis/density - 405 - 0.001s
01:34:58 [INFO] [383d20ef] Completed OPTIONS /api/v1/signal-analysis/density - 405 - 0.001s
01:34:58 [INFO] HTTP Request: OPTIONS http://testserver/api/v1/signal-analysis/density "HTTP/1.1 405 Method Not Allowed"
PASSED                                                                   [  1%]
tests/analysis/test_api_endpoints.py::TestEndpointTags::test_endpoints_have_signal_analysis_tag 
-------------------------------- live log call ---------------------------------
01:34:58 [INFO] [c091c010] Started GET /openapi.json from testclient
01:34:58 [INFO] GET /openapi.json - 200 - 0.012s
01:34:58 [INFO] [c091c010] Completed GET /openapi.json - 200 - 0.012s
01:34:58 [INFO] HTTP Request: GET http://testserver/openapi.json "HTTP/1.1 200 OK"
PASSED                                                                   [  1%]
tests/analysis/test_drift_regime.py::test_calculate_psi_stable PASSED    [  1%]
tests/analysis/test_drift_regime.py::test_calculate_psi_shifted PASSED   [  1%]
tests/analysis/test_drift_regime.py::test_regime_analysis_insufficient_samples PASSED [  1%]
tests/analysis/test_signal_analysis_service.py::TestServiceInitialization::test_singleton_pattern PASSED [  1%]
tests/analysis/test_signal_analysis_service.py::TestServiceInitialization::test_dependencies_initialized PASSED [  1%]
tests/analysis/test_signal_analysis_service.py::TestAnalyzeSignalDensity::test_analyze_minimal_cases 
-------------------------------- live log setup --------------------------------
01:34:58 [INFO] KlineStorageManager initialized: data_cache/kline_cache.h5
SKIPPED (Cannot load ETHUSDT/1h data: 'KlineStorageManager' object h...) [  1%]
tests/analysis/test_signal_analysis_service.py::TestAnalyzeSignalDensity::test_analyze_with_validation 
-------------------------------- live log call ---------------------------------
01:34:58 [ERROR] 參數驗證失敗: 未註冊的指標: invalid_indicator. 可用指標: ema
PASSED                                                                   [  1%]
tests/analysis/test_signal_analysis_service.py::TestAnalyzeSignalDensity::test_analyze_missing_params 
-------------------------------- live log call ---------------------------------
01:34:58 [ERROR] 參數驗證失敗: 參數不足: EMA 三線需要 short/mid/long 週期
PASSED                                                                   [  1%]
tests/analysis/test_signal_analysis_service.py::TestAnalyzeSignalDensity::test_analyze_invalid_data_source 
-------------------------------- live log call ---------------------------------
01:34:58 [ERROR] 參數驗證失敗: 無效的data_source: invalid_source. 必須是以下之一: close, open, high, low, volume, taker_buy_volume, taker_ratio, quote_volume
PASSED                                                                   [  1%]
tests/analysis/test_signal_analysis_service.py::TestPreviewTrainingWindow::test_preview_basic SKIPPED [  1%]
tests/analysis/test_signal_analysis_service.py::TestPreviewTrainingWindow::test_preview_nonexistent_case PASSED [  1%]
tests/analysis/test_signal_analysis_service.py::TestErrorHandling::test_handle_value_error 
-------------------------------- live log call ---------------------------------
01:34:58 [ERROR] 參數驗證失敗: 參數不足: EMA 三線需要 short/mid/long 週期
PASSED                                                                   [  1%]
tests/analysis/test_signal_analysis_service.py::TestErrorHandling::test_handle_file_not_found 
-------------------------------- live log call ---------------------------------
01:34:58 [INFO] [DEBUG] 信號密度分析輸入參數:
  - positive_cases: ['NONEXISTENT']... (共1個)
  - negative_cases: ['ALSO_NONEXISTENT']... (共1個)
  - training_window: near=240, far=None, ref=TO, mode=relative
  - strategy_config: data_source=close, indicator=ema, logic=three_line, params={'short_period': 20, 'mid_period': 60, 'long_period': 120}
01:34:58 [WARNING] 正例案例不存在: NONEXISTENT
01:34:58 [WARNING] 反例案例不存在: ALSO_NONEXISTENT
01:34:58 [ERROR] 數據不存在: 正例案例載入不足: 需要至少1個,實際載入0個。請求1個,缺失2個
PASSED                                                                   [  1%]
tests/analysis/test_signal_analysis_service.py::TestPerformanceMonitoring::test_execution_time_logged SKIPPED [  2%]
tests/analysis/test_signal_analysis_service.py::TestIntegrationWithRealComponents::test_service_uses_real_kline_storage PASSED [  2%]
tests/analysis/test_signal_analysis_service.py::TestIntegrationWithRealComponents::test_service_uses_real_indicator_engine PASSED [  2%]
tests/analysis/test_signal_analysis_service.py::TestIntegrationWithRealComponents::test_service_uses_real_analyzer PASSED [  2%]
tests/analysis/test_signal_analysis_service.py::TestValidationMethods::test_validate_indicator_registered PASSED [  2%]
tests/analysis/test_signal_analysis_service.py::TestValidationMethods::test_validate_data_source PASSED [  2%]
tests/analysis/test_signal_analysis_service.py::TestValidationMethods::test_validate_strategy_params PASSED [  2%]
tests/analysis/test_signal_analysis_service.py::TestCaseCounts::test_insufficient_positive_cases PASSED [  2%]
tests/analysis/test_signal_analysis_service.py::TestCaseCounts::test_insufficient_negative_cases PASSED [  2%]
tests/analysis/test_signal_density_analyzer.py::TestExtractTrainingWindow::test_extract_basic_window 
-------------------------------- live log setup --------------------------------
01:34:58 [INFO] KlineStorageManager initialized: data_cache/kline_cache.h5
01:34:58 [INFO] IndicatorEngine initialized
SKIPPED (Cannot load ETHUSDT/1h data: 'KlineStorageManager' object h...) [  2%]
tests/analysis/test_signal_density_analyzer.py::TestExtractTrainingWindow::test_extract_with_lookforward SKIPPED [  2%]
tests/analysis/test_signal_density_analyzer.py::TestExtractTrainingWindow::test_extract_minimal_window SKIPPED [  2%]
tests/analysis/test_signal_density_analyzer.py::TestExtractTrainingWindow::test_extract_boundary_case_insufficient_data SKIPPED [  2%]
tests/analysis/test_signal_density_analyzer.py::TestExtractTrainingWindow::test_extract_tc_reference_point SKIPPED [  2%]
tests/analysis/test_signal_density_analyzer.py::TestCalculateStrategySignals::test_calculate_three_line_ema_signals SKIPPED [  2%]
tests/analysis/test_signal_density_analyzer.py::TestCalculateStrategySignals::test_calculate_signals_with_nan_in_data SKIPPED [  2%]
tests/analysis/test_signal_density_analyzer.py::TestCalculateStrategySignals::test_calculate_signals_minimal_data SKIPPED [  2%]
tests/analysis/test_signal_density_analyzer.py::TestCalculateCaseDensity::test_calculate_density_normal_case PASSED [  2%]
tests/analysis/test_signal_density_analyzer.py::TestCalculateCaseDensity::test_calculate_density_with_nan PASSED [  3%]
tests/analysis/test_signal_density_analyzer.py::TestCalculateCaseDensity::test_calculate_density_all_nan 
-------------------------------- live log call ---------------------------------
01:34:58 [WARNING] 所有信號均為NaN,返回密度0.0
PASSED                                                                   [  3%]
tests/analysis/test_signal_density_analyzer.py::TestCalculateCaseDensity::test_calculate_density_empty_array 
-------------------------------- live log call ---------------------------------
01:34:58 [WARNING] 信號數組為空,返回密度0.0
PASSED                                                                   [  3%]
tests/analysis/test_signal_density_analyzer.py::TestCalculateCaseDensity::test_calculate_density_all_zero PASSED [  3%]
tests/analysis/test_signal_density_analyzer.py::TestCalculateCaseDensity::test_calculate_density_all_one PASSED [  3%]
tests/analysis/test_signal_density_analyzer.py::TestStatisticalSignificanceTest::test_ttest_clearly_different PASSED [  3%]
tests/analysis/test_signal_density_analyzer.py::TestStatisticalSignificanceTest::test_ttest_similar_groups PASSED [  3%]
tests/analysis/test_signal_density_analyzer.py::TestStatisticalSignificanceTest::test_ttest_minimal_samples PASSED [  3%]
tests/analysis/test_signal_density_analyzer.py::TestCohensD::test_cohens_d_large_effect PASSED [  3%]
tests/analysis/test_signal_density_analyzer.py::TestCohensD::test_cohens_d_medium_effect PASSED [  3%]
tests/analysis/test_signal_density_analyzer.py::TestCohensD::test_cohens_d_small_effect PASSED [  3%]
tests/analysis/test_signal_density_analyzer.py::TestCohensD::test_cohens_d_zero_effect PASSED [  3%]
tests/analysis/test_signal_density_analyzer.py::TestStabilityAnalysis::test_stability_stable_strategy SKIPPED [  3%]
tests/analysis/test_signal_density_analyzer.py::TestStabilityAnalysis::test_stability_unstable_strategy SKIPPED [  3%]
tests/analysis/test_signal_density_analyzer.py::TestStabilityAnalysis::test_stability_single_month SKIPPED [  3%]
tests/analysis/test_signal_density_analyzer.py::TestAnalyzeSignalDensity::test_full_analysis_minimal_cases SKIPPED [  3%]
tests/analysis/test_signal_density_analyzer.py::TestAnalyzeSignalDensity::test_full_analysis_real_test_cases SKIPPED [  3%]
tests/analysis/test_signal_density_analyzer.py::TestAnalyzeSignalDensity::test_analysis_edge_case_single_case_each SKIPPED [  3%]
tests/analysis/test_signal_density_analyzer.py::TestAnalyzeSignalDensity::test_analysis_error_empty_cases PASSED [  4%]
tests/analysis/test_signal_density_analyzer.py::TestEndToEndIntegration::test_e2e_different_strategies SKIPPED [  4%]
tests/analysis/test_signal_density_analyzer.py::TestEndToEndIntegration::test_e2e_different_windows SKIPPED [  4%]
tests/api/test_batch_download_multi_timeframe.py::test_batch_download_request_backward_compatible_with_string_timeframe PASSED [  4%]
tests/api/test_batch_download_multi_timeframe.py::test_batch_download_request_accepts_multi_timeframe_list PASSED [  4%]
tests/api/test_batch_download_multi_timeframe.py::test_batch_download_request_rejects_invalid_timeframe PASSED [  4%]
tests/api/test_batch_download_multi_timeframe.py::test_execute_batch_download_processes_each_timeframe_sequentially 
-------------------------------- live log call ---------------------------------
01:34:58 [INFO] BatchDownloadService initialized
01:34:58 [INFO] Created download task batch_download_20260417_173458_4979537a for 1 cases across 2 timeframe(s) ['1h', '4h'] (lookback=10, forward=5)
01:34:58 [INFO] Starting batch download task: batch_download_20260417_173458_4979537a
01:34:58 [INFO] Global time range for 1h: 2024-12-31 06:00 → 2024-12-31 22:00 (lookback=10 warmup=0 forward=5 bars, 1 cases)
01:34:58 [INFO] Global time range for 4h: 2024-12-30 00:00 → 2025-01-01 16:00 (lookback=10 warmup=0 forward=5 bars, 1 cases)
01:34:58 [INFO] Starting sequential download for timeframe 1h (1/2)
01:34:58 [INFO] Processing 1 cases for BTCUSDT/1h (download timeframe=1h, cases may have different timeframes)
01:34:58 [INFO] Using global time window for BTCUSDT/1h: 2024-12-31 06:00 → 2024-12-31 22:00
01:34:58 [INFO] 📥 DOWNLOADING from Binance API: BTCUSDT/1h
   Time range: 2024-12-31 06:00:00 to 2024-12-31 22:00:00
   For 1 cases
   Force redownload: True
01:34:58 [INFO] ✅ DOWNLOAD SUCCESS: BTCUSDT/1h
   Downloaded: 3 K-lines in 0.00s
   Requested: 2024-12-31 06:00:00 to 2024-12-31 22:00:00
   Actual data: 2024-12-31 06:00:00 to 2024-12-31 22:00:00
   Saved to HDF5: data_cache/BTCUSDT_1h.h5
01:34:58 [INFO] ✓ 案例 BTCUSDT_1735689600_1 驗證通過: 3 K線，範圍連續
01:34:58 [INFO] Starting sequential download for timeframe 4h (2/2)
01:34:58 [INFO] Processing 1 cases for BTCUSDT/4h (download timeframe=4h, cases may have different timeframes)
01:34:58 [INFO] Using global time window for BTCUSDT/4h: 2024-12-30 00:00 → 2025-01-01 16:00
01:34:58 [INFO] 📥 DOWNLOADING from Binance API: BTCUSDT/4h
   Time range: 2024-12-30 00:00:00 to 2025-01-01 16:00:00
   For 1 cases
   Force redownload: True
01:34:58 [INFO] ✅ DOWNLOAD SUCCESS: BTCUSDT/4h
   Downloaded: 3 K-lines in 0.00s
   Requested: 2024-12-30 00:00:00 to 2025-01-01 16:00:00
   Actual data: 2024-12-30 00:00:00 to 2025-01-01 16:00:00
   Saved to HDF5: data_cache/BTCUSDT_4h.h5
01:34:58 [INFO] ✓ 案例 BTCUSDT_1735689600_1 驗證通過: 3 K線，範圍連續
01:34:58 [INFO] Batch download task batch_download_20260417_173458_4979537a completed: 2 success, 0 failed, 0 skipped, 0.00s
PASSED                                                                   [  4%]
tests/api/test_export_api.py::test_export_csv_summary_200 
-------------------------------- live log setup --------------------------------
01:34:58 [INFO] [ac5fa792] Started POST /api/v1/ic/analyze from testclient
01:34:58 [INFO] IC config loaded
01:34:58 [INFO] IC analysis task started: 2c6091fc-f6cd-4f1b-9277-d61247f83b0b
01:34:58 [INFO] Data preprocessing complete: columns=8
01:34:58 [INFO] IC autocorr persistent: count=8
01:34:58 [INFO] Redundancy filter completed: method=greedy input=5 output=5
01:34:58 [INFO] Filtered features saved: data_cache/features/TESTUSDT_12h_filtered.h5
01:34:58 [INFO] IC report saved: data_cache/reports/ic_report_ic_export_test.json
01:34:58 [INFO] IC analysis task completed: 2c6091fc-f6cd-4f1b-9277-d61247f83b0b
01:34:58 [INFO] POST /api/v1/ic/analyze - 200 - 0.126s
01:34:58 [INFO] [ac5fa792] Completed POST /api/v1/ic/analyze - 200 - 0.126s
01:34:58 [INFO] HTTP Request: POST http://testserver/api/v1/ic/analyze "HTTP/1.1 200 OK"
01:34:58 [INFO] [2301b82a] Started GET /api/v1/ic/task/2c6091fc-f6cd-4f1b-9277-d61247f83b0b from testclient
01:34:58 [INFO] GET /api/v1/ic/task/2c6091fc-f6cd-4f1b-9277-d61247f83b0b - 200 - 0.001s
01:34:58 [INFO] [2301b82a] Completed GET /api/v1/ic/task/2c6091fc-f6cd-4f1b-9277-d61247f83b0b - 200 - 0.001s
01:34:58 [INFO] HTTP Request: GET http://testserver/api/v1/ic/task/2c6091fc-f6cd-4f1b-9277-d61247f83b0b "HTTP/1.1 200 OK"
01:34:58 [INFO] [99f0081d] Started GET /api/v1/ic/result/2c6091fc-f6cd-4f1b-9277-d61247f83b0b from testclient
01:34:59 [INFO] GET /api/v1/ic/result/2c6091fc-f6cd-4f1b-9277-d61247f83b0b - 200 - 0.098s
01:34:59 [INFO] [99f0081d] Completed GET /api/v1/ic/result/2c6091fc-f6cd-4f1b-9277-d61247f83b0b - 200 - 0.098s
01:34:59 [INFO] HTTP Request: GET http://testserver/api/v1/ic/result/2c6091fc-f6cd-4f1b-9277-d61247f83b0b "HTTP/1.1 200 OK"
-------------------------------- live log call ---------------------------------
01:34:59 [INFO] [0d1f63e4] Started GET /api/v1/ic/export/2c6091fc-f6cd-4f1b-9277-d61247f83b0b/csv_summary from testclient
01:34:59 [INFO] Export success: task_id=2c6091fc-f6cd-4f1b-9277-d61247f83b0b, format=csv_summary, module=None
01:34:59 [INFO] GET /api/v1/ic/export/2c6091fc-f6cd-4f1b-9277-d61247f83b0b/csv_summary - 200 - 0.002s
01:34:59 [INFO] [0d1f63e4] Completed GET /api/v1/ic/export/2c6091fc-f6cd-4f1b-9277-d61247f83b0b/csv_summary - 200 - 0.002s
01:34:59 [INFO] HTTP Request: GET http://testserver/api/v1/ic/export/2c6091fc-f6cd-4f1b-9277-d61247f83b0b/csv_summary "HTTP/1.1 200 OK"
PASSED                                                                   [  4%]
tests/api/test_export_api.py::test_export_csv_detailed_factor_return 
-------------------------------- live log call ---------------------------------
01:34:59 [INFO] [5d1405c5] Started GET /api/v1/ic/export/2c6091fc-f6cd-4f1b-9277-d61247f83b0b/csv_detailed from testclient
01:34:59 [INFO] Export success: task_id=2c6091fc-f6cd-4f1b-9277-d61247f83b0b, format=csv_detailed, module=factor_returns
01:34:59 [INFO] GET /api/v1/ic/export/2c6091fc-f6cd-4f1b-9277-d61247f83b0b/csv_detailed - 200 - 0.002s
01:34:59 [INFO] [5d1405c5] Completed GET /api/v1/ic/export/2c6091fc-f6cd-4f1b-9277-d61247f83b0b/csv_detailed - 200 - 0.002s
01:34:59 [INFO] HTTP Request: GET http://testserver/api/v1/ic/export/2c6091fc-f6cd-4f1b-9277-d61247f83b0b/csv_detailed?module=factor_returns "HTTP/1.1 200 OK"
PASSED                                                                   [  4%]
tests/api/test_export_api.py::test_export_ai_json_200 
-------------------------------- live log call ---------------------------------
01:34:59 [INFO] [2899f40a] Started GET /api/v1/ic/export/2c6091fc-f6cd-4f1b-9277-d61247f83b0b/ai_json from testclient
01:34:59 [INFO] Export success: task_id=2c6091fc-f6cd-4f1b-9277-d61247f83b0b, format=ai_json, module=None
01:34:59 [INFO] GET /api/v1/ic/export/2c6091fc-f6cd-4f1b-9277-d61247f83b0b/ai_json - 200 - 0.002s
01:34:59 [INFO] [2899f40a] Completed GET /api/v1/ic/export/2c6091fc-f6cd-4f1b-9277-d61247f83b0b/ai_json - 200 - 0.002s
01:34:59 [INFO] HTTP Request: GET http://testserver/api/v1/ic/export/2c6091fc-f6cd-4f1b-9277-d61247f83b0b/ai_json "HTTP/1.1 200 OK"
PASSED                                                                   [  4%]
tests/api/test_export_api.py::test_export_markdown_200 
-------------------------------- live log call ---------------------------------
01:34:59 [INFO] [474e5f62] Started GET /api/v1/ic/export/2c6091fc-f6cd-4f1b-9277-d61247f83b0b/markdown from testclient
01:34:59 [INFO] Export success: task_id=2c6091fc-f6cd-4f1b-9277-d61247f83b0b, format=markdown, module=None
01:34:59 [INFO] GET /api/v1/ic/export/2c6091fc-f6cd-4f1b-9277-d61247f83b0b/markdown - 200 - 0.002s
01:34:59 [INFO] [474e5f62] Completed GET /api/v1/ic/export/2c6091fc-f6cd-4f1b-9277-d61247f83b0b/markdown - 200 - 0.002s
01:34:59 [INFO] HTTP Request: GET http://testserver/api/v1/ic/export/2c6091fc-f6cd-4f1b-9277-d61247f83b0b/markdown "HTTP/1.1 200 OK"
PASSED                                                                   [  4%]
tests/api/test_export_api.py::test_export_hdf5_200 
-------------------------------- live log call ---------------------------------
01:34:59 [INFO] [23c62b3d] Started GET /api/v1/ic/export/2c6091fc-f6cd-4f1b-9277-d61247f83b0b/hdf5 from testclient
01:34:59 [INFO] Export success: task_id=2c6091fc-f6cd-4f1b-9277-d61247f83b0b, format=hdf5, module=None
01:34:59 [INFO] GET /api/v1/ic/export/2c6091fc-f6cd-4f1b-9277-d61247f83b0b/hdf5 - 200 - 0.002s
01:34:59 [INFO] [23c62b3d] Completed GET /api/v1/ic/export/2c6091fc-f6cd-4f1b-9277-d61247f83b0b/hdf5 - 200 - 0.002s
01:34:59 [INFO] HTTP Request: GET http://testserver/api/v1/ic/export/2c6091fc-f6cd-4f1b-9277-d61247f83b0b/hdf5 "HTTP/1.1 200 OK"
PASSED                                                                   [  4%]
tests/api/test_export_api.py::test_export_unknown_task_404 
-------------------------------- live log call ---------------------------------
01:34:59 [INFO] [4d65c59f] Started GET /api/v1/ic/export/unknown-task-id/csv_summary from testclient
01:34:59 [WARNING] HTTP 404: Task not found: unknown-task-id
01:34:59 [WARNING] GET /api/v1/ic/export/unknown-task-id/csv_summary - 404 - 0.002s
01:34:59 [INFO] [4d65c59f] Completed GET /api/v1/ic/export/unknown-task-id/csv_summary - 404 - 0.002s
01:34:59 [INFO] HTTP Request: GET http://testserver/api/v1/ic/export/unknown-task-id/csv_summary "HTTP/1.1 404 Not Found"
PASSED                                                                   [  4%]
tests/api/test_export_api.py::test_export_invalid_format_422 
-------------------------------- live log call ---------------------------------
01:34:59 [INFO] [596ea24d] Started GET /api/v1/ic/export/2c6091fc-f6cd-4f1b-9277-d61247f83b0b/xlsx from testclient
01:34:59 [WARNING] HTTP 422: Unsupported format: xlsx
01:34:59 [WARNING] GET /api/v1/ic/export/2c6091fc-f6cd-4f1b-9277-d61247f83b0b/xlsx - 422 - 0.001s
01:34:59 [INFO] [596ea24d] Completed GET /api/v1/ic/export/2c6091fc-f6cd-4f1b-9277-d61247f83b0b/xlsx - 422 - 0.001s
01:34:59 [INFO] HTTP Request: GET http://testserver/api/v1/ic/export/2c6091fc-f6cd-4f1b-9277-d61247f83b0b/xlsx "HTTP/1.1 422 Unprocessable Entity"
PASSED                                                                   [  4%]
tests/api/test_export_api.py::test_export_csv_detailed_without_module_422 
-------------------------------- live log call ---------------------------------
01:34:59 [INFO] [27ae6e54] Started GET /api/v1/ic/export/2c6091fc-f6cd-4f1b-9277-d61247f83b0b/csv_detailed from testclient
01:34:59 [WARNING] HTTP 422: module query parameter is required for csv_detailed
01:34:59 [WARNING] GET /api/v1/ic/export/2c6091fc-f6cd-4f1b-9277-d61247f83b0b/csv_detailed - 422 - 0.001s
01:34:59 [INFO] [27ae6e54] Completed GET /api/v1/ic/export/2c6091fc-f6cd-4f1b-9277-d61247f83b0b/csv_detailed - 422 - 0.001s
01:34:59 [INFO] HTTP Request: GET http://testserver/api/v1/ic/export/2c6091fc-f6cd-4f1b-9277-d61247f83b0b/csv_detailed "HTTP/1.1 422 Unprocessable Entity"
PASSED                                                                   [  4%]
tests/api/test_export_routes.py::test_export_download_success 
-------------------------------- live log call ---------------------------------
01:34:59 [INFO] [fffcfa4b] Started GET /api/v1/export/task-1 from testclient
01:34:59 [INFO] GET /api/v1/export/task-1 - 200 - 0.002s
01:34:59 [INFO] [fffcfa4b] Completed GET /api/v1/export/task-1 - 200 - 0.002s
01:34:59 [INFO] HTTP Request: GET http://testserver/api/v1/export/task-1?format=csv&scope=full "HTTP/1.1 200 OK"
PASSED                                                                   [  4%]
tests/api/test_export_routes.py::test_export_preview_success 
-------------------------------- live log call ---------------------------------
01:34:59 [INFO] [01bc91e4] Started GET /api/v1/export/task-1/preview from testclient
01:34:59 [INFO] GET /api/v1/export/task-1/preview - 200 - 0.002s
01:34:59 [INFO] [01bc91e4] Completed GET /api/v1/export/task-1/preview - 200 - 0.002s
01:34:59 [INFO] HTTP Request: GET http://testserver/api/v1/export/task-1/preview?format=json&scope=performance "HTTP/1.1 200 OK"
PASSED                                                                   [  4%]
tests/api/test_export_routes.py::test_export_missing_task_returns_404 
-------------------------------- live log call ---------------------------------
01:34:59 [INFO] [1958bdad] Started GET /api/v1/export/missing from testclient
01:34:59 [WARNING] HTTP 404: 任務不存在或無可匯出資料
01:34:59 [WARNING] GET /api/v1/export/missing - 404 - 0.001s
01:34:59 [INFO] [1958bdad] Completed GET /api/v1/export/missing - 404 - 0.001s
01:34:59 [INFO] HTTP Request: GET http://testserver/api/v1/export/missing?format=json&scope=full "HTTP/1.1 404 Not Found"
PASSED                                                                   [  4%]
tests/api/test_export_routes.py::test_export_invalid_format_returns_422 
-------------------------------- live log call ---------------------------------
01:34:59 [INFO] [1e337780] Started GET /api/v1/export/task-1 from testclient
01:34:59 [WARNING] Validation error: [{'type': 'enum', 'loc': ('query', 'format'), 'msg': "Input should be 'csv', 'json' or 'markdown'", 'input': 'xml', 'ctx': {'expected': "'csv', 'json' or 'markdown'"}}]
01:34:59 [WARNING] GET /api/v1/export/task-1 - 422 - 0.001s
01:34:59 [INFO] [1e337780] Completed GET /api/v1/export/task-1 - 422 - 0.001s
01:34:59 [INFO] HTTP Request: GET http://testserver/api/v1/export/task-1?format=xml&scope=full "HTTP/1.1 422 Unprocessable Entity"
PASSED                                                                   [  4%]
tests/api/test_export_routes.py::test_export_invalid_scope_returns_422 
-------------------------------- live log call ---------------------------------
01:34:59 [INFO] [931f6ccc] Started GET /api/v1/export/task-1 from testclient
01:34:59 [WARNING] Validation error: [{'type': 'enum', 'loc': ('query', 'scope'), 'msg': "Input should be 'performance', 'features', 'calibration', 'walk_forward', 'adversarial', 'cpcv', 'learning_curve', 'optimization', 'comparison' or 'full'", 'input': 'unknown', 'ctx': {'expected': "'performance', 'features', 'calibration', 'walk_forward', 'adversarial', 'cpcv', 'learning_curve', 'optimization', 'comparison' or 'full'"}}]
01:34:59 [WARNING] GET /api/v1/export/task-1 - 422 - 0.001s
01:34:59 [INFO] [931f6ccc] Completed GET /api/v1/export/task-1 - 422 - 0.001s
01:34:59 [INFO] HTTP Request: GET http://testserver/api/v1/export/task-1?format=json&scope=unknown "HTTP/1.1 422 Unprocessable Entity"
PASSED                                                                   [  5%]
tests/api/test_feature_api.py::test_feature_extraction_api 
-------------------------------- live log call ---------------------------------
01:34:59 [INFO] [aee54fea] Started POST /api/v1/features/extract from testclient
01:34:59 [INFO] 收到特徵提取請求 - case_id: ETHUSDT_1735905600_1, symbol: ETHUSDT, timeframe: 1h
01:34:59 [INFO] 啟動特徵提取任務 - task_id: feat_6140011b, case_id: ETHUSDT_1735905600_1
01:34:59 [INFO] 開始執行特徵提取 - task_id: feat_6140011b
01:34:59 [INFO] K線數據載入完成 - 行數: 322
01:34:59 [INFO] 開始提取特徵 - 策略: ema_three_line, 數據行數: 322
01:34:59 [INFO] 提取價格特徵: 8 個
01:34:59 [INFO] 提取成交量特徵: 6 個
01:34:59 [INFO] 使用數據源 'close' 計算 EMA 特徵
01:34:59 [INFO] 提取 ema_three_line 策略特徵: 14 個 (數據源: close)
01:34:59 [INFO] 提取信號特徵: 3 個
01:34:59 [INFO] 特徵提取完成 - 總共 31 個特徵
01:34:59 [INFO] 特徵提取完成 - 特徵數: 31
01:34:59 [INFO] 開始驗證特徵 - 特徵數量: 31, 樣本數量: 322
01:34:59 [WARNING] 發現 NaN 值: 9 個特徵
01:34:59 [WARNING]   price_volatility_5: 4 (1.24%)
01:34:59 [WARNING]   price_momentum_3_pct: 3 (0.93%)
01:34:59 [WARNING]   volume_change_pct: 1 (0.31%)
01:34:59 [WARNING]   volume_ma_ratio_5: 4 (1.24%)
01:34:59 [WARNING]   volume_price_correlation_5: 4 (1.24%)
01:34:59 [WARNING]   close_ema_short_slope_pct: 3 (0.93%)
01:34:59 [WARNING]   close_ema_mid_slope_pct: 5 (1.55%)
01:34:59 [WARNING]   close_ema_trend_consistency_5: 4 (1.24%)
01:34:59 [WARNING]   close_ema_signal_strength: 4 (1.24%)
01:34:59 [WARNING] 發現 7 對高相關性特徵:
01:34:59 [WARNING]   taker_buy_ratio <-> taker_buy_value_ratio: 0.9997
01:34:59 [WARNING]   taker_buy_ratio <-> taker_ratio_distance_60: 1.0000
01:34:59 [WARNING]   taker_buy_value_ratio <-> taker_ratio_distance_60: 0.9997
01:34:59 [WARNING]   close_ema5_value <-> close_ema20_value: 0.9661
01:34:59 [WARNING]   close_ema20_value <-> close_ema60_value: 0.9573
01:34:59 [INFO] 驗證完成 - 通過: False, 警告數: 2
01:34:59 [WARNING] 發現 NaN 值，執行前向填補
01:34:59 [INFO] NaN 值填補完成 - 方法: forward
01:34:59 [INFO] 開始儲存特徵 - 案例: ETHUSDT_1735905600_1, 檔案: data_cache/features/ETHUSDT_1735905600_1.h5
01:34:59 [INFO] 特徵儲存完成 - 樣本數: 322, 特徵數: 31, 檔案大小: 45.88 KB
01:34:59 [INFO] 特徵提取任務完成 - task_id: feat_6140011b
01:34:59 [INFO] POST /api/v1/features/extract - 202 - 0.033s
01:34:59 [INFO] [aee54fea] Completed POST /api/v1/features/extract - 202 - 0.033s
01:34:59 [INFO] HTTP Request: POST http://testserver/api/v1/features/extract "HTTP/1.1 202 Accepted"
01:34:59 [INFO] [66d1d97a] Started GET /api/v1/features/task/feat_6140011b from testclient
01:34:59 [INFO] GET /api/v1/features/task/feat_6140011b - 200 - 0.001s
01:34:59 [INFO] [66d1d97a] Completed GET /api/v1/features/task/feat_6140011b - 200 - 0.001s
01:34:59 [INFO] HTTP Request: GET http://testserver/api/v1/features/task/feat_6140011b "HTTP/1.1 200 OK"
PASSED                                                                   [  5%]
tests/api/test_feature_api.py::test_feature_task_status_api 
-------------------------------- live log call ---------------------------------
01:34:59 [INFO] [5abf410a] Started POST /api/v1/features/extract from testclient
01:34:59 [INFO] 收到特徵提取請求 - case_id: ETHUSDT_1736942400_1, symbol: ETHUSDT, timeframe: 1h
01:34:59 [INFO] 啟動特徵提取任務 - task_id: feat_42776632, case_id: ETHUSDT_1736942400_1
01:34:59 [INFO] 開始執行特徵提取 - task_id: feat_42776632
01:34:59 [INFO] K線數據載入完成 - 行數: 322
01:34:59 [INFO] 開始提取特徵 - 策略: ema_three_line, 數據行數: 322
01:34:59 [INFO] 提取價格特徵: 8 個
01:34:59 [INFO] 提取成交量特徵: 6 個
01:34:59 [INFO] 使用數據源 'close' 計算 EMA 特徵
01:34:59 [INFO] 提取 ema_three_line 策略特徵: 14 個 (數據源: close)
01:34:59 [INFO] 提取信號特徵: 3 個
01:34:59 [INFO] 特徵提取完成 - 總共 31 個特徵
01:34:59 [INFO] 特徵提取完成 - 特徵數: 31
01:34:59 [INFO] 開始驗證特徵 - 特徵數量: 31, 樣本數量: 322
01:34:59 [WARNING] 發現 NaN 值: 9 個特徵
01:34:59 [WARNING]   price_volatility_5: 4 (1.24%)
01:34:59 [WARNING]   price_momentum_3_pct: 3 (0.93%)
01:34:59 [WARNING]   volume_change_pct: 1 (0.31%)
01:34:59 [WARNING]   volume_ma_ratio_5: 4 (1.24%)
01:34:59 [WARNING]   volume_price_correlation_5: 4 (1.24%)
01:34:59 [WARNING]   close_ema_short_slope_pct: 3 (0.93%)
01:34:59 [WARNING]   close_ema_mid_slope_pct: 5 (1.55%)
01:34:59 [WARNING]   close_ema_trend_consistency_5: 4 (1.24%)
01:34:59 [WARNING]   close_ema_signal_strength: 4 (1.24%)
01:34:59 [WARNING] 發現 7 對高相關性特徵:
01:34:59 [WARNING]   taker_buy_ratio <-> taker_buy_value_ratio: 0.9997
01:34:59 [WARNING]   taker_buy_ratio <-> taker_ratio_distance_60: 1.0000
01:34:59 [WARNING]   taker_buy_value_ratio <-> taker_ratio_distance_60: 0.9997
01:34:59 [WARNING]   close_ema5_value <-> close_ema20_value: 0.9661
01:34:59 [WARNING]   close_ema20_value <-> close_ema60_value: 0.9573
01:34:59 [INFO] 驗證完成 - 通過: False, 警告數: 2
01:34:59 [WARNING] 發現 NaN 值，執行前向填補
01:34:59 [INFO] NaN 值填補完成 - 方法: forward
01:34:59 [INFO] 開始儲存特徵 - 案例: ETHUSDT_1736942400_1, 檔案: data_cache/features/ETHUSDT_1736942400_1.h5
01:34:59 [INFO] 特徵儲存完成 - 樣本數: 322, 特徵數: 31, 檔案大小: 45.88 KB
01:34:59 [INFO] 特徵提取任務完成 - task_id: feat_42776632
01:34:59 [INFO] POST /api/v1/features/extract - 202 - 0.031s
01:34:59 [INFO] [5abf410a] Completed POST /api/v1/features/extract - 202 - 0.031s
01:34:59 [INFO] HTTP Request: POST http://testserver/api/v1/features/extract "HTTP/1.1 202 Accepted"
01:34:59 [INFO] [84304b5a] Started GET /api/v1/features/task/feat_42776632 from testclient
01:34:59 [INFO] GET /api/v1/features/task/feat_42776632 - 200 - 0.001s
01:34:59 [INFO] [84304b5a] Completed GET /api/v1/features/task/feat_42776632 - 200 - 0.001s
01:34:59 [INFO] HTTP Request: GET http://testserver/api/v1/features/task/feat_42776632 "HTTP/1.1 200 OK"
PASSED                                                                   [  5%]
tests/api/test_feature_api.py::test_feature_task_not_found 
-------------------------------- live log call ---------------------------------
01:34:59 [INFO] [a1434192] Started GET /api/v1/features/task/nonexistent_task from testclient
01:34:59 [WARNING] HTTP 404: 找不到任務: nonexistent_task
01:34:59 [WARNING] GET /api/v1/features/task/nonexistent_task - 404 - 0.001s
01:34:59 [INFO] [a1434192] Completed GET /api/v1/features/task/nonexistent_task - 404 - 0.001s
01:34:59 [INFO] HTTP Request: GET http://testserver/api/v1/features/task/nonexistent_task "HTTP/1.1 404 Not Found"
PASSED                                                                   [  5%]
tests/api/test_feature_api.py::test_feature_extraction_invalid_params 
-------------------------------- live log call ---------------------------------
01:34:59 [INFO] [02909d70] Started POST /api/v1/features/extract from testclient
01:34:59 [INFO] 收到特徵提取請求 - case_id: INVALID_CASE, symbol: ETHUSDT, timeframe: 1h
01:34:59 [ERROR] 參數錯誤: 不支持的策略類型: 'invalid_strategy'
可用的策略: ema_three_line
提示：使用 StrategyRegistry().register_strategy() 註冊新策略
01:34:59 [WARNING] HTTP 400: 不支持的策略類型: 'invalid_strategy'
可用的策略: ema_three_line
提示：使用 StrategyRegistry().register_strategy() 註冊新策略
01:34:59 [WARNING] POST /api/v1/features/extract - 400 - 0.001s
01:34:59 [INFO] [02909d70] Completed POST /api/v1/features/extract - 400 - 0.001s
01:34:59 [INFO] HTTP Request: POST http://testserver/api/v1/features/extract "HTTP/1.1 400 Bad Request"
PASSED                                                                   [  5%]
tests/api/test_feature_api.py::test_health_check 
-------------------------------- live log call ---------------------------------
01:34:59 [INFO] [17466586] Started GET /api/v1/features/health from testclient
01:34:59 [INFO] GET /api/v1/features/health - 200 - 0.001s
01:34:59 [INFO] [17466586] Completed GET /api/v1/features/health - 200 - 0.001s
01:34:59 [INFO] HTTP Request: GET http://testserver/api/v1/features/health "HTTP/1.1 200 OK"
PASSED                                                                   [  5%]
tests/api/test_feature_browser.py::test_catalog_returns_all_features 
-------------------------------- live log call ---------------------------------
01:34:59 [INFO] [3684aa3e] Started GET /api/v1/features/catalog from testclient
01:34:59 [INFO] GET /api/v1/features/catalog - 200 - 0.004s
01:34:59 [INFO] [3684aa3e] Completed GET /api/v1/features/catalog - 200 - 0.004s
01:34:59 [INFO] HTTP Request: GET http://testserver/api/v1/features/catalog?features_path=%2Fprivate%2Fvar%2Ffolders%2F_c%2F3xdf41hd3tvgxpx63mrml2c00000gn%2FT%2Fpytest-of-louis%2Fpytest-131%2Ffeature_browser0%2Fsample_features.h5 "HTTP/1.1 200 OK"
PASSED                                                                   [  5%]
tests/api/test_feature_browser.py::test_catalog_includes_statistics 
-------------------------------- live log call ---------------------------------
01:34:59 [INFO] [7489afd2] Started GET /api/v1/features/catalog from testclient
01:34:59 [INFO] GET /api/v1/features/catalog - 200 - 0.004s
01:34:59 [INFO] [7489afd2] Completed GET /api/v1/features/catalog - 200 - 0.004s
01:34:59 [INFO] HTTP Request: GET http://testserver/api/v1/features/catalog?features_path=%2Fprivate%2Fvar%2Ffolders%2F_c%2F3xdf41hd3tvgxpx63mrml2c00000gn%2FT%2Fpytest-of-louis%2Fpytest-131%2Ffeature_browser0%2Fsample_features.h5 "HTTP/1.1 200 OK"
PASSED                                                                   [  5%]
tests/api/test_feature_browser.py::test_catalog_unknown_path_404 
-------------------------------- live log call ---------------------------------
01:34:59 [INFO] [bd7f18ab] Started GET /api/v1/features/catalog from testclient
01:34:59 [WARNING] HTTP 404: features_path not found: /not/exist/sample.h5
01:34:59 [WARNING] GET /api/v1/features/catalog - 404 - 0.001s
01:34:59 [INFO] [bd7f18ab] Completed GET /api/v1/features/catalog - 404 - 0.001s
01:34:59 [INFO] HTTP Request: GET http://testserver/api/v1/features/catalog?features_path=%2Fnot%2Fexist%2Fsample.h5 "HTTP/1.1 404 Not Found"
PASSED                                                                   [  5%]
tests/api/test_feature_browser.py::test_distribution_50_bins 
-------------------------------- live log call ---------------------------------
01:34:59 [INFO] [807af716] Started GET /api/v1/features/feature_0/distribution from testclient
01:34:59 [INFO] GET /api/v1/features/feature_0/distribution - 200 - 0.005s
01:34:59 [INFO] [807af716] Completed GET /api/v1/features/feature_0/distribution - 200 - 0.005s
01:34:59 [INFO] HTTP Request: GET http://testserver/api/v1/features/feature_0/distribution?features_path=%2Fprivate%2Fvar%2Ffolders%2F_c%2F3xdf41hd3tvgxpx63mrml2c00000gn%2FT%2Fpytest-of-louis%2Fpytest-131%2Ffeature_browser0%2Fsample_features.h5&bins=50 "HTTP/1.1 200 OK"
PASSED                                                                   [  5%]
tests/api/test_feature_browser.py::test_distribution_statistics_correct 
-------------------------------- live log call ---------------------------------
01:34:59 [INFO] [0faab10f] Started GET /api/v1/features/feature_0/distribution from testclient
01:34:59 [INFO] GET /api/v1/features/feature_0/distribution - 200 - 0.005s
01:34:59 [INFO] [0faab10f] Completed GET /api/v1/features/feature_0/distribution - 200 - 0.005s
01:34:59 [INFO] HTTP Request: GET http://testserver/api/v1/features/feature_0/distribution?features_path=%2Fprivate%2Fvar%2Ffolders%2F_c%2F3xdf41hd3tvgxpx63mrml2c00000gn%2FT%2Fpytest-of-louis%2Fpytest-131%2Ffeature_browser0%2Fsample_features.h5&bins=20 "HTTP/1.1 200 OK"
PASSED                                                                   [  5%]
tests/api/test_feature_browser.py::test_distribution_unknown_feature_404 
-------------------------------- live log call ---------------------------------
01:34:59 [INFO] [b114de01] Started GET /api/v1/features/unknown/distribution from testclient
01:34:59 [WARNING] HTTP 404: Feature not found: unknown
01:34:59 [WARNING] GET /api/v1/features/unknown/distribution - 404 - 0.002s
01:34:59 [INFO] [b114de01] Completed GET /api/v1/features/unknown/distribution - 404 - 0.002s
01:34:59 [INFO] HTTP Request: GET http://testserver/api/v1/features/unknown/distribution?features_path=%2Fprivate%2Fvar%2Ffolders%2F_c%2F3xdf41hd3tvgxpx63mrml2c00000gn%2FT%2Fpytest-of-louis%2Fpytest-131%2Ffeature_browser0%2Fsample_features.h5&bins=20 "HTTP/1.1 404 Not Found"
PASSED                                                                   [  5%]
tests/api/test_feature_browser.py::test_timeseries_single_feature 
-------------------------------- live log call ---------------------------------
01:34:59 [INFO] [e13e0c6a] Started GET /api/v1/features/time-series from testclient
01:34:59 [INFO] GET /api/v1/features/time-series - 200 - 0.011s
01:34:59 [INFO] [e13e0c6a] Completed GET /api/v1/features/time-series - 200 - 0.011s
01:34:59 [INFO] HTTP Request: GET http://testserver/api/v1/features/time-series?features_path=%2Fprivate%2Fvar%2Ffolders%2F_c%2F3xdf41hd3tvgxpx63mrml2c00000gn%2FT%2Fpytest-of-louis%2Fpytest-131%2Ffeature_browser0%2Fsample_features.h5&features=feature_0 "HTTP/1.1 200 OK"
PASSED                                                                   [  5%]
tests/api/test_feature_browser.py::test_timeseries_multiple_features 
-------------------------------- live log call ---------------------------------
01:34:59 [INFO] [dabebb70] Started GET /api/v1/features/time-series from testclient
01:34:59 [INFO] GET /api/v1/features/time-series - 200 - 0.014s
01:34:59 [INFO] [dabebb70] Completed GET /api/v1/features/time-series - 200 - 0.014s
01:34:59 [INFO] HTTP Request: GET http://testserver/api/v1/features/time-series?features_path=%2Fprivate%2Fvar%2Ffolders%2F_c%2F3xdf41hd3tvgxpx63mrml2c00000gn%2FT%2Fpytest-of-louis%2Fpytest-131%2Ffeature_browser0%2Fsample_features.h5&features=feature_0%2Cfeature_2%2Cfeature_3 "HTTP/1.1 200 OK"
PASSED                                                                   [  5%]
tests/api/test_feature_browser.py::test_timeseries_sample_rate 
-------------------------------- live log call ---------------------------------
01:34:59 [INFO] [6448521c] Started GET /api/v1/features/time-series from testclient
01:34:59 [INFO] GET /api/v1/features/time-series - 200 - 0.004s
01:34:59 [INFO] [6448521c] Completed GET /api/v1/features/time-series - 200 - 0.004s
01:34:59 [INFO] HTTP Request: GET http://testserver/api/v1/features/time-series?features_path=%2Fprivate%2Fvar%2Ffolders%2F_c%2F3xdf41hd3tvgxpx63mrml2c00000gn%2FT%2Fpytest-of-louis%2Fpytest-131%2Ffeature_browser0%2Fsample_features.h5&features=feature_0&sample_rate=4 "HTTP/1.1 200 OK"
PASSED                                                                   [  5%]
tests/api/test_feature_browser.py::test_correlation_spearman_default 
-------------------------------- live log call ---------------------------------
01:34:59 [INFO] [55bb8cad] Started GET /api/v1/features/correlation from testclient
01:34:59 [INFO] GET /api/v1/features/correlation - 200 - 0.004s
01:34:59 [INFO] [55bb8cad] Completed GET /api/v1/features/correlation - 200 - 0.004s
01:34:59 [INFO] HTTP Request: GET http://testserver/api/v1/features/correlation?features_path=%2Fprivate%2Fvar%2Ffolders%2F_c%2F3xdf41hd3tvgxpx63mrml2c00000gn%2FT%2Fpytest-of-louis%2Fpytest-131%2Ffeature_browser0%2Fsample_features.h5&features=feature_0%2Cfeature_1 "HTTP/1.1 200 OK"
PASSED                                                                   [  5%]
tests/api/test_feature_browser.py::test_correlation_max_features_limit 
-------------------------------- live log call ---------------------------------
01:34:59 [INFO] [5021f5b5] Started GET /api/v1/features/correlation from testclient
01:34:59 [INFO] GET /api/v1/features/correlation - 200 - 0.003s
01:34:59 [INFO] [5021f5b5] Completed GET /api/v1/features/correlation - 200 - 0.003s
01:34:59 [INFO] HTTP Request: GET http://testserver/api/v1/features/correlation?features_path=%2Fprivate%2Fvar%2Ffolders%2F_c%2F3xdf41hd3tvgxpx63mrml2c00000gn%2FT%2Fpytest-of-louis%2Fpytest-131%2Ffeature_browser0%2Fsample_features.h5&max_features=2 "HTTP/1.1 200 OK"
PASSED                                                                   [  5%]
tests/api/test_feature_browser.py::test_quality_check_runs_adf 
-------------------------------- live log call ---------------------------------
01:34:59 [INFO] [4dc19c50] Started POST /api/v1/features/quality-check from testclient
01:34:59 [INFO] POST /api/v1/features/quality-check - 200 - 0.038s
01:34:59 [INFO] [4dc19c50] Completed POST /api/v1/features/quality-check - 200 - 0.038s
01:34:59 [INFO] HTTP Request: POST http://testserver/api/v1/features/quality-check "HTTP/1.1 200 OK"
PASSED                                                                   [  5%]
tests/api/test_feature_browser.py::test_quality_check_selected_features 
-------------------------------- live log call ---------------------------------
01:34:59 [INFO] [4c671079] Started POST /api/v1/features/quality-check from testclient
01:34:59 [INFO] POST /api/v1/features/quality-check - 200 - 0.012s
01:34:59 [INFO] [4c671079] Completed POST /api/v1/features/quality-check - 200 - 0.012s
01:34:59 [INFO] HTTP Request: POST http://testserver/api/v1/features/quality-check "HTTP/1.1 200 OK"
PASSED                                                                   [  6%]
tests/api/test_feature_browser.py::test_data_table_pagination 
-------------------------------- live log call ---------------------------------
01:34:59 [INFO] [84396ade] Started GET /api/v1/features/data-table from testclient
01:34:59 [INFO] GET /api/v1/features/data-table - 200 - 0.014s
01:34:59 [INFO] [84396ade] Completed GET /api/v1/features/data-table - 200 - 0.014s
01:34:59 [INFO] HTTP Request: GET http://testserver/api/v1/features/data-table?features_path=%2Fprivate%2Fvar%2Ffolders%2F_c%2F3xdf41hd3tvgxpx63mrml2c00000gn%2FT%2Fpytest-of-louis%2Fpytest-131%2Ffeature_browser0%2Fsample_features.h5&page=2&page_size=100 "HTTP/1.1 200 OK"
PASSED                                                                   [  6%]
tests/api/test_feature_browser.py::test_data_table_column_selection 
-------------------------------- live log call ---------------------------------
01:34:59 [INFO] [aca9798f] Started GET /api/v1/features/data-table from testclient
01:34:59 [INFO] GET /api/v1/features/data-table - 200 - 0.031s
01:34:59 [INFO] [aca9798f] Completed GET /api/v1/features/data-table - 200 - 0.031s
01:34:59 [INFO] HTTP Request: GET http://testserver/api/v1/features/data-table?features_path=%2Fprivate%2Fvar%2Ffolders%2F_c%2F3xdf41hd3tvgxpx63mrml2c00000gn%2FT%2Fpytest-of-louis%2Fpytest-131%2Ffeature_browser0%2Fsample_features.h5&columns=feature_0%2Cfeature_1&page_size=10 "HTTP/1.1 200 OK"
PASSED                                                                   [  6%]
tests/api/test_feature_browser_routes.py::test_overview_endpoint_200 
-------------------------------- live log call ---------------------------------
01:34:59 [INFO] [73282c46] Started GET /api/v1/feature-browser/overview from testclient
01:34:59 [INFO] GET /api/v1/feature-browser/overview - 200 - 0.005s
01:34:59 [INFO] [73282c46] Completed GET /api/v1/feature-browser/overview - 200 - 0.005s
01:34:59 [INFO] HTTP Request: GET http://testserver/api/v1/feature-browser/overview?features_path=%2Fprivate%2Fvar%2Ffolders%2F_c%2F3xdf41hd3tvgxpx63mrml2c00000gn%2FT%2Fpytest-of-louis%2Fpytest-131%2Ffeature_browser_v20%2Fsample_features.h5 "HTTP/1.1 200 OK"
PASSED                                                                   [  6%]
tests/api/test_feature_browser_routes.py::test_distribution_endpoint_200 
-------------------------------- live log call ---------------------------------
01:34:59 [INFO] [d302153e] Started GET /api/v1/feature-browser/distribution/feature_0 from testclient
01:34:59 [INFO] GET /api/v1/feature-browser/distribution/feature_0 - 200 - 0.005s
01:34:59 [INFO] [d302153e] Completed GET /api/v1/feature-browser/distribution/feature_0 - 200 - 0.005s
01:34:59 [INFO] HTTP Request: GET http://testserver/api/v1/feature-browser/distribution/feature_0?features_path=%2Fprivate%2Fvar%2Ffolders%2F_c%2F3xdf41hd3tvgxpx63mrml2c00000gn%2FT%2Fpytest-of-louis%2Fpytest-131%2Ffeature_browser_v20%2Fsample_features.h5&bins=40 "HTTP/1.1 200 OK"
PASSED                                                                   [  6%]
tests/api/test_feature_browser_routes.py::test_ic_dashboard_endpoint_200 
-------------------------------- live log call ---------------------------------
01:34:59 [INFO] [5e15d6d3] Started GET /api/v1/feature-browser/ic-dashboard from testclient
01:34:59 [INFO] GET /api/v1/feature-browser/ic-dashboard - 200 - 0.024s
01:34:59 [INFO] [5e15d6d3] Completed GET /api/v1/feature-browser/ic-dashboard - 200 - 0.024s
01:34:59 [INFO] HTTP Request: GET http://testserver/api/v1/feature-browser/ic-dashboard?features_path=%2Fprivate%2Fvar%2Ffolders%2F_c%2F3xdf41hd3tvgxpx63mrml2c00000gn%2FT%2Fpytest-of-louis%2Fpytest-131%2Ffeature_browser_v20%2Fsample_features.h5 "HTTP/1.1 200 OK"
PASSED                                                                   [  6%]
tests/api/test_feature_browser_routes.py::test_rolling_ic_endpoint_200 
-------------------------------- live log call ---------------------------------
01:34:59 [INFO] [a6683b4a] Started GET /api/v1/feature-browser/rolling-ic/feature_1 from testclient
01:34:59 [INFO] GET /api/v1/feature-browser/rolling-ic/feature_1 - 200 - 0.009s
01:34:59 [INFO] [a6683b4a] Completed GET /api/v1/feature-browser/rolling-ic/feature_1 - 200 - 0.009s
01:34:59 [INFO] HTTP Request: GET http://testserver/api/v1/feature-browser/rolling-ic/feature_1?features_path=%2Fprivate%2Fvar%2Ffolders%2F_c%2F3xdf41hd3tvgxpx63mrml2c00000gn%2FT%2Fpytest-of-louis%2Fpytest-131%2Ffeature_browser_v20%2Fsample_features.h5&window=40 "HTTP/1.1 200 OK"
PASSED                                                                   [  6%]
tests/api/test_feature_browser_routes.py::test_quality_scorecard_endpoint_200 
-------------------------------- live log call ---------------------------------
01:34:59 [INFO] [4f626ed9] Started GET /api/v1/feature-browser/quality-scorecard from testclient
01:34:59 [INFO] GET /api/v1/feature-browser/quality-scorecard - 200 - 0.064s
01:34:59 [INFO] [4f626ed9] Completed GET /api/v1/feature-browser/quality-scorecard - 200 - 0.064s
01:34:59 [INFO] HTTP Request: GET http://testserver/api/v1/feature-browser/quality-scorecard?features_path=%2Fprivate%2Fvar%2Ffolders%2F_c%2F3xdf41hd3tvgxpx63mrml2c00000gn%2FT%2Fpytest-of-louis%2Fpytest-131%2Ffeature_browser_v20%2Fsample_features.h5 "HTTP/1.1 200 OK"
PASSED                                                                   [  6%]
tests/api/test_feature_browser_routes.py::test_correlation_matrix_endpoint_200 
-------------------------------- live log call ---------------------------------
01:34:59 [INFO] [6306141f] Started GET /api/v1/feature-browser/correlation-matrix from testclient
01:34:59 [INFO] GET /api/v1/feature-browser/correlation-matrix - 200 - 0.003s
01:34:59 [INFO] [6306141f] Completed GET /api/v1/feature-browser/correlation-matrix - 200 - 0.003s
01:34:59 [INFO] HTTP Request: GET http://testserver/api/v1/feature-browser/correlation-matrix?features_path=%2Fprivate%2Fvar%2Ffolders%2F_c%2F3xdf41hd3tvgxpx63mrml2c00000gn%2FT%2Fpytest-of-louis%2Fpytest-131%2Ffeature_browser_v20%2Fsample_features.h5&max_features=20 "HTTP/1.1 200 OK"
PASSED                                                                   [  6%]
tests/api/test_feature_browser_routes.py::test_vif_endpoint_200 
-------------------------------- live log call ---------------------------------
01:34:59 [INFO] [502ecb0e] Started GET /api/v1/feature-browser/vif from testclient
01:34:59 [INFO] GET /api/v1/feature-browser/vif - 200 - 0.003s
01:34:59 [INFO] [502ecb0e] Completed GET /api/v1/feature-browser/vif - 200 - 0.003s
01:34:59 [INFO] HTTP Request: GET http://testserver/api/v1/feature-browser/vif?features_path=%2Fprivate%2Fvar%2Ffolders%2F_c%2F3xdf41hd3tvgxpx63mrml2c00000gn%2FT%2Fpytest-of-louis%2Fpytest-131%2Ffeature_browser_v20%2Fsample_features.h5 "HTTP/1.1 200 OK"
PASSED                                                                   [  6%]
tests/api/test_feature_browser_routes.py::test_drift_monitor_endpoint_200 
-------------------------------- live log call ---------------------------------
01:34:59 [INFO] [9754c153] Started GET /api/v1/feature-browser/drift-monitor from testclient
01:34:59 [INFO] GET /api/v1/feature-browser/drift-monitor - 200 - 0.008s
01:34:59 [INFO] [9754c153] Completed GET /api/v1/feature-browser/drift-monitor - 200 - 0.008s
01:34:59 [INFO] HTTP Request: GET http://testserver/api/v1/feature-browser/drift-monitor?features_path=%2Fprivate%2Fvar%2Ffolders%2F_c%2F3xdf41hd3tvgxpx63mrml2c00000gn%2FT%2Fpytest-of-louis%2Fpytest-131%2Ffeature_browser_v20%2Fsample_features.h5 "HTTP/1.1 200 OK"
PASSED                                                                   [  6%]
tests/api/test_feature_browser_routes.py::test_shap_summary_endpoint_200 
-------------------------------- live log call ---------------------------------
01:34:59 [INFO] [fc05f8d2] Started GET /api/v1/feature-browser/shap-summary from testclient
01:34:59 [INFO] GET /api/v1/feature-browser/shap-summary - 200 - 0.006s
01:34:59 [INFO] [fc05f8d2] Completed GET /api/v1/feature-browser/shap-summary - 200 - 0.006s
01:34:59 [INFO] HTTP Request: GET http://testserver/api/v1/feature-browser/shap-summary?features_path=%2Fprivate%2Fvar%2Ffolders%2F_c%2F3xdf41hd3tvgxpx63mrml2c00000gn%2FT%2Fpytest-of-louis%2Fpytest-131%2Ffeature_browser_v20%2Fsample_features.h5 "HTTP/1.1 200 OK"
PASSED                                                                   [  6%]
tests/api/test_feature_browser_routes.py::test_importance_comparison_endpoint_200 
-------------------------------- live log call ---------------------------------
01:34:59 [INFO] [97907060] Started GET /api/v1/feature-browser/importance-comparison from testclient
01:34:59 [INFO] GET /api/v1/feature-browser/importance-comparison - 200 - 0.003s
01:34:59 [INFO] [97907060] Completed GET /api/v1/feature-browser/importance-comparison - 200 - 0.003s
01:34:59 [INFO] HTTP Request: GET http://testserver/api/v1/feature-browser/importance-comparison?features_path=%2Fprivate%2Fvar%2Ffolders%2F_c%2F3xdf41hd3tvgxpx63mrml2c00000gn%2FT%2Fpytest-of-louis%2Fpytest-131%2Ffeature_browser_v20%2Fsample_features.h5 "HTTP/1.1 200 OK"
PASSED                                                                   [  6%]
tests/api/test_feature_browser_routes.py::test_overview_missing_path_404 
-------------------------------- live log call ---------------------------------
01:34:59 [INFO] [1736c7e8] Started GET /api/v1/feature-browser/overview from testclient
01:34:59 [WARNING] HTTP 404: features_path not found: /tmp/does_not_exist.h5
01:34:59 [WARNING] GET /api/v1/feature-browser/overview - 404 - 0.001s
01:34:59 [INFO] [1736c7e8] Completed GET /api/v1/feature-browser/overview - 404 - 0.001s
01:34:59 [INFO] HTTP Request: GET http://testserver/api/v1/feature-browser/overview?features_path=%2Ftmp%2Fdoes_not_exist.h5 "HTTP/1.1 404 Not Found"
PASSED                                                                   [  6%]
tests/api/test_feature_browser_routes.py::test_distribution_unknown_feature_404 
-------------------------------- live log call ---------------------------------
01:34:59 [INFO] [41d10735] Started GET /api/v1/feature-browser/distribution/not_exists from testclient
01:34:59 [WARNING] HTTP 404: Feature not found: not_exists
01:34:59 [WARNING] GET /api/v1/feature-browser/distribution/not_exists - 404 - 0.002s
01:34:59 [INFO] [41d10735] Completed GET /api/v1/feature-browser/distribution/not_exists - 404 - 0.002s
01:34:59 [INFO] HTTP Request: GET http://testserver/api/v1/feature-browser/distribution/not_exists?features_path=%2Fprivate%2Fvar%2Ffolders%2F_c%2F3xdf41hd3tvgxpx63mrml2c00000gn%2FT%2Fpytest-of-louis%2Fpytest-131%2Ffeature_browser_v20%2Fsample_features.h5 "HTTP/1.1 404 Not Found"
PASSED                                                                   [  6%]
tests/api/test_feature_browser_routes.py::test_coverage_matrix_endpoint_200 
-------------------------------- live log call ---------------------------------
01:34:59 [INFO] [34a31aac] Started POST /api/v1/feature-browser/coverage-matrix from testclient
01:34:59 [INFO] POST /api/v1/feature-browser/coverage-matrix - 200 - 0.004s
01:34:59 [INFO] [34a31aac] Completed POST /api/v1/feature-browser/coverage-matrix - 200 - 0.004s
01:34:59 [INFO] HTTP Request: POST http://testserver/api/v1/feature-browser/coverage-matrix "HTTP/1.1 200 OK"
PASSED                                                                   [  6%]
tests/api/test_feature_browser_routes.py::test_coverage_matrix_requires_at_least_two_symbols 
-------------------------------- live log call ---------------------------------
01:34:59 [INFO] [f9cae8b5] Started POST /api/v1/feature-browser/coverage-matrix from testclient
01:34:59 [WARNING] HTTP 400: Coverage Matrix 需至少 2 個 Symbol
01:34:59 [WARNING] POST /api/v1/feature-browser/coverage-matrix - 400 - 0.002s
01:34:59 [INFO] [f9cae8b5] Completed POST /api/v1/feature-browser/coverage-matrix - 400 - 0.002s
01:34:59 [INFO] HTTP Request: POST http://testserver/api/v1/feature-browser/coverage-matrix "HTTP/1.1 400 Bad Request"
PASSED                                                                   [  6%]
tests/api/test_feature_browser_service.py::test_get_overview 
-------------------------------- live log setup --------------------------------
01:34:59 [INFO] Loaded feature registry with 883 entries
PASSED                                                                   [  6%]
tests/api/test_feature_browser_service.py::test_get_ic_dashboard PASSED  [  7%]
tests/api/test_feature_browser_service.py::test_get_rolling_ic PASSED    [  7%]
tests/api/test_feature_browser_service.py::test_get_quality_scorecard PASSED [  7%]
tests/api/test_feature_browser_service.py::test_get_correlation_matrix_truncation PASSED [  7%]
tests/api/test_feature_browser_service.py::test_get_vif PASSED           [  7%]
tests/api/test_feature_browser_service.py::test_get_drift_monitor PASSED [  7%]
tests/api/test_feature_browser_service.py::test_get_shap_summary PASSED  [  7%]
tests/api/test_feature_browser_service.py::test_get_importance_comparison PASSED [  7%]
tests/api/test_feature_browser_service.py::test_missing_file_raises PASSED [  7%]
tests/api/test_feature_browser_service.py::test_get_coverage_matrix PASSED [  7%]
tests/api/test_feature_export.py::test_export_csv_stream_success 
-------------------------------- live log call ---------------------------------
01:34:59 [INFO] HTTP Request: GET http://test/api/v1/features/export/task-123/csv "HTTP/1.1 200 OK"
PASSED                                                                   [  7%]
tests/api/test_feature_export.py::test_export_csv_columns_filter 
-------------------------------- live log call ---------------------------------
01:34:59 [INFO] HTTP Request: GET http://test/api/v1/features/export/task-1/csv?columns=a%2Cb%2Cc "HTTP/1.1 200 OK"
PASSED                                                                   [  7%]
tests/api/test_feature_export.py::test_export_csv_max_rows 
-------------------------------- live log call ---------------------------------
01:34:59 [INFO] HTTP Request: GET http://test/api/v1/features/export/task-1/csv?max_rows=10 "HTTP/1.1 200 OK"
PASSED                                                                   [  7%]
tests/api/test_feature_export.py::test_export_csv_metadata_header_flag 
-------------------------------- live log call ---------------------------------
01:34:59 [INFO] HTTP Request: GET http://test/api/v1/features/export/task-1/csv?include_metadata_header=false "HTTP/1.1 200 OK"
PASSED                                                                   [  7%]
tests/api/test_feature_export.py::test_export_csv_not_found 
-------------------------------- live log call ---------------------------------
01:34:59 [INFO] HTTP Request: GET http://test/api/v1/features/export/missing/csv "HTTP/1.1 404 Not Found"
PASSED                                                                   [  7%]
tests/api/test_feature_export.py::test_export_json_schema_structure 
-------------------------------- live log call ---------------------------------
01:34:59 [INFO] HTTP Request: GET http://test/api/v1/features/export/task-1/json "HTTP/1.1 200 OK"
PASSED                                                                   [  7%]
tests/api/test_feature_export.py::test_export_json_level_catalog 
-------------------------------- live log call ---------------------------------
01:34:59 [INFO] HTTP Request: GET http://test/api/v1/features/export/task-1/json "HTTP/1.1 200 OK"
PASSED                                                                   [  7%]
tests/api/test_feature_export.py::test_export_json_per_feature_statistics 
-------------------------------- live log call ---------------------------------
[...]
tests/test_phase_b_granular_control.py::TestB1SchemaAPI::test_layer1_cdl_pattern_has_description PASSED [ 86%]
tests/test_phase_b_granular_control.py::TestB1SchemaAPI::test_layer1_known_indicator_description PASSED [ 86%]
tests/test_phase_b_granular_control.py::TestB1SchemaAPI::test_layer2_operators PASSED [ 86%]
tests/test_phase_b_granular_control.py::TestB1SchemaAPI::test_layer3_aggregators PASSED [ 86%]
tests/test_phase_b_granular_control.py::TestB1SchemaAPI::test_layer6_sub_engines PASSED [ 86%]
tests/test_phase_b_granular_control.py::TestB1SchemaAPI::test_layer6_5_methods PASSED [ 86%]
tests/test_phase_b_granular_control.py::TestB2BatchToggle::test_toggle_indicator_enabled PASSED [ 87%]
tests/test_phase_b_granular_control.py::TestB2BatchToggle::test_toggle_aggregator_enabled PASSED [ 87%]
tests/test_phase_b_granular_control.py::TestB2BatchToggle::test_toggle_invalid_path PASSED [ 87%]
tests/test_phase_b_granular_control.py::TestB2BatchToggle::test_toggle_multiple_items PASSED [ 87%]
tests/test_phase_b_granular_control.py::TestB2BatchToggle::test_toggle_returns_preview PASSED [ 87%]
tests/test_phase_b_granular_control.py::TestB2BatchToggle::test_toggle_operator_enabled PASSED [ 87%]
tests/test_phase_b_granular_control.py::TestB3PresetExpansion::test_new_preset_valid[trend_focused] PASSED [ 87%]
tests/test_phase_b_granular_control.py::TestB3PresetExpansion::test_new_preset_valid[momentum_focused] PASSED [ 87%]
tests/test_phase_b_granular_control.py::TestB3PresetExpansion::test_new_preset_valid[microstructure_focused] PASSED [ 87%]
tests/test_phase_b_granular_control.py::TestB3PresetExpansion::test_new_preset_valid[lightweight_ml] PASSED [ 87%]
tests/test_phase_b_granular_control.py::TestB3PresetExpansion::test_trend_focused_only_select_momentum PASSED [ 87%]
tests/test_phase_b_granular_control.py::TestB3PresetExpansion::test_momentum_focused_enables_volume PASSED [ 87%]
tests/test_phase_b_granular_control.py::TestB3PresetExpansion::test_microstructure_focused_enables_correct PASSED [ 87%]
tests/test_phase_b_granular_control.py::TestB3PresetExpansion::test_lightweight_ml_limited_indicators PASSED [ 87%]
tests/test_phase_b_granular_control.py::TestB3PresetExpansion::test_lightweight_ml_rolling_only_3_agg PASSED [ 87%]
tests/test_phase_b_granular_control.py::TestB3PresetExpansion::test_preset_applied_via_service PASSED [ 87%]
tests/test_phase_b_granular_control.py::TestB3PresetExpansion::test_presets_list_includes_new_presets PASSED [ 87%]
tests/test_phase_b_granular_control.py::TestB3PresetExpansion::test_unknown_preset_raises_error PASSED [ 87%]
tests/test_phase_b_granular_control.py::TestB4PreviewAccuracy::test_per_indicator_enabled_affects_count PASSED [ 88%]
tests/test_phase_b_granular_control.py::TestB4PreviewAccuracy::test_all_indicators_disabled_gives_zero_atomic PASSED [ 88%]
tests/test_phase_b_granular_control.py::TestB4PreviewAccuracy::test_per_aggregator_enabled_affects_rolling PASSED [ 88%]
tests/test_phase_b_granular_control.py::TestB4PreviewAccuracy::test_rolling_disabled_gives_zero PASSED [ 88%]
tests/test_phase_b_granular_control.py::TestB4PreviewAccuracy::test_preview_breakdown_keys PASSED [ 88%]
tests/test_phase_b_granular_control.py::TestB4PreviewAccuracy::test_operators_disabled_affects_derived PASSED [ 88%]
tests/test_phase_b_granular_control.py::TestB4PreviewAccuracy::test_cross_sectional_per_feature_count PASSED [ 88%]
tests/test_phase_b_granular_control.py::TestB4PreviewAccuracy::test_meta_per_subengine_count PASSED [ 88%]
tests/test_phase_b_granular_control.py::TestConfigMigration::test_old_aggregators_list_migrated PASSED [ 88%]
tests/test_phase_b_granular_control.py::TestConfigMigration::test_old_cross_features_list_migrated PASSED [ 88%]
tests/test_phase_b_granular_control.py::TestConfigMigration::test_old_microstructure_enabled_features_migrated PASSED [ 88%]
tests/test_phase_b_granular_control.py::TestConfigMigration::test_indicator_without_enabled_defaults_true PASSED [ 88%]
tests/test_phase_c_granular_control.py::TestComponentRender::test_layer1_content_exists PASSED [ 88%]
tests/test_phase_c_granular_control.py::TestComponentRender::test_layer2_content_exists PASSED [ 88%]
tests/test_phase_c_granular_control.py::TestComponentRender::test_layer3_content_exists PASSED [ 88%]
tests/test_phase_c_granular_control.py::TestComponentRender::test_layer4_content_exists PASSED [ 88%]
tests/test_phase_c_granular_control.py::TestComponentRender::test_layer5_content_exists PASSED [ 88%]
tests/test_phase_c_granular_control.py::TestComponentRender::test_layer6_content_exists PASSED [ 88%]
tests/test_phase_c_granular_control.py::TestComponentRender::test_layer65_content_exists PASSED [ 89%]
tests/test_phase_c_granular_control.py::TestSelectAllDeselectAll::test_select_all_button PASSED [ 89%]
tests/test_phase_c_granular_control.py::TestSelectAllDeselectAll::test_deselect_all_button PASSED [ 89%]
tests/test_phase_c_granular_control.py::TestSelectAllDeselectAll::test_indeterminate_state PASSED [ 89%]
tests/test_phase_c_granular_control.py::TestSelectAllDeselectAll::test_store_toggle_all_in_category PASSED [ 89%]
tests/test_phase_c_granular_control.py::TestLayerToggle::test_tab_navigation_exists PASSED [ 89%]
tests/test_phase_c_granular_control.py::TestLayerToggle::test_toggle_aggregator_action PASSED [ 89%]
tests/test_phase_c_granular_control.py::TestLayerToggle::test_toggle_meta_sub_engine_action PASSED [ 89%]
tests/test_phase_c_granular_control.py::TestSearchFilter::test_search_input_exists PASSED [ 89%]
tests/test_phase_c_granular_control.py::TestSearchFilter::test_store_indicator_search_state PASSED [ 89%]
tests/test_phase_c_granular_control.py::TestPreviewUpdate::test_preview_bar_reads_preview_data PASSED [ 89%]
tests/test_phase_c_granular_control.py::TestPreviewUpdate::test_page_integrates_preview_bar FAILED [ 89%]

=================================== FAILURES ===================================
/Users/louis/Desktop/quantitative_trading_system/tests/test_phase_c_granular_control.py:181: assert 'FeaturePreviewBar' in '\'use client\';\n\nimport { useCallback, useEffect, useMemo, useState } from \'react\';\nimport { Sparkles, Wand2, AlertCircle, PlayCircle } from \'lucide-react\';\nimport { useFeatureFactoryStore } from \'@/store/featureFactoryStore\';\nimport { useFeatureFactory } from \'@/hooks/useFeatureFactory\';\nimport ConfigPanel from \'@/components/feature-factory/ConfigPanel\';\nimport FeatureKlineDownloadPanel from \'@/components/feature-factory/FeatureKlineDownloadPanel\';\nimport PreviewPanel from \'@/components/feature-factory/PreviewPanel\';\nimport GenerationProgress from \'@/components/feature-factory/GenerationProgress\';\nimport AutoResearchPanel from \'@/components/feature-factory/AutoResearchPanel\';\nimport ExportButtons from \'@/components/feature-factory/ExportButtons\';\nimport PreprocessingPanel from \'@/components/feature-factory/PreprocessingPanel\';\nimport LayerPanel from \'@/components/feature-factory/LayerPanel\';\nimport FeatureExplorer from \'@/components/feature-factory/FeatureExplorer\';\nimport BatchQualityOverview from \'@/components/feature-factory/BatchQualityOverview\';\n\nconst DEFAULT_SYMBOL = \'BTCUSDT\';\nconst DEFAULT_TIMEFRAME = \'12h\';\n\nconst AP...nter gap-1">\n                              <span className="inline-block w-3 h-3 rounded-full border-2 border-cyan-400/60 border-t-cyan-300 animate-spin" />\n                              {sym}\n                            </span>\n                          ) : sym}\n                        </button>\n                      ))}\n                    </div>\n                    {selectedBatchSymbol && browseTaskIds[selectedBatchSymbol] && (\n                      <FeatureExplorer taskId={browseTaskIds[selectedBatchSymbol]} />\n                    )}\n                    {selectedBatchSymbol && !browseTaskIds[selectedBatchSymbol] && registeringSymbol === selectedBatchSymbol && (\n                      <div className="flex items-center gap-2 text-xs text-slate-400 py-2">\n                        <span className="inline-block w-3 h-3 rounded-full border-2 border-amber-400/60 border-t-amber-300 animate-spin" />\n                        載入 {selectedBatchSymbol} 特徵資料中…\n                      </div>\n                    )}\n                  </div>\n                </>\n              )}\n          </div>\n        </div>\n\n        <AutoResearchPanel />\n      </div>\n    </div>\n  );\n}\n'
=============================== warnings summary ===============================
momentum/FeatureEngineering/feature_extractor.py:367
momentum/FeatureEngineering/feature_extractor.py:367
momentum/FeatureEngineering/feature_extractor.py:367
  /Users/louis/Desktop/quantitative_trading_system/momentum/FeatureEngineering/feature_extractor.py:367: FutureWarning: Downcasting object dtype arrays on .fillna, .ffill, .bfill is deprecated and will change in a future version. Call result.infer_objects(copy=False) instead. To opt-in to the future behavior, set `pd.set_option('future.no_silent_downcasting', True)`
    ema_short_above_prev = ema_short_above.shift(1).fillna(False)

tests/api/test_feature_api.py: 2 warnings
tests/momentum/test_feature_extractor.py: 6 warnings
tests/momentum/test_feature_storage.py: 4 warnings
tests/momentum/test_feature_validator.py: 3 warnings
tests/test_cross_symbol_features.py: 2 warnings
tests/test_phase3_feature_extractor.py: 6 warnings
tests/test_phase6_end_to_end.py: 4 warnings
  /Users/louis/Desktop/quantitative_trading_system/momentum/FeatureEngineering/indicators/ema_extractor.py:167: FutureWarning: Downcasting object dtype arrays on .fillna, .ffill, .bfill is deprecated and will change in a future version. Call result.infer_objects(copy=False) instead. To opt-in to the future behavior, set `pd.set_option('future.no_silent_downcasting', True)`
    ema_short_above_prev = ema_short_above.shift(1).fillna(False)

tests/api/test_feature_api.py::test_feature_extraction_api
tests/api/test_feature_api.py::test_feature_task_status_api
tests/momentum/test_feature_validator.py::test_fill_nan_values
tests/momentum/test_feature_validator.py::test_edge_case_all_nan
  /Users/louis/Desktop/quantitative_trading_system/momentum/FeatureEngineering/feature_validator.py:357: FutureWarning: DataFrame.fillna with 'method' is deprecated and will raise in a future version. Use obj.ffill() or obj.bfill() instead.
    df[feature_names] = df[feature_names].fillna(method='ffill')

tests/integration/test_optuna_checkpoint_recovery.py::test_checkpoint_manager_save_and_load
tests/integration/test_optuna_checkpoint_recovery.py::test_checkpoint_load_then_continue_optimization
  /Users/louis/Desktop/quantitative_trading_system/momentum/Optimization/checkpoint_manager.py:150: FutureWarning: system_attrs has been deprecated in v3.1.0. This feature will be removed in v5.0.0. See https://github.com/optuna/optuna/releases/tag/v3.1.0.
    'system_attrs': study.system_attrs,

tests/momentum/Analysis/test_lightgbm_analyzer.py: 55 warnings
tests/momentum/Analysis/test_lightgbm_edge_cases.py: 200 warnings
tests/momentum/Analysis/test_model_trainer_protocol.py: 5 warnings
tests/momentum/test_lightgbm_analyzer_phase3.py: 10 warnings
  /Users/louis/Desktop/quantitative_trading_system/venv/lib/python3.9/site-packages/sklearn/utils/validation.py:2739: UserWarning: X does not have valid feature names, but LGBMClassifier was fitted with feature names
    warnings.warn(

tests/momentum/Analysis/test_lightgbm_analyzer.py::test_shap_methods_smoke
tests/momentum/Analysis/test_lightgbm_analyzer.py::test_shap_methods_smoke
tests/momentum/Analysis/test_lightgbm_edge_cases.py::test_h1_shap_sample_size_handling[1-lightgbm]
tests/momentum/Analysis/test_lightgbm_edge_cases.py::test_h1_shap_sample_size_handling[5-lightgbm]
tests/momentum/Analysis/test_lightgbm_edge_cases.py::test_h1_shap_sample_size_handling[20-lightgbm]
tests/momentum/Analysis/test_lightgbm_edge_cases.py::test_h1_shap_sample_size_handling[50-lightgbm]
tests/momentum/Analysis/test_lightgbm_edge_cases.py::test_h1_shap_sample_size_handling[9999-lightgbm]
tests/momentum/Analysis/test_shared_analyzers_lightgbm.py::test_lightgbm_shap_global_and_single_case
tests/momentum/Analysis/test_shared_analyzers_lightgbm.py::test_lightgbm_shap_global_and_single_case
  /Users/louis/Desktop/quantitative_trading_system/venv/lib/python3.9/site-packages/shap/explainers/_tree.py:586: UserWarning: LightGBM binary classifier with TreeExplainer shap values output has changed to a list of ndarray
    warnings.warn(

tests/momentum/Optimization/test_optuna_objectives.py: 2 warnings
tests/optimization/test_optuna_optimizer_advanced.py: 2 warnings
tests/optimization/test_optuna_optimizer_basic.py: 7 warnings
  /Users/louis/Desktop/quantitative_trading_system/venv/lib/python3.9/site-packages/optuna/_experimental.py:32: ExperimentalWarning: Argument ``multivariate`` is an experimental feature. The interface can change in the future.
    warnings.warn(

tests/momentum/Optimization/test_optuna_objectives.py: 2 warnings
tests/optimization/test_optuna_optimizer_advanced.py: 2 warnings
tests/optimization/test_optuna_optimizer_basic.py: 7 warnings
  /Users/louis/Desktop/quantitative_trading_system/venv/lib/python3.9/site-packages/optuna/_experimental.py:32: ExperimentalWarning: Argument ``constant_liar`` is an experimental feature. The interface can change in the future.
    warnings.warn(

tests/momentum/Optimization/test_optuna_objectives.py::test_strategy_backtest_objective_single_and_multi
tests/momentum/Optimization/test_optuna_objectives.py::test_strategy_backtest_objective_single_and_multi
  /Users/louis/Desktop/quantitative_trading_system/venv/lib/python3.9/site-packages/optuna/trial/_fixed.py:152: UserWarning: The value 1 of the parameter 'cooldown_bars' is out of the range of the distribution IntDistribution(high=20, log=False, low=0, step=5).
    warnings.warn(

tests/momentum/test_cv_validator.py::test_validate_single_class_outputs
  /Users/louis/Desktop/quantitative_trading_system/momentum/Analysis/model_validation/cv_validator.py:87: RuntimeWarning: Mean of empty slice
    cv_auc_mean = float(np.nanmean(fold_aucs)) if fold_aucs else np.nan

tests/momentum/test_cv_validator.py::test_validate_single_class_outputs
  /Users/louis/Desktop/quantitative_trading_system/venv/lib/python3.9/site-packages/numpy/lib/nanfunctions.py:1879: RuntimeWarning: Degrees of freedom <= 0 for slice.
    var = nanvar(a, axis=axis, dtype=dtype, out=out, ddof=ddof,

tests/momentum/test_feature_extractor.py::test_feature_no_nan_inf
  /Users/louis/Desktop/quantitative_trading_system/tests/momentum/test_feature_extractor.py:90: FutureWarning: DataFrame.fillna with 'method' is deprecated and will raise in a future version. Use obj.ffill() or obj.bfill() instead.
    features_df[feature_names] = features_df[feature_names].fillna(method='ffill')

tests/momentum/test_feature_extractor.py::test_multi_indicator_strategy
tests/test_phase3_feature_extractor.py::test_4_multi_indicator_integration
tests/test_phase6_end_to_end.py::test_2_multi_indicator_pipeline
  /Users/louis/Desktop/quantitative_trading_system/momentum/FeatureEngineering/indicators/macd_extractor.py:109: FutureWarning: Downcasting object dtype arrays on .fillna, .ffill, .bfill is deprecated and will change in a future version. Call result.infer_objects(copy=False) instead. To opt-in to the future behavior, set `pd.set_option('future.no_silent_downcasting', True)`
    macd_above_prev = macd_above.shift(1).fillna(False)

tests/momentum/test_feature_storage.py::test_feature_storage_hdf5
tests/momentum/test_feature_storage.py::test_feature_summary
tests/momentum/test_feature_storage.py::test_feature_file_operations
tests/momentum/test_feature_storage.py::test_edge_case_corrupted_metadata
  /Users/louis/Desktop/quantitative_trading_system/tests/momentum/test_feature_storage.py:57: FutureWarning: DataFrame.fillna with 'method' is deprecated and will raise in a future version. Use obj.ffill() or obj.bfill() instead.
    features_df[feature_names] = features_df[feature_names].fillna(method='ffill')

tests/momentum/test_feature_validator.py::test_feature_validation
  /Users/louis/Desktop/quantitative_trading_system/tests/momentum/test_feature_validator.py:52: FutureWarning: DataFrame.fillna with 'method' is deprecated and will raise in a future version. Use obj.ffill() or obj.bfill() instead.
    features_df[feature_names] = features_df[feature_names].fillna(method='ffill')

tests/momentum/test_feature_validator.py::test_validate_correlation_threshold
  /Users/louis/Desktop/quantitative_trading_system/tests/momentum/test_feature_validator.py:75: FutureWarning: DataFrame.fillna with 'method' is deprecated and will raise in a future version. Use obj.ffill() or obj.bfill() instead.
    features_df[feature_names] = features_df[feature_names].fillna(method='ffill')

tests/momentum/test_ic_engine.py::test_compute_ic_decay_outputs_peak_horizon
  /Users/louis/Desktop/quantitative_trading_system/momentum/Analysis/ic_engine.py:286: OptimizeWarning: Covariance of the parameters could not be estimated
    params, _ = optimize.curve_fit(model, x, y, maxfev=2000)

tests/momentum/test_ic_engine.py: 1 warning
tests/momentum/test_ic_filter_orchestrator.py: 48 warnings
  /Users/louis/Desktop/quantitative_trading_system/venv/lib/python3.9/site-packages/numpy/lib/function_base.py:2897: RuntimeWarning: invalid value encountered in divide
    c /= stddev[:, None]

tests/momentum/test_ic_filter_orchestrator.py: 48 warnings
  /Users/louis/Desktop/quantitative_trading_system/venv/lib/python3.9/site-packages/numpy/lib/function_base.py:2898: RuntimeWarning: invalid value encountered in divide
    c /= stddev[None, :]

tests/momentum/test_ic_filter_orchestrator.py::test_stage5_statistical_validation_adjusted_p_threshold
tests/momentum/test_ic_filter_orchestrator.py::test_stage5_statistical_validation_adjusted_p_threshold
  /Users/louis/Desktop/quantitative_trading_system/venv/lib/python3.9/site-packages/scipy/stats/_axis_nan_policy.py:531: RuntimeWarning: Precision loss occurred in moment calculation due to catastrophic cancellation. This occurs when the data are nearly identical. Results may be unreliable.
    res = hypotest_fun_out(*samples, **kwds)

tests/momentum/test_memory_chunking.py::TestL3StreamingVarianceFilter::test_variance_filter_standalone
  /Users/louis/Desktop/quantitative_trading_system/venv/lib/python3.9/site-packages/pandas/core/nanops.py:1016: RuntimeWarning: invalid value encountered in subtract
    sqr = _ensure_numeric((avg - values) ** 2)

tests/test_feature_factory_e2e.py::test_standard_preset_btcusdt
tests/test_feature_factory_e2e.py::test_minimal_preset
tests/test_feature_factory_e2e.py::test_multi_data_source
tests/test_feature_factory_e2e.py::test_multi_timeframe_alignment
tests/test_feature_factory_e2e.py::test_user_override_rsi_period
tests/test_feature_factory_e2e.py::test_no_future_leak_alignment_check
tests/test_feature_factory_e2e.py::test_naming_convention_basic
tests/test_feature_factory_e2e.py::test_metadata_completeness
tests/test_feature_factory_mcp.py::test_mcp_generate_features_returns_dict
  /Users/louis/Desktop/quantitative_trading_system/momentum/DataExtraction/kline_storage.py:411: DeprecationWarning: _import_from_legacy_cache() is deprecated and will be removed in a future release. Please migrate data access to kline_cache.h5 directly.
    imported = self._import_from_legacy_cache(symbol, timeframe)

-- Docs: https://docs.pytest.org/en/stable/how-to/capture-warnings.html
=========================== short test summary info ============================
FAILED tests/test_phase_c_granular_control.py::TestPreviewUpdate::test_page_integrates_preview_bar
!!!!!!!!!!!!!!!!!!!!!!!!!! stopping after 1 failures !!!!!!!!!!!!!!!!!!!!!!!!!!!
= 1 failed, 1597 passed, 35 skipped, 52 deselected, 461 warnings in 96.35s (0:01:36) =
