============================= test session starts ==============================
platform darwin -- Python 3.9.6, pytest-8.4.2, pluggy-1.6.0
rootdir: /Users/louis/Desktop/quantitative_trading_system
configfile: pytest.ini
plugins: asyncio-1.2.0, anyio-4.10.0, cov-7.0.0
asyncio: mode=strict, debug=False, asyncio_default_fixture_loop_scope=None, asyncio_default_test_loop_scope=function
collected 9 items

tests/momentum/DataExtraction/test_search_download_pagination.py::test_pagination_branch_is_exercised_and_converges 
-------------------------------- live log call ---------------------------------
09:36:51 [WARNING] KlineStorageManager 未啟用，略過緩存寫入
PASSED                                                                   [ 11%]
tests/momentum/DataExtraction/test_search_download_pagination.py::test_millisecond_cursor_survives_request_serialization 
-------------------------------- live log call ---------------------------------
09:36:51 [WARNING] KlineStorageManager 未啟用，略過緩存寫入
09:36:51 [WARNING] KlineStorageManager 未啟用，略過緩存寫入
PASSED                                                                   [ 22%]
tests/momentum/DataExtraction/test_search_download_pagination.py::test_stale_or_unsorted_response_is_rejected_not_silently_truncated 
-------------------------------- live log call ---------------------------------
09:36:51 [ERROR] 獲取歷史K線時出錯: K 線回應非遞增或末筆非最大值（拒收，不得落快取）: ETHUSDT 12h first=1712577600000 last=1712534400000 max=1755691200000 n=1000
PASSED                                                                   [ 33%]
tests/momentum/DataExtraction/test_search_download_pagination.py::test_no_progress_is_fail_closed 
-------------------------------- live log call ---------------------------------
09:36:51 [ERROR] 獲取歷史K線時出錯: 分批下載未前進（拒收，不得落快取）: ETHUSDT 12h current_start=2024-04-08 12:00:00 batch_end=2025-08-21 12:00:00 n_klines=1
PASSED                                                                   [ 44%]
tests/momentum/DataExtraction/test_search_download_pagination.py::test_empty_window_skips_only_proven_empty_range 
-------------------------------- live log call ---------------------------------
09:36:51 [WARNING] KlineStorageManager 未啟用，略過緩存寫入
PASSED                                                                   [ 55%]
tests/momentum/DataExtraction/test_search_download_pagination.py::test_symbol_search_does_not_block_event_loop 
-------------------------------- live log call ---------------------------------
09:36:52 [WARNING] No data available for ETHUSDT
PASSED                                                                   [ 66%]
tests/momentum/DataExtraction/test_search_download_pagination.py::test_process_pool_results_are_awaited_not_blocking PASSED [ 77%]
tests/momentum/DataExtraction/test_search_download_pagination.py::test_worker_logging_captures_dataloader_and_momentum_in_real_child FAILED [ 88%]
tests/momentum/DataExtraction/test_search_download_pagination.py::test_worker_logging_idempotent_and_failopen 
-------------------------------- live log call ---------------------------------
09:36:52 [INFO] visible-info
PASSED                                                                   [100%]

=================================== FAILURES ===================================
/Library/Developer/CommandLineTools/Library/Frameworks/Python3.framework/Versions/3.9/lib/python3.9/multiprocessing/synchronize.py:57: PermissionError: [Errno 1] Operation not permitted
=============================== warnings summary ===============================
venv/lib/python3.9/site-packages/joblib/_multiprocessing_helpers.py:44
  /Users/louis/Desktop/quantitative_trading_system/venv/lib/python3.9/site-packages/joblib/_multiprocessing_helpers.py:44: UserWarning: [Errno 1] Operation not permitted.  joblib will operate in serial mode
    warnings.warn("%s.  joblib will operate in serial mode" % (e,))

-- Docs: https://docs.pytest.org/en/stable/how-to/capture-warnings.html
=========================== short test summary info ============================
FAILED tests/momentum/DataExtraction/test_search_download_pagination.py::test_worker_logging_captures_dataloader_and_momentum_in_real_child - PermissionError: [Errno 1] Operation not permitted
==================== 1 failed, 8 passed, 1 warning in 0.74s ====================
