============================= test session starts ==============================
platform darwin -- Python 3.9.6, pytest-8.4.2, pluggy-1.6.0
rootdir: /Users/louis/Desktop/quantitative_trading_system
configfile: pytest.ini
plugins: asyncio-1.2.0, anyio-4.10.0, cov-7.0.0
asyncio: mode=strict, debug=False, asyncio_default_fixture_loop_scope=None, asyncio_default_test_loop_scope=function
collected 9 items / 6 deselected / 3 selected

tests/api/test_tfwindow.py::test_1h_golden_locks_fallback_and_features 
-------------------------------- live log setup --------------------------------
02:00:10 [INFO] IC config loaded
02:00:10 [INFO] KlineStorageManager initialized: data_cache/feature_klines/kline_cache.h5
02:00:10 [INFO] Read 20352 klines from BTCUSDT/1h in 0.010s
02:00:10 [WARNING] No preloaded label file (labels_df=None): mainline label will be generated from kline with configured horizon (normal path, not an error)
02:00:10 [WARNING] No preloaded label file (labels_df=None): mainline label will be generated from kline with configured horizon (normal path, not an error)
02:00:10 [WARNING] IC full-sample fallback triggered: reason=rolling_warmup_insufficient train_rows=1600 test_rows=395 min_test_rows=1517 fit_mode=full_sample
02:00:10 [INFO] Read 20352 klines from BTCUSDT/1h in 0.007s
02:00:10 [INFO] Data preprocessing complete: columns=15 fit_mode=full_sample oos_guarantees=False
02:00:10 [INFO] Read 20352 klines from BTCUSDT/1h in 0.008s
02:00:10 [WARNING] No preloaded label file (labels_df=None): mainline label will be generated from kline with configured horizon (normal path, not an error)
02:00:11 [INFO] IC autocorr persistent: count=15
02:00:11 [INFO] Read 20352 klines from BTCUSDT/1h in 0.007s
02:00:12 [INFO] Decay: 15/15 fit warnings summarized (insufficient_points=15)
02:00:12 [WARNING] No preloaded label file (labels_df=None): mainline label will be generated from kline with configured horizon (normal path, not an error)
02:01:06 [INFO] IC stage6b marginal_ic: status=not_applicable reason=no_survivors survivors=0 removed=0 n_regressions=0 fit_scope=full_sample
02:01:06 [INFO] IC report saved: /var/folders/_c/3xdf41hd3tvgxpx63mrml2c00000gn/T/ichc_b4_sidefx_ni4s4ksc/reports/ic_report_ic_gatekeeper.json
02:01:06 [INFO] IC survivor output saved: /var/folders/_c/3xdf41hd3tvgxpx63mrml2c00000gn/T/ichc_b4_sidefx_ni4s4ksc/reports/ic_survivors_ic_gatekeeper.json
02:01:06 [INFO] IC report saved: /var/folders/_c/3xdf41hd3tvgxpx63mrml2c00000gn/T/ichc_b4_sidefx_ni4s4ksc/reports/ic_report_ic_gatekeeper.json
PASSED                                                                   [ 33%]
tests/api/test_tfwindow.py::test_engine_rejects_semantic_invalid_timeframes 
-------------------------------- live log call ---------------------------------
02:01:06 [WARNING] Invalid timeframe for rolling windows: 0h
02:01:06 [WARNING] Invalid timeframe for rolling windows: -1h
02:01:06 [WARNING] Invalid timeframe for rolling windows: infh
02:01:06 [WARNING] Invalid timeframe for rolling windows: nanh
02:01:06 [WARNING] Invalid timeframe for rolling windows: 0d
02:01:06 [WARNING] Invalid reference_tf for rolling windows: bad
02:01:06 [WARNING] Invalid reference_tf for rolling windows: 0h
PASSED                                                                   [ 66%]
tests/api/test_tfwindow.py::test_config_override_reference_tf_reaches_engine 
-------------------------------- live log call ---------------------------------
02:01:06 [INFO] IC config loaded
02:01:06 [INFO] KlineStorageManager initialized: data_cache/feature_klines/kline_cache.h5
02:01:06 [INFO] Read 1696 klines from ETHUSDT/12h in 0.004s
02:01:06 [WARNING] No preloaded label file (labels_df=None): mainline label will be generated from kline with configured horizon (normal path, not an error)
02:01:06 [WARNING] No preloaded label file (labels_df=None): mainline label will be generated from kline with configured horizon (normal path, not an error)
02:01:06 [INFO] Data preprocessing complete: columns=14 fit_mode=train_mask oos_guarantees=True
02:01:06 [INFO] Read 1696 klines from ETHUSDT/12h in 0.002s
02:01:06 [WARNING] No preloaded label file (labels_df=None): mainline label will be generated from kline with configured horizon (normal path, not an error)
02:01:06 [INFO] Read 1696 klines from ETHUSDT/12h in 0.003s
02:01:06 [INFO] Decay: 4/14 fit warnings summarized (low_r2=4)
02:01:13 [INFO] IC stage6b marginal_ic: status=not_applicable reason=no_survivors survivors=0 removed=0 n_regressions=0 fit_scope=train
02:01:13 [INFO] IC report saved: /var/folders/_c/3xdf41hd3tvgxpx63mrml2c00000gn/T/ichc_b4_sidefx_4vzei70y/reports/ic_report_ic_gatekeeper.json
02:01:13 [INFO] IC survivor output saved: /var/folders/_c/3xdf41hd3tvgxpx63mrml2c00000gn/T/ichc_b4_sidefx_4vzei70y/reports/ic_survivors_ic_gatekeeper.json
02:01:13 [INFO] IC report saved: /var/folders/_c/3xdf41hd3tvgxpx63mrml2c00000gn/T/ichc_b4_sidefx_4vzei70y/reports/ic_report_ic_gatekeeper.json
PASSED                                                                   [100%]

================== 3 passed, 6 deselected in 63.69s (0:01:03) ==================
