============================= test session starts ==============================
platform darwin -- Python 3.9.6, pytest-8.4.2, pluggy-1.6.0
rootdir: /Users/louis/Desktop/quantitative_trading_system
configfile: pytest.ini
plugins: asyncio-1.2.0, anyio-4.10.0, cov-7.0.0
asyncio: mode=strict, debug=False, asyncio_default_fixture_loop_scope=None, asyncio_default_test_loop_scope=function

----------------------------- live log collection ------------------------------
01:55:27 [INFO] Loaded feature registry with 15 entries
collected 40 items

tests/api/test_tfwindow.py::test_engine_set_timeframe_adjusts_windows_and_discloses 
-------------------------------- live log call ---------------------------------
01:55:27 [WARNING] Invalid timeframe for rolling windows: bad
PASSED                                                                   [  2%]
tests/api/test_tfwindow.py::test_12h_fixture_windows_unchanged_and_applied 
-------------------------------- live log call ---------------------------------
01:55:27 [INFO] IC config loaded
01:55:27 [INFO] KlineStorageManager initialized: data_cache/feature_klines/kline_cache.h5
01:55:27 [INFO] Read 1696 klines from ETHUSDT/12h in 0.006s
01:55:27 [WARNING] No preloaded label file (labels_df=None): mainline label will be generated from kline with configured horizon (normal path, not an error)
01:55:27 [WARNING] No preloaded label file (labels_df=None): mainline label will be generated from kline with configured horizon (normal path, not an error)
01:55:27 [INFO] Data preprocessing complete: columns=14 fit_mode=train_mask oos_guarantees=True
01:55:27 [INFO] Read 1696 klines from ETHUSDT/12h in 0.003s
01:55:27 [WARNING] No preloaded label file (labels_df=None): mainline label will be generated from kline with configured horizon (normal path, not an error)
01:55:28 [INFO] IC autocorr persistent: count=14
01:55:28 [INFO] Read 1696 klines from ETHUSDT/12h in 0.003s
01:55:28 [INFO] Decay: 4/14 fit warnings summarized (low_r2=4)
01:55:34 [INFO] Redundancy filter completed: method=greedy input=2 output=2
01:55:37 [INFO] IC stage6b marginal_ic: status=ok reason=None survivors=2 removed=0 n_regressions=4 fit_scope=train
01:55:37 [INFO] Filtered features saved: /var/folders/_c/3xdf41hd3tvgxpx63mrml2c00000gn/T/ichc_b4_sidefx_uueib129/features/ETHUSDT_12h_filtered.h5
01:55:37 [INFO] IC report saved: /var/folders/_c/3xdf41hd3tvgxpx63mrml2c00000gn/T/ichc_b4_sidefx_uueib129/reports/ic_report_ic_gatekeeper.json
01:55:37 [INFO] IC survivor output saved: /var/folders/_c/3xdf41hd3tvgxpx63mrml2c00000gn/T/ichc_b4_sidefx_uueib129/reports/ic_survivors_ic_gatekeeper.json
01:55:37 [INFO] IC report saved: /var/folders/_c/3xdf41hd3tvgxpx63mrml2c00000gn/T/ichc_b4_sidefx_uueib129/reports/ic_report_ic_gatekeeper.json
PASSED                                                                   [  5%]
tests/api/test_tfwindow.py::test_1h_fixture_window_keys_scaled_by_12 
-------------------------------- live log setup --------------------------------
01:55:37 [INFO] IC config loaded
01:55:37 [INFO] KlineStorageManager initialized: data_cache/feature_klines/kline_cache.h5
01:55:37 [INFO] Read 20352 klines from BTCUSDT/1h in 0.008s
01:55:37 [WARNING] No preloaded label file (labels_df=None): mainline label will be generated from kline with configured horizon (normal path, not an error)
01:55:37 [WARNING] No preloaded label file (labels_df=None): mainline label will be generated from kline with configured horizon (normal path, not an error)
01:55:37 [WARNING] IC full-sample fallback triggered: reason=rolling_warmup_insufficient train_rows=1600 test_rows=395 min_test_rows=1517 fit_mode=full_sample
01:55:37 [INFO] Read 20352 klines from BTCUSDT/1h in 0.006s
01:55:37 [INFO] Data preprocessing complete: columns=15 fit_mode=full_sample oos_guarantees=False
01:55:37 [INFO] Read 20352 klines from BTCUSDT/1h in 0.006s
01:55:37 [WARNING] No preloaded label file (labels_df=None): mainline label will be generated from kline with configured horizon (normal path, not an error)
01:55:38 [INFO] IC autocorr persistent: count=15
01:55:38 [INFO] Read 20352 klines from BTCUSDT/1h in 0.012s
01:55:39 [INFO] Decay: 15/15 fit warnings summarized (insufficient_points=15)
01:55:39 [WARNING] No preloaded label file (labels_df=None): mainline label will be generated from kline with configured horizon (normal path, not an error)
01:56:34 [INFO] IC stage6b marginal_ic: status=not_applicable reason=no_survivors survivors=0 removed=0 n_regressions=0 fit_scope=full_sample
01:56:34 [INFO] IC report saved: /var/folders/_c/3xdf41hd3tvgxpx63mrml2c00000gn/T/ichc_b4_sidefx_4kwqqnyy/reports/ic_report_ic_gatekeeper.json
01:56:34 [INFO] IC survivor output saved: /var/folders/_c/3xdf41hd3tvgxpx63mrml2c00000gn/T/ichc_b4_sidefx_4kwqqnyy/reports/ic_survivors_ic_gatekeeper.json
01:56:34 [INFO] IC report saved: /var/folders/_c/3xdf41hd3tvgxpx63mrml2c00000gn/T/ichc_b4_sidefx_4kwqqnyy/reports/ic_report_ic_gatekeeper.json
PASSED                                                                   [  7%]
tests/api/test_tfwindow.py::test_1h_golden_rolling_keys_values PASSED    [ 10%]
tests/api/test_tfwindow.py::test_missing_timeframe_fails_closed_before_stage4 
-------------------------------- live log call ---------------------------------
01:56:34 [INFO] IC config loaded
01:56:34 [INFO] KlineStorageManager initialized: data_cache/feature_klines/kline_cache.h5
PASSED                                                                   [ 12%]
tests/api/test_tfwindow.py::test_invalid_timeframe_fails_closed_before_stage4 
-------------------------------- live log call ---------------------------------
01:56:34 [INFO] IC config loaded
01:56:34 [INFO] KlineStorageManager initialized: data_cache/feature_klines/kline_cache.h5
01:56:34 [WARNING] Dataset BTCUSDT/bad not available in storage or legacy cache
01:56:34 [WARNING] Invalid timeframe for rolling windows: bad
PASSED                                                                   [ 15%]
tests/api/test_tfwindow.py::test_1h_golden_locks_fallback_and_features PASSED [ 17%]
tests/api/test_tfwindow.py::test_engine_rejects_semantic_invalid_timeframes 
-------------------------------- live log call ---------------------------------
01:56:34 [WARNING] Invalid timeframe for rolling windows: 0h
01:56:34 [WARNING] Invalid timeframe for rolling windows: -1h
01:56:34 [WARNING] Invalid timeframe for rolling windows: infh
01:56:34 [WARNING] Invalid timeframe for rolling windows: nanh
01:56:34 [WARNING] Invalid timeframe for rolling windows: 0d
01:56:34 [WARNING] Invalid reference_tf for rolling windows: bad
01:56:34 [WARNING] Invalid reference_tf for rolling windows: 0h
PASSED                                                                   [ 20%]
tests/api/test_tfwindow.py::test_config_override_reference_tf_reaches_engine 
-------------------------------- live log call ---------------------------------
01:56:34 [INFO] IC config loaded
01:56:34 [INFO] KlineStorageManager initialized: data_cache/feature_klines/kline_cache.h5
01:56:34 [INFO] Read 1696 klines from ETHUSDT/12h in 0.003s
01:56:34 [WARNING] No preloaded label file (labels_df=None): mainline label will be generated from kline with configured horizon (normal path, not an error)
01:56:34 [WARNING] No preloaded label file (labels_df=None): mainline label will be generated from kline with configured horizon (normal path, not an error)
01:56:34 [INFO] Data preprocessing complete: columns=14 fit_mode=train_mask oos_guarantees=True
01:56:34 [INFO] Read 1696 klines from ETHUSDT/12h in 0.002s
01:56:34 [WARNING] No preloaded label file (labels_df=None): mainline label will be generated from kline with configured horizon (normal path, not an error)
01:56:34 [INFO] Read 1696 klines from ETHUSDT/12h in 0.002s
01:56:34 [INFO] Decay: 4/14 fit warnings summarized (low_r2=4)
01:56:40 [INFO] IC stage6b marginal_ic: status=not_applicable reason=no_survivors survivors=0 removed=0 n_regressions=0 fit_scope=train
01:56:40 [INFO] IC report saved: /var/folders/_c/3xdf41hd3tvgxpx63mrml2c00000gn/T/ichc_b4_sidefx_s6bjnzz9/reports/ic_report_ic_gatekeeper.json
01:56:40 [INFO] IC survivor output saved: /var/folders/_c/3xdf41hd3tvgxpx63mrml2c00000gn/T/ichc_b4_sidefx_s6bjnzz9/reports/ic_survivors_ic_gatekeeper.json
01:56:40 [INFO] IC report saved: /var/folders/_c/3xdf41hd3tvgxpx63mrml2c00000gn/T/ichc_b4_sidefx_s6bjnzz9/reports/ic_report_ic_gatekeeper.json
FAILED                                                                   [ 22%]
tests/api/test_evtwarmup.py::test_precheck_predicates_two_stage 
-------------------------------- live log call ---------------------------------
01:56:40 [INFO] IC config loaded
01:56:41 [INFO] IC config loaded
PASSED                                                                   [ 25%]
tests/api/test_evtwarmup.py::test_precheck_event_conditional_skips_bar_warmup_but_global_keeps_it 
-------------------------------- live log call ---------------------------------
01:56:41 [INFO] IC config loaded
PASSED                                                                   [ 27%]
tests/api/test_evtwarmup.py::test_precheck_mainline_keeps_bar_rows_even_with_timestamps 
-------------------------------- live log call ---------------------------------
01:56:41 [INFO] IC config loaded
PASSED                                                                   [ 30%]
tests/api/test_evtwarmup.py::test_refilter_uses_same_scores_helper_as_analyze 
-------------------------------- live log call ---------------------------------
01:56:41 [INFO] IC config loaded
PASSED                                                                   [ 32%]
tests/api/test_evtwarmup.py::test_min_test_events_floor_keeps_holdout_and_flags_reason 
-------------------------------- live log setup --------------------------------
01:56:41 [INFO] IC config loaded
01:56:41 [INFO] KlineStorageManager initialized: data_cache/feature_klines/kline_cache.h5
01:56:41 [INFO] Read 1696 klines from ETHUSDT/12h in 0.003s
01:56:41 [WARNING] No preloaded label file (labels_df=None): mainline label will be generated from kline with configured horizon (normal path, not an error)
01:56:41 [WARNING] No preloaded label file (labels_df=None): mainline label will be generated from kline with configured horizon (normal path, not an error)
01:56:41 [INFO] Data preprocessing complete: columns=14 fit_mode=train_mask oos_guarantees=True
01:56:41 [INFO] Read 1696 klines from ETHUSDT/12h in 0.002s
01:56:41 [WARNING] No preloaded label file (labels_df=None): mainline label will be generated from kline with configured horizon (normal path, not an error)
01:56:41 [INFO] Read 1696 klines from ETHUSDT/12h in 0.002s
01:56:41 [WARNING] IC holdout kept but test-segment events insufficient: test_events=13 min_test_events=30 (oos_guarantees=false; no full-sample rerun)
01:56:41 [INFO] IC autocorr persistent: count=11
01:56:41 [INFO] Read 1696 klines from ETHUSDT/12h in 0.002s
01:56:41 [INFO] Decay: 12/14 fit warnings summarized (low_r2=12)
01:56:41 [INFO] IC stage6b marginal_ic: status=not_applicable reason=no_survivors survivors=0 removed=0 n_regressions=0 fit_scope=train
01:56:41 [INFO] IC report saved: /var/folders/_c/3xdf41hd3tvgxpx63mrml2c00000gn/T/ichc_b4_sidefx_ef9pk26i/reports/ic_report_ic_gatekeeper.json
01:56:41 [INFO] IC survivor output saved: /var/folders/_c/3xdf41hd3tvgxpx63mrml2c00000gn/T/ichc_b4_sidefx_ef9pk26i/reports/ic_survivors_ic_gatekeeper.json
01:56:41 [INFO] IC report saved: /var/folders/_c/3xdf41hd3tvgxpx63mrml2c00000gn/T/ichc_b4_sidefx_ef9pk26i/reports/ic_report_ic_gatekeeper.json
PASSED                                                                   [ 35%]
tests/api/test_evtwarmup.py::test_min_test_events_floor_disabled_gives_oos 
-------------------------------- live log call ---------------------------------
01:56:41 [INFO] IC config loaded
01:56:41 [INFO] KlineStorageManager initialized: data_cache/feature_klines/kline_cache.h5
01:56:41 [INFO] Read 1696 klines from ETHUSDT/12h in 0.002s
01:56:41 [WARNING] No preloaded label file (labels_df=None): mainline label will be generated from kline with configured horizon (normal path, not an error)
01:56:41 [WARNING] No preloaded label file (labels_df=None): mainline label will be generated from kline with configured horizon (normal path, not an error)
01:56:41 [INFO] Data preprocessing complete: columns=14 fit_mode=train_mask oos_guarantees=True
01:56:41 [INFO] Read 1696 klines from ETHUSDT/12h in 0.002s
01:56:41 [WARNING] No preloaded label file (labels_df=None): mainline label will be generated from kline with configured horizon (normal path, not an error)
01:56:41 [INFO] Read 1696 klines from ETHUSDT/12h in 0.002s
01:56:41 [INFO] IC autocorr persistent: count=11
01:56:41 [INFO] Read 1696 klines from ETHUSDT/12h in 0.002s
01:56:41 [INFO] Decay: 12/14 fit warnings summarized (low_r2=12)
01:56:41 [INFO] IC stage6b marginal_ic: status=not_applicable reason=no_survivors survivors=0 removed=0 n_regressions=0 fit_scope=train
01:56:41 [INFO] IC report saved: /var/folders/_c/3xdf41hd3tvgxpx63mrml2c00000gn/T/ichc_b4_sidefx_05dj2tfw/reports/ic_report_ic_gatekeeper.json
01:56:41 [INFO] IC survivor output saved: /var/folders/_c/3xdf41hd3tvgxpx63mrml2c00000gn/T/ichc_b4_sidefx_05dj2tfw/reports/ic_survivors_ic_gatekeeper.json
01:56:41 [INFO] IC report saved: /var/folders/_c/3xdf41hd3tvgxpx63mrml2c00000gn/T/ichc_b4_sidefx_05dj2tfw/reports/ic_report_ic_gatekeeper.json
PASSED                                                                   [ 37%]
tests/api/test_evtwarmup.py::test_event_path_without_split_still_discloses_window_and_icir_role 
-------------------------------- live log call ---------------------------------
01:56:41 [INFO] IC config loaded
01:56:41 [INFO] KlineStorageManager initialized: data_cache/feature_klines/kline_cache.h5
01:56:41 [INFO] Read 1696 klines from ETHUSDT/12h in 0.002s
01:56:41 [INFO] Data preprocessing complete: columns=14 fit_mode=pit_expanding oos_guarantees=True
01:56:41 [INFO] Read 1696 klines from ETHUSDT/12h in 0.002s
01:56:41 [WARNING] No preloaded label file (labels_df=None): mainline label will be generated from kline with configured horizon (normal path, not an error)
01:56:41 [INFO] Read 1696 klines from ETHUSDT/12h in 0.002s
01:56:41 [INFO] Read 1696 klines from ETHUSDT/12h in 0.002s
01:56:41 [INFO] Decay: 14/14 fit warnings summarized (insufficient_points=14)
01:56:41 [WARNING] No preloaded label file (labels_df=None): mainline label will be generated from kline with configured horizon (normal path, not an error)
01:56:41 [INFO] IC report saved: /var/folders/_c/3xdf41hd3tvgxpx63mrml2c00000gn/T/ichc_b4_sidefx_6adoki_7/reports/ic_report_ic_gatekeeper.json
01:56:41 [INFO] IC survivor output saved: /var/folders/_c/3xdf41hd3tvgxpx63mrml2c00000gn/T/ichc_b4_sidefx_6adoki_7/reports/ic_survivors_ic_gatekeeper.json
01:56:41 [INFO] IC report saved: /var/folders/_c/3xdf41hd3tvgxpx63mrml2c00000gn/T/ichc_b4_sidefx_6adoki_7/reports/ic_report_ic_gatekeeper.json
PASSED                                                                   [ 40%]
tests/api/test_evtwarmup.py::test_abandoned_conditional_path_is_not_flagged_insufficient_test_events 
-------------------------------- live log call ---------------------------------
01:56:41 [INFO] IC config loaded
01:56:41 [INFO] KlineStorageManager initialized: data_cache/feature_klines/kline_cache.h5
01:56:41 [INFO] Read 1696 klines from ETHUSDT/12h in 0.002s
01:56:41 [WARNING] No preloaded label file (labels_df=None): mainline label will be generated from kline with configured horizon (normal path, not an error)
01:56:41 [WARNING] No preloaded label file (labels_df=None): mainline label will be generated from kline with configured horizon (normal path, not an error)
01:56:41 [INFO] Data preprocessing complete: columns=14 fit_mode=train_mask oos_guarantees=True
01:56:41 [INFO] Read 1696 klines from ETHUSDT/12h in 0.002s
01:56:41 [WARNING] No preloaded label file (labels_df=None): mainline label will be generated from kline with configured horizon (normal path, not an error)
01:56:41 [INFO] Read 1696 klines from ETHUSDT/12h in 0.002s
01:56:41 [WARNING] Insufficient events: n=20
01:56:42 [INFO] IC autocorr persistent: count=14
01:56:42 [INFO] Read 1696 klines from ETHUSDT/12h in 0.002s
01:56:42 [INFO] Decay: 4/14 fit warnings summarized (low_r2=4)
01:56:48 [INFO] Redundancy filter completed: method=greedy input=2 output=2
01:56:51 [INFO] IC stage6b marginal_ic: status=ok reason=None survivors=2 removed=0 n_regressions=4 fit_scope=train
01:56:51 [INFO] Filtered features saved: /var/folders/_c/3xdf41hd3tvgxpx63mrml2c00000gn/T/ichc_b4_sidefx_x3fbtp56/features/ETHUSDT_12h_filtered.h5
01:56:51 [INFO] IC report saved: /var/folders/_c/3xdf41hd3tvgxpx63mrml2c00000gn/T/ichc_b4_sidefx_x3fbtp56/reports/ic_report_ic_gatekeeper.json
01:56:51 [INFO] IC survivor output saved: /var/folders/_c/3xdf41hd3tvgxpx63mrml2c00000gn/T/ichc_b4_sidefx_x3fbtp56/reports/ic_survivors_ic_gatekeeper.json
01:56:51 [INFO] IC report saved: /var/folders/_c/3xdf41hd3tvgxpx63mrml2c00000gn/T/ichc_b4_sidefx_x3fbtp56/reports/ic_report_ic_gatekeeper.json
PASSED                                                                   [ 42%]
tests/api/test_evtwarmup.py::test_icir_not_a_gate_on_event_path_but_still_gate_on_global 
-------------------------------- live log call ---------------------------------
01:56:51 [INFO] IC config loaded
PASSED                                                                   [ 45%]
tests/api/test_evtwarmup.py::test_finite_or_neg_inf_and_top_features_sort_none_safe 
-------------------------------- live log call ---------------------------------
01:56:51 [INFO] IC config loaded
01:56:51 [INFO] IC config loaded
PASSED                                                                   [ 47%]
tests/api/test_evtwarmup.py::test_serialization_entries_have_no_nan_literal 
-------------------------------- live log call ---------------------------------
01:56:51 [INFO] IC config loaded
01:56:51 [INFO] IC report saved: /private/var/folders/_c/3xdf41hd3tvgxpx63mrml2c00000gn/T/pytest-of-louis/pytest-751/test_serialization_entries_hav0/ic_report_evtwarmup.json
PASSED                                                                   [ 50%]
tests/api/test_evtwarmup.py::test_sanitize_converts_nonfinite_icir_and_ic_mean_to_null 
-------------------------------- live log call ---------------------------------
01:56:51 [INFO] IC config loaded
PASSED                                                                   [ 52%]
tests/api/test_evtwarmup.py::test_global_run_unchanged_vs_golden 
-------------------------------- live log call ---------------------------------
01:56:51 [INFO] IC config loaded
01:56:51 [INFO] KlineStorageManager initialized: data_cache/feature_klines/kline_cache.h5
01:56:51 [INFO] Read 1696 klines from ETHUSDT/12h in 0.003s
01:56:51 [WARNING] No preloaded label file (labels_df=None): mainline label will be generated from kline with configured horizon (normal path, not an error)
01:56:51 [WARNING] No preloaded label file (labels_df=None): mainline label will be generated from kline with configured horizon (normal path, not an error)
01:56:51 [INFO] Data preprocessing complete: columns=14 fit_mode=train_mask oos_guarantees=True
01:56:51 [INFO] Read 1696 klines from ETHUSDT/12h in 0.002s
01:56:51 [WARNING] No preloaded label file (labels_df=None): mainline label will be generated from kline with configured horizon (normal path, not an error)
01:56:51 [INFO] IC autocorr persistent: count=14
01:56:51 [INFO] Read 1696 klines from ETHUSDT/12h in 0.003s
01:56:51 [INFO] Decay: 4/14 fit warnings summarized (low_r2=4)
01:56:57 [INFO] Redundancy filter completed: method=greedy input=2 output=2
01:57:00 [INFO] IC stage6b marginal_ic: status=ok reason=None survivors=2 removed=0 n_regressions=4 fit_scope=train
01:57:00 [INFO] Filtered features saved: /var/folders/_c/3xdf41hd3tvgxpx63mrml2c00000gn/T/ichc_b4_sidefx_22uqyufo/features/ETHUSDT_12h_filtered.h5
01:57:01 [INFO] IC report saved: /var/folders/_c/3xdf41hd3tvgxpx63mrml2c00000gn/T/ichc_b4_sidefx_22uqyufo/reports/ic_report_ic_gatekeeper.json
01:57:01 [INFO] IC survivor output saved: /var/folders/_c/3xdf41hd3tvgxpx63mrml2c00000gn/T/ichc_b4_sidefx_22uqyufo/reports/ic_survivors_ic_gatekeeper.json
01:57:01 [INFO] IC report saved: /var/folders/_c/3xdf41hd3tvgxpx63mrml2c00000gn/T/ichc_b4_sidefx_22uqyufo/reports/ic_report_ic_gatekeeper.json
PASSED                                                                   [ 55%]
tests/momentum/Analysis/test_gap2_golden.py::test_g1_golden_unchanged 
-------------------------------- live log setup --------------------------------
01:57:01 [INFO] IC config loaded
01:57:01 [INFO] KlineStorageManager initialized: data_cache/feature_klines/kline_cache.h5
01:57:01 [INFO] Read 1696 klines from ETHUSDT/12h in 0.003s
01:57:01 [WARNING] No preloaded label file (labels_df=None): mainline label will be generated from kline with configured horizon (normal path, not an error)
01:57:01 [WARNING] No preloaded label file (labels_df=None): mainline label will be generated from kline with configured horizon (normal path, not an error)
01:57:01 [INFO] Data preprocessing complete: columns=14 fit_mode=train_mask oos_guarantees=True
01:57:01 [INFO] Read 1696 klines from ETHUSDT/12h in 0.002s
01:57:01 [WARNING] No preloaded label file (labels_df=None): mainline label will be generated from kline with configured horizon (normal path, not an error)
01:57:01 [INFO] IC autocorr persistent: count=14
01:57:01 [INFO] Read 1696 klines from ETHUSDT/12h in 0.002s
01:57:01 [INFO] Decay: 4/14 fit warnings summarized (low_r2=4)
01:57:07 [INFO] Redundancy filter completed: method=greedy input=2 output=2
01:57:10 [INFO] IC stage6b marginal_ic: status=ok reason=None survivors=2 removed=0 n_regressions=4 fit_scope=train
01:57:10 [INFO] Filtered features saved: /var/folders/_c/3xdf41hd3tvgxpx63mrml2c00000gn/T/gap2_golden_a__bzlh1xs/features/ETHUSDT_12h_filtered.h5
01:57:10 [INFO] IC report saved: /var/folders/_c/3xdf41hd3tvgxpx63mrml2c00000gn/T/gap2_golden_a__bzlh1xs/reports/ic_report_ic_gatekeeper.json
01:57:10 [INFO] IC survivor output saved: /var/folders/_c/3xdf41hd3tvgxpx63mrml2c00000gn/T/gap2_golden_a__bzlh1xs/reports/ic_survivors_ic_gatekeeper.json
01:57:10 [INFO] IC report saved: /var/folders/_c/3xdf41hd3tvgxpx63mrml2c00000gn/T/gap2_golden_a__bzlh1xs/reports/ic_report_ic_gatekeeper.json
01:57:10 [INFO] IC config loaded
01:57:10 [INFO] KlineStorageManager initialized: data_cache/feature_klines/kline_cache.h5
01:57:10 [INFO] Read 1696 klines from ETHUSDT/12h in 0.003s
01:57:10 [WARNING] No preloaded label file (labels_df=None): mainline label will be generated from kline with configured horizon (normal path, not an error)
01:57:10 [WARNING] No preloaded label file (labels_df=None): mainline label will be generated from kline with configured horizon (normal path, not an error)
01:57:10 [INFO] Data preprocessing complete: columns=14 fit_mode=train_mask oos_guarantees=True
01:57:10 [INFO] Read 1696 klines from ETHUSDT/12h in 0.002s
01:57:10 [WARNING] No preloaded label file (labels_df=None): mainline label will be generated from kline with configured horizon (normal path, not an error)
01:57:10 [INFO] IC autocorr persistent: count=14
01:57:10 [INFO] Read 1696 klines from ETHUSDT/12h in 0.002s
01:57:10 [INFO] Decay: 4/14 fit warnings summarized (low_r2=4)
01:57:17 [INFO] Redundancy filter completed: method=greedy input=2 output=2
01:57:20 [INFO] IC stage6b marginal_ic: status=ok reason=None survivors=2 removed=0 n_regressions=4 fit_scope=train
01:57:20 [INFO] Filtered features saved: /var/folders/_c/3xdf41hd3tvgxpx63mrml2c00000gn/T/gap2_golden_b_94ndj359/features/ETHUSDT_12h_filtered.h5
01:57:20 [INFO] IC report saved: /var/folders/_c/3xdf41hd3tvgxpx63mrml2c00000gn/T/gap2_golden_b_94ndj359/reports/ic_report_ic_gatekeeper.json
01:57:20 [INFO] IC survivor output saved: /var/folders/_c/3xdf41hd3tvgxpx63mrml2c00000gn/T/gap2_golden_b_94ndj359/reports/ic_survivors_ic_gatekeeper.json
01:57:20 [INFO] IC report saved: /var/folders/_c/3xdf41hd3tvgxpx63mrml2c00000gn/T/gap2_golden_b_94ndj359/reports/ic_report_ic_gatekeeper.json
PASSED                                                                   [ 57%]
tests/momentum/Analysis/test_gap2_golden.py::test_g2_section_and_survivor_file_deterministic PASSED [ 60%]
tests/momentum/Analysis/test_gap2_golden.py::test_budget_bench_receipt PASSED [ 62%]
tests/momentum/Analysis/test_gap2_golden.py::test_mutation_scrub_extra_key_breaks_canonical_sha PASSED [ 65%]
tests/momentum/Analysis/test_gap2_golden.py::test_mutation_counter_without_fit_call_breaks_spy PASSED [ 67%]
tests/momentum/Analysis/test_ic_1a_cut1_oos.py::test_oos_ic_rolling_warmup 
-------------------------------- live log call ---------------------------------
01:59:32 [WARNING] No preloaded label file (labels_df=None): mainline label will be generated from kline with configured horizon (normal path, not an error)
01:59:32 [INFO] IC autocorr persistent: count=1
PASSED                                                                   [ 70%]
tests/momentum/Analysis/test_ic_1a_cut1_oos.py::test_min_test_rows_skipped 
-------------------------------- live log call ---------------------------------
01:59:32 [WARNING] No preloaded label file (labels_df=None): mainline label will be generated from kline with configured horizon (normal path, not an error)
PASSED                                                                   [ 72%]
tests/momentum/Analysis/test_ic_1a_cut1_oos.py::test_summary_and_threshold_same_scope 
-------------------------------- live log call ---------------------------------
01:59:32 [WARNING] No preloaded label file (labels_df=None): mainline label will be generated from kline with configured horizon (normal path, not an error)
PASSED                                                                   [ 75%]
tests/momentum/Analysis/test_ic_1a_cut1_oos.py::test_stage5_metrics_all_oos 
-------------------------------- live log call ---------------------------------
01:59:32 [WARNING] No preloaded label file (labels_df=None): mainline label will be generated from kline with configured horizon (normal path, not an error)
PASSED                                                                   [ 77%]
tests/momentum/Analysis/test_ic_1a_cut1_oos.py::test_decay_redundancy_scope_test 
-------------------------------- live log call ---------------------------------
01:59:32 [WARNING] No preloaded label file (labels_df=None): mainline label will be generated from kline with configured horizon (normal path, not an error)
01:59:32 [INFO] Redundancy filter completed: method=greedy input=1 output=1
PASSED                                                                   [ 80%]
tests/momentum/Analysis/test_ic_1a_cut1_oos.py::test_purge_label_mutation_does_not_change_test_rolling_ic 
-------------------------------- live log call ---------------------------------
01:59:32 [WARNING] No preloaded label file (labels_df=None): mainline label will be generated from kline with configured horizon (normal path, not an error)
01:59:32 [INFO] IC autocorr persistent: count=1
01:59:32 [INFO] IC autocorr persistent: count=1
PASSED                                                                   [ 82%]
tests/momentum/Analysis/test_ic_1a_cut1_oos.py::test_winsorize_type_branch_uses_train_slice_only 
-------------------------------- live log call ---------------------------------
01:59:32 [WARNING] No preloaded label file (labels_df=None): mainline label will be generated from kline with configured horizon (normal path, not an error)
01:59:32 [INFO] Data preprocessing complete: columns=1 fit_mode=train_mask oos_guarantees=True
01:59:32 [INFO] Data preprocessing complete: columns=1 fit_mode=train_mask oos_guarantees=True
PASSED                                                                   [ 85%]
tests/momentum/Analysis/test_ic_1a_cut1_oos.py::test_holdout_embargo_delays_test_start 
-------------------------------- live log call ---------------------------------
01:59:32 [WARNING] No preloaded label file (labels_df=None): mainline label will be generated from kline with configured horizon (normal path, not an error)
PASSED                                                                   [ 87%]
tests/momentum/Analysis/test_ic_1a_cut1_oos.py::test_flag_toggles_path 
-------------------------------- live log call ---------------------------------
01:59:32 [INFO] Data preprocessing complete: columns=2 fit_mode=pit_expanding oos_guarantees=True
01:59:32 [INFO] Resolved label horizon from labels_df column
01:59:32 [INFO] Resolved label horizon from labels_df column
01:59:32 [WARNING] IC full-sample fallback triggered: reason=rolling_warmup_insufficient train_rows=144 test_rows=31 min_test_rows=1517 fit_mode=full_sample
01:59:32 [INFO] Data preprocessing complete: columns=2 fit_mode=full_sample oos_guarantees=False
01:59:32 [INFO] IC stage6b marginal_ic: status=not_applicable reason=no_survivors survivors=0 removed=0 n_regressions=0 fit_scope=full_sample
FAILED                                                                   [ 90%]
tests/momentum/Analysis/test_ic_1a_cut1_oos.py::test_fallback_insufficient_data_marks_applied_false 
-------------------------------- live log setup --------------------------------
01:59:32 [INFO] KlineStorageManager initialized: /Users/louis/Desktop/quantitative_trading_system/data_cache/feature_klines/kline_cache.h5
01:59:32 [INFO] Registered adapter: crypto_spot
01:59:32 [INFO] Loaded feature registry with 15 entries
01:59:32 [INFO] CGSA stats (tier=8gb): sync_cap=200 q_sample=1500 warmup_workers=2
01:59:34 [INFO] Restored 15 persisted feature task(s) from disk
01:59:34 [INFO] 所有中間件已設置完成
01:59:34 [INFO] 異常處理器設置完成
01:59:34 [INFO] StandaloneSearchService initialized - momentum modules will be loaded on demand
01:59:34 [INFO] Loaded 60/60 cases from JSON
01:59:34 [INFO] Loaded 60 cases from /Users/louis/Desktop/quantitative_trading_system/data_cache/cases.json
01:59:34 [INFO] CaseStorageManager initialized (persistent=True, json_path=/Users/louis/Desktop/quantitative_trading_system/data_cache/cases.json, cases=60)
01:59:34 [INFO] Created global CaseStorageManager instance
01:59:34 [INFO] CaseImportService initialized
01:59:34 [INFO] Created global CaseImportService instance with shared storage
01:59:34 [INFO] KlineStorageManager initialized: /Users/louis/Desktop/quantitative_trading_system/data_cache/kline_cache.h5
01:59:34 [INFO] KlineDownloadService initialized
01:59:34 [INFO] Rate limiter initialized: 1000 req/min
01:59:34 [INFO] BinanceProvider initialized
01:59:34 [INFO] Registered provider: binance (rate_limit=1000/min)
01:59:34 [INFO] Registered BinanceProvider to KlineDownloadService
01:59:34 [INFO] BatchDownloadService initialized
01:59:34 [INFO] Created global BatchDownloadService instance with shared storage
01:59:34 [INFO] KlineStorageManager initialized: data_cache/kline_cache.h5
01:59:34 [INFO] KlineDownloadService initialized
01:59:34 [INFO] Rate limiter initialized: 1000 req/min
01:59:34 [INFO] BinanceProvider initialized
01:59:34 [INFO] Registered provider: binance (rate_limit=1000/min)
01:59:34 [INFO] KlineStorageManager initialized: data_cache/kline_cache.h5
01:59:34 [INFO] IndicatorEngine initialized
01:59:34 [INFO] ChartDataService initialized with IndicatorEngine
01:59:34 [INFO] OptimizationTaskService initialized
01:59:34 [INFO] Loaded feature registry with 15 entries
01:59:34 [INFO] Loaded feature registry with 15 entries
01:59:34 [INFO] Loaded feature registry with 15 entries
01:59:34 [INFO] Loaded feature registry with 15 entries
01:59:34 [INFO] WebSocketConnectionManager initialized
01:59:34 [INFO] All API routes registered successfully
-------------------------------- live log call ---------------------------------
01:59:34 [INFO] Resolved label horizon from labels_df column
01:59:34 [INFO] Resolved label horizon from labels_df column
01:59:34 [WARNING] IC full-sample fallback triggered: reason=insufficient_data train_rows=96 test_rows=19 min_test_rows=131 fit_mode=full_sample
01:59:34 [INFO] Data preprocessing complete: columns=2 fit_mode=full_sample oos_guarantees=False
01:59:34 [WARNING] No preloaded label file (labels_df=None): mainline label will be generated from kline with configured horizon (normal path, not an error)
01:59:34 [INFO] IC stage6b marginal_ic: status=not_applicable reason=no_survivors survivors=0 removed=0 n_regressions=0 fit_scope=full_sample
01:59:34 [INFO] IC report saved: /private/var/folders/_c/3xdf41hd3tvgxpx63mrml2c00000gn/T/pytest-of-louis/pytest-751/ic_redirect0/reports/ic_report_ic_gatekeeper.json
01:59:34 [INFO] IC survivor output saved: /private/var/folders/_c/3xdf41hd3tvgxpx63mrml2c00000gn/T/pytest-of-louis/pytest-751/ic_redirect0/reports/ic_survivors_ic_gatekeeper.json
01:59:34 [INFO] IC report saved: /private/var/folders/_c/3xdf41hd3tvgxpx63mrml2c00000gn/T/pytest-of-louis/pytest-751/ic_redirect0/reports/ic_report_ic_gatekeeper.json
PASSED                                                                   [ 92%]
tests/momentum/Analysis/test_ic_1a_cut1_oos.py::test_irregular_timestamps_still_fail_closed PASSED [ 95%]
tests/momentum/Analysis/test_ic_1a_cut1_oos.py::test_oos_applied_true_when_sufficient 
-------------------------------- live log call ---------------------------------
01:59:34 [INFO] Resolved label horizon from labels_df column
01:59:34 [INFO] Resolved label horizon from labels_df column
01:59:34 [INFO] Data preprocessing complete: columns=2 fit_mode=train_mask oos_guarantees=True
01:59:37 [INFO] IC autocorr persistent: count=2
01:59:43 [INFO] Redundancy filter completed: method=greedy input=2 output=2
01:59:48 [INFO] IC stage6b marginal_ic: status=ok reason=None survivors=2 removed=0 n_regressions=4 fit_scope=train
01:59:48 [INFO] Filtered features saved: /private/var/folders/_c/3xdf41hd3tvgxpx63mrml2c00000gn/T/pytest-of-louis/pytest-751/ic_redirect0/features/BTCUSDT_1h_filtered.h5
01:59:48 [INFO] IC report saved: /private/var/folders/_c/3xdf41hd3tvgxpx63mrml2c00000gn/T/pytest-of-louis/pytest-751/ic_redirect0/reports/ic_report_ic_gatekeeper.json
01:59:48 [INFO] IC survivor output saved: /private/var/folders/_c/3xdf41hd3tvgxpx63mrml2c00000gn/T/pytest-of-louis/pytest-751/ic_redirect0/reports/ic_survivors_ic_gatekeeper.json
01:59:48 [INFO] IC report saved: /private/var/folders/_c/3xdf41hd3tvgxpx63mrml2c00000gn/T/pytest-of-louis/pytest-751/ic_redirect0/reports/ic_report_ic_gatekeeper.json
PASSED                                                                   [ 97%]
tests/momentum/Analysis/test_ic_1a_cut1_oos.py::test_flag_via_config_override 
-------------------------------- live log call ---------------------------------
01:59:48 [INFO] Loaded feature registry with 15 entries
PASSED                                                                   [100%]

=================================== FAILURES ===================================
_______________ test_config_override_reference_tf_reaches_engine _______________
tests/api/test_tfwindow.py:151: in test_config_override_reference_tf_reaches_engine
    assert d["adjusted_windows"] == [2, 5, 11]
E   AssertionError: assert [2, 5, 10] == [2, 5, 11]
E     
E     At index 2 diff: 10 != 11
E     
E     Full diff:
E       [
E           2,
E           5,...
E     
E     ...Full output truncated (5 lines hidden), use '-vv' to show
----------------------------- Captured stderr call -----------------------------
[2026-09-09 01:56:34,510] INFO momentum.Analysis.ic_config_schema: IC config loaded
2026-09-09 01:56:34,510 - momentum.Analysis.ic_config_schema - INFO - IC config loaded
2026-09-09 01:56:34,510 - momentum.DataExtraction.kline_storage - INFO - KlineStorageManager initialized: data_cache/feature_klines/kline_cache.h5
2026-09-09 01:56:34,516 - momentum.DataExtraction.kline_storage - DEBUG - Continuity check passed for ETHUSDT/12h: 1696 bars are continuous
2026-09-09 01:56:34,516 - momentum.DataExtraction.kline_storage - INFO - Read 1696 klines from ETHUSDT/12h in 0.003s
[2026-09-09 01:56:34,517] WARNING momentum.Analysis.ic_filter_orchestrator: No preloaded label file (labels_df=None): mainline label will be generated from kline with configured horizon (normal path, not an error)
2026-09-09 01:56:34,517 - momentum.Analysis.ic_filter_orchestrator - WARNING - No preloaded label file (labels_df=None): mainline label will be generated from kline with configured horizon (normal path, not an error)
[2026-09-09 01:56:34,517] WARNING momentum.Analysis.ic_filter_orchestrator: No preloaded label file (labels_df=None): mainline label will be generated from kline with configured horizon (normal path, not an error)
2026-09-09 01:56:34,517 - momentum.Analysis.ic_filter_orchestrator - WARNING - No preloaded label file (labels_df=None): mainline label will be generated from kline with configured horizon (normal path, not an error)
[2026-09-09 01:56:34,539] INFO momentum.Analysis.data_preprocessor: Data preprocessing complete: columns=14 fit_mode=train_mask oos_guarantees=True
2026-09-09 01:56:34,539 - momentum.Analysis.data_preprocessor - INFO - Data preprocessing complete: columns=14 fit_mode=train_mask oos_guarantees=True
2026-09-09 01:56:34,542 - momentum.DataExtraction.kline_storage - DEBUG - Continuity check passed for ETHUSDT/12h: 1696 bars are continuous
2026-09-09 01:56:34,542 - momentum.DataExtraction.kline_storage - INFO - Read 1696 klines from ETHUSDT/12h in 0.002s
[2026-09-09 01:56:34,542] WARNING momentum.Analysis.ic_filter_orchestrator: No preloaded label file (labels_df=None): mainline label will be generated from kline with configured horizon (normal path, not an error)
2026-09-09 01:56:34,542 - momentum.Analysis.ic_filter_orchestrator - WARNING - No preloaded label file (labels_df=None): mainline label will be generated from kline with configured horizon (normal path, not an error)
2026-09-09 01:56:34,594 - momentum.DataExtraction.kline_storage - DEBUG - Continuity check passed for ETHUSDT/12h: 1696 bars are continuous
2026-09-09 01:56:34,594 - momentum.DataExtraction.kline_storage - INFO - Read 1696 klines from ETHUSDT/12h in 0.002s
[2026-09-09 01:56:34,718] INFO momentum.Analysis.ic_engine: Decay: 4/14 fit warnings summarized (low_r2=4)
2026-09-09 01:56:34,718 - momentum.Analysis.ic_engine - INFO - Decay: 4/14 fit warnings summarized (low_r2=4)
[2026-09-09 01:56:40,757] INFO momentum.Analysis.ic_filter_orchestrator: IC stage6b marginal_ic: status=not_applicable reason=no_survivors survivors=0 removed=0 n_regressions=0 fit_scope=train
2026-09-09 01:56:40,757 - momentum.Analysis.ic_filter_orchestrator - INFO - IC stage6b marginal_ic: status=not_applicable reason=no_survivors survivors=0 removed=0 n_regressions=0 fit_scope=train
[2026-09-09 01:56:40,802] INFO momentum.Analysis.ic_reporter: IC report saved: /var/folders/_c/3xdf41hd3tvgxpx63mrml2c00000gn/T/ichc_b4_sidefx_s6bjnzz9/reports/ic_report_ic_gatekeeper.json
2026-09-09 01:56:40,802 - momentum.Analysis.ic_reporter - INFO - IC report saved: /var/folders/_c/3xdf41hd3tvgxpx63mrml2c00000gn/T/ichc_b4_sidefx_s6bjnzz9/reports/ic_report_ic_gatekeeper.json
[2026-09-09 01:56:40,805] INFO momentum.Analysis.ic_reporter: IC survivor output saved: /var/folders/_c/3xdf41hd3tvgxpx63mrml2c00000gn/T/ichc_b4_sidefx_s6bjnzz9/reports/ic_survivors_ic_gatekeeper.json
2026-09-09 01:56:40,805 - momentum.Analysis.ic_reporter - INFO - IC survivor output saved: /var/folders/_c/3xdf41hd3tvgxpx63mrml2c00000gn/T/ichc_b4_sidefx_s6bjnzz9/reports/ic_survivors_ic_gatekeeper.json
[2026-09-09 01:56:40,847] INFO momentum.Analysis.ic_reporter: IC report saved: /var/folders/_c/3xdf41hd3tvgxpx63mrml2c00000gn/T/ichc_b4_sidefx_s6bjnzz9/reports/ic_report_ic_gatekeeper.json
2026-09-09 01:56:40,847 - momentum.Analysis.ic_reporter - INFO - IC report saved: /var/folders/_c/3xdf41hd3tvgxpx63mrml2c00000gn/T/ichc_b4_sidefx_s6bjnzz9/reports/ic_report_ic_gatekeeper.json
------------------------------ Captured log call -------------------------------
INFO     momentum.Analysis.ic_config_schema:ic_config_schema.py:502 IC config loaded
INFO     momentum.DataExtraction.kline_storage:kline_storage.py:256 KlineStorageManager initialized: data_cache/feature_klines/kline_cache.h5
DEBUG    momentum.DataExtraction.kline_storage:kline_storage.py:1046 Continuity check passed for ETHUSDT/12h: 1696 bars are continuous
INFO     momentum.DataExtraction.kline_storage:kline_storage.py:1118 Read 1696 klines from ETHUSDT/12h in 0.003s
WARNING  momentum.Analysis.ic_filter_orchestrator:ic_filter_orchestrator.py:412 No preloaded label file (labels_df=None): mainline label will be generated from kline with configured horizon (normal path, not an error)
WARNING  momentum.Analysis.ic_filter_orchestrator:ic_filter_orchestrator.py:412 No preloaded label file (labels_df=None): mainline label will be generated from kline with configured horizon (normal path, not an error)
INFO     momentum.Analysis.data_preprocessor:data_preprocessor.py:209 Data preprocessing complete: columns=14 fit_mode=train_mask oos_guarantees=True
DEBUG    momentum.DataExtraction.kline_storage:kline_storage.py:1046 Continuity check passed for ETHUSDT/12h: 1696 bars are continuous
INFO     momentum.DataExtraction.kline_storage:kline_storage.py:1118 Read 1696 klines from ETHUSDT/12h in 0.002s
WARNING  momentum.Analysis.ic_filter_orchestrator:ic_filter_orchestrator.py:412 No preloaded label file (labels_df=None): mainline label will be generated from kline with configured horizon (normal path, not an error)
DEBUG    momentum.DataExtraction.kline_storage:kline_storage.py:1046 Continuity check passed for ETHUSDT/12h: 1696 bars are continuous
INFO     momentum.DataExtraction.kline_storage:kline_storage.py:1118 Read 1696 klines from ETHUSDT/12h in 0.002s
INFO     momentum.Analysis.ic_engine:ic_engine.py:415 Decay: 4/14 fit warnings summarized (low_r2=4)
INFO     momentum.Analysis.ic_filter_orchestrator:ic_filter_orchestrator.py:4626 IC stage6b marginal_ic: status=not_applicable reason=no_survivors survivors=0 removed=0 n_regressions=0 fit_scope=train
INFO     momentum.Analysis.ic_reporter:ic_reporter.py:864 IC report saved: /var/folders/_c/3xdf41hd3tvgxpx63mrml2c00000gn/T/ichc_b4_sidefx_s6bjnzz9/reports/ic_report_ic_gatekeeper.json
INFO     momentum.Analysis.ic_reporter:ic_reporter.py:893 IC survivor output saved: /var/folders/_c/3xdf41hd3tvgxpx63mrml2c00000gn/T/ichc_b4_sidefx_s6bjnzz9/reports/ic_survivors_ic_gatekeeper.json
INFO     momentum.Analysis.ic_reporter:ic_reporter.py:864 IC report saved: /var/folders/_c/3xdf41hd3tvgxpx63mrml2c00000gn/T/ichc_b4_sidefx_s6bjnzz9/reports/ic_report_ic_gatekeeper.json
____________________________ test_flag_toggles_path ____________________________
tests/momentum/Analysis/test_ic_1a_cut1_oos.py:413: in test_flag_toggles_path
    assert on_report["metadata"]["ic_train_test_split"]["applied"] is True
E   assert False is True
----------------------------- Captured stderr call -----------------------------
[2026-09-09 01:59:32,507] INFO momentum.Analysis.data_preprocessor: Data preprocessing complete: columns=2 fit_mode=pit_expanding oos_guarantees=True
2026-09-09 01:59:32,507 - momentum.Analysis.data_preprocessor - INFO - Data preprocessing complete: columns=2 fit_mode=pit_expanding oos_guarantees=True
[2026-09-09 01:59:32,510] INFO momentum.Analysis.ic_filter_orchestrator: Resolved label horizon from labels_df column
2026-09-09 01:59:32,510 - momentum.Analysis.ic_filter_orchestrator - INFO - Resolved label horizon from labels_df column
[2026-09-09 01:59:32,510] INFO momentum.Analysis.ic_filter_orchestrator: Resolved label horizon from labels_df column
2026-09-09 01:59:32,510 - momentum.Analysis.ic_filter_orchestrator - INFO - Resolved label horizon from labels_df column
[2026-09-09 01:59:32,513] WARNING momentum.Analysis.ic_filter_orchestrator: IC full-sample fallback triggered: reason=rolling_warmup_insufficient train_rows=144 test_rows=31 min_test_rows=1517 fit_mode=full_sample
2026-09-09 01:59:32,513 - momentum.Analysis.ic_filter_orchestrator - WARNING - IC full-sample fallback triggered: reason=rolling_warmup_insufficient train_rows=144 test_rows=31 min_test_rows=1517 fit_mode=full_sample
[2026-09-09 01:59:32,524] INFO momentum.Analysis.data_preprocessor: Data preprocessing complete: columns=2 fit_mode=full_sample oos_guarantees=False
2026-09-09 01:59:32,524 - momentum.Analysis.data_preprocessor - INFO - Data preprocessing complete: columns=2 fit_mode=full_sample oos_guarantees=False
[2026-09-09 01:59:32,526] INFO momentum.Analysis.ic_filter_orchestrator: IC stage6b marginal_ic: status=not_applicable reason=no_survivors survivors=0 removed=0 n_regressions=0 fit_scope=full_sample
2026-09-09 01:59:32,526 - momentum.Analysis.ic_filter_orchestrator - INFO - IC stage6b marginal_ic: status=not_applicable reason=no_survivors survivors=0 removed=0 n_regressions=0 fit_scope=full_sample
------------------------------ Captured log call -------------------------------
INFO     momentum.Analysis.data_preprocessor:data_preprocessor.py:209 Data preprocessing complete: columns=2 fit_mode=pit_expanding oos_guarantees=True
INFO     momentum.Analysis.ic_filter_orchestrator:ic_filter_orchestrator.py:394 Resolved label horizon from labels_df column
INFO     momentum.Analysis.ic_filter_orchestrator:ic_filter_orchestrator.py:394 Resolved label horizon from labels_df column
WARNING  momentum.Analysis.ic_filter_orchestrator:ic_filter_orchestrator.py:1409 IC full-sample fallback triggered: reason=rolling_warmup_insufficient train_rows=144 test_rows=31 min_test_rows=1517 fit_mode=full_sample
INFO     momentum.Analysis.data_preprocessor:data_preprocessor.py:209 Data preprocessing complete: columns=2 fit_mode=full_sample oos_guarantees=False
INFO     momentum.Analysis.ic_filter_orchestrator:ic_filter_orchestrator.py:4626 IC stage6b marginal_ic: status=not_applicable reason=no_survivors survivors=0 removed=0 n_regressions=0 fit_scope=full_sample
=============================== warnings summary ===============================
tests/api/test_tfwindow.py::test_invalid_timeframe_fails_closed_before_stage4
  /Users/louis/Desktop/quantitative_trading_system/momentum/DataExtraction/kline_storage.py:411: DeprecationWarning: _import_from_legacy_cache() is deprecated and will be removed in a future release. Please migrate data access to kline_cache.h5 directly.
    imported = self._import_from_legacy_cache(symbol, timeframe)

tests/api/test_evtwarmup.py::test_event_path_without_split_still_discloses_window_and_icir_role
  /Users/louis/Desktop/quantitative_trading_system/venv/lib/python3.9/site-packages/numpy/lib/function_base.py:2889: RuntimeWarning: Degrees of freedom <= 0 for slice
    c = cov(x, y, rowvar, dtype=dtype)

tests/api/test_evtwarmup.py::test_event_path_without_split_still_discloses_window_and_icir_role
  /Users/louis/Desktop/quantitative_trading_system/venv/lib/python3.9/site-packages/numpy/lib/function_base.py:2748: RuntimeWarning: divide by zero encountered in divide
    c *= np.true_divide(1, fact)

tests/api/test_evtwarmup.py::test_event_path_without_split_still_discloses_window_and_icir_role
  /Users/louis/Desktop/quantitative_trading_system/venv/lib/python3.9/site-packages/numpy/lib/function_base.py:2748: RuntimeWarning: invalid value encountered in multiply
    c *= np.true_divide(1, fact)

-- Docs: https://docs.pytest.org/en/stable/how-to/capture-warnings.html
=========================== short test summary info ============================
FAILED tests/api/test_tfwindow.py::test_config_override_reference_tf_reaches_engine
FAILED tests/momentum/Analysis/test_ic_1a_cut1_oos.py::test_flag_toggles_path
============= 2 failed, 38 passed, 4 warnings in 260.60s (0:04:20) =============
